#
# There is insufficient memory for the Java Runtime Environment to continue.
# Native memory allocation (malloc) failed to allocate 801936 bytes for Chunk::new
# Possible reasons:
#   The system is out of physical RAM or swap space
#   The process is running with CompressedOops enabled, and the Java Heap may be blocking the growth of the native heap
# Possible solutions:
#   Reduce memory load on the system
#   Increase physical memory or swap space
#   Check if swap backing store is full
#   Decrease Java heap size (-Xmx/-Xms)
#   Decrease number of Java threads
#   Decrease Java thread stack sizes (-Xss)
#   Set larger code cache with -XX:ReservedCodeCacheSize=
#   JVM is running with Unscaled Compressed Oops mode in which the Java heap is
#     placed in the first 4GB address space. The Java Heap base address is the
#     maximum limit for the native heap growth. Please use -XX:HeapBaseMinAddress
#     to set the Java Heap base and to place the Java Heap above 4GB virtual address.
# This output file may be truncated or incomplete.
#
#  Out of Memory Error (./src/hotspot/share/memory/arena.cpp:197), pid=11720, tid=13248
#
# JRE version: OpenJDK Runtime Environment (11.0.10) (build 11.0.10+0-b96-7249189)
# Java VM: OpenJDK 64-Bit Server VM (11.0.10+0-b96-7249189, mixed mode, tiered, compressed oops, g1 gc, windows-amd64)
# No core dump will be written. Minidumps are not enabled by default on client versions of Windows
#

---------------  S U M M A R Y ------------

Command Line: --add-opens=java.base/java.util=ALL-UNNAMED --add-opens=java.base/java.lang=ALL-UNNAMED --add-opens=java.base/java.lang.invoke=ALL-UNNAMED --add-opens=java.prefs/java.util.prefs=ALL-UNNAMED -Xmx2048m -Dfile.encoding=UTF-8 -Duser.country=CN -Duser.language=zh -Duser.variant org.gradle.launcher.daemon.bootstrap.GradleDaemon 6.7.1

Host: Intel(R) Core(TM) i5-10500 CPU @ 3.10GHz, 12 cores, 7G,  Windows 10 , 64 bit Build 22000 (10.0.22000.120)
Time: Fri Nov 12 11:39:16 2021 中国标准时间 elapsed time: 1080.554789 seconds (0d 0h 18m 0s)

---------------  T H R E A D  ---------------

Current thread (0x0000020a337e1000):  JavaThread "C2 CompilerThread0" daemon [_thread_in_native, id=13248, stack(0x000000abfde00000,0x000000abfdf00000)]


Current CompileTask:
C2:1080554 20659   !   4       org.gradle.cache.internal.DefaultCacheAccess::takeOwnership (50 bytes)

Stack: [0x000000abfde00000,0x000000abfdf00000]
Native frames: (J=compiled Java code, j=interpreted, Vv=VM code, C=native code)
V  [jvm.dll+0x5ecfaa]
V  [jvm.dll+0x722bd5]
V  [jvm.dll+0x72412d]
V  [jvm.dll+0x7247e3]
V  [jvm.dll+0x242928]
V  [jvm.dll+0xbc4fc]
V  [jvm.dll+0xbca0c]
V  [jvm.dll+0x352d3b]
V  [jvm.dll+0x320ad3]
V  [jvm.dll+0x31ffca]
V  [jvm.dll+0x1fb602]
V  [jvm.dll+0x1fa7f4]
V  [jvm.dll+0x18354c]
V  [jvm.dll+0x208ee7]
V  [jvm.dll+0x207731]
V  [jvm.dll+0x6eb1cf]
V  [jvm.dll+0x6e3d45]
V  [jvm.dll+0x5ebe96]
C  [ucrtbase.dll+0x26c0c]
C  [KERNEL32.DLL+0x154e0]
C  [ntdll.dll+0x485b]


---------------  P R O C E S S  ---------------

Threads class SMR info:
_java_thread_list=0x0000020a3e17e480, length=152, elements={
0x0000020a1863b000, 0x0000020a32eeb000, 0x0000020a32ef4000, 0x0000020a337d9800,
0x0000020a337db000, 0x0000020a337dc000, 0x0000020a337e1000, 0x0000020a337e2000,
0x0000020a337ec000, 0x0000020a3395c000, 0x0000020a3395e800, 0x0000020a3395a800,
0x0000020a33961000, 0x0000020a346d0800, 0x0000020a346d1800, 0x0000020a346cf000,
0x0000020a346d3800, 0x0000020a346d9800, 0x0000020a38ea6800, 0x0000020a3574b000,
0x0000020a356ca000, 0x0000020a3b1d7800, 0x0000020a3dbc2000, 0x0000020a3dbcc800,
0x0000020a3dbca000, 0x0000020a3cdb9000, 0x0000020a3cdc2000, 0x0000020a3cdc1800,
0x0000020a3cdc3000, 0x0000020a3cdbd800, 0x0000020a3cdbc800, 0x0000020a3b1db000,
0x0000020a3b1d9000, 0x0000020a3b1d8800, 0x0000020a3b1da000, 0x0000020a3b1d6800,
0x0000020a3b1d6000, 0x0000020a3b1d5000, 0x0000020a3b1de000, 0x0000020a3b1db800,
0x0000020a3b1dd000, 0x0000020a3b1e1800, 0x0000020a3b1df000, 0x0000020a3b1df800,
0x0000020a3b1e0800, 0x0000020a3b1e2000, 0x0000020a3b1dc800, 0x0000020a3b1e8800,
0x0000020a3b1e4000, 0x0000020a3b1e3000, 0x0000020a3b1e4800, 0x0000020a3b1e7000,
0x0000020a3b1e6000, 0x0000020a3b1e8000, 0x0000020a3b1e9800, 0x0000020a3b1ea800,
0x0000020a3b1eb000, 0x0000020a3b1e5800, 0x0000020a35749000, 0x0000020a35748800,
0x0000020a35746800, 0x0000020a35747800, 0x0000020a35746000, 0x0000020a3574f000,
0x0000020a3574b800, 0x0000020a3574f800, 0x0000020a3574c800, 0x0000020a3574d000,
0x0000020a3574e000, 0x0000020a3574a000, 0x0000020a35754000, 0x0000020a35750800,
0x0000020a35751800, 0x0000020a35753000, 0x0000020a35754800, 0x0000020a35755800,
0x0000020a35756000, 0x0000020a35752000, 0x0000020a35757000, 0x0000020a3575c000,
0x0000020a3575c800, 0x0000020a3575d800, 0x0000020a35758000, 0x0000020a3575b000,
0x0000020a3575e800, 0x0000020a35758800, 0x0000020a3575f000, 0x0000020a35759800,
0x0000020a3575a800, 0x0000020a35760000, 0x0000020a35761000, 0x0000020a35764000,
0x0000020a35765000, 0x0000020a35761800, 0x0000020a35762800, 0x0000020a35763800,
0x0000020a3dbc1000, 0x0000020a3dbc4800, 0x0000020a3dbc3000, 0x0000020a3dbc3800,
0x0000020a3dbc5000, 0x0000020a3dbbf800, 0x0000020a3dbc6000, 0x0000020a3dbc0800,
0x0000020a3dbcb800, 0x0000020a3dbc8800, 0x0000020a3dbc7000, 0x0000020a3dbc9800,
0x0000020a3dbcd800, 0x0000020a3dbc7800, 0x0000020a3dbd0800, 0x0000020a3dbce000,
0x0000020a3dbcf000, 0x0000020a3dbd0000, 0x0000020a3dbcb000, 0x0000020a3dbd2800,
0x0000020a3dbd4800, 0x0000020a3dbd3000, 0x0000020a3dbd5800, 0x0000020a3dbd6800,
0x0000020a3dbd7000, 0x0000020a3dbd1800, 0x0000020a3dbd8000, 0x0000020a3dbd9000,
0x0000020a3dbd9800, 0x0000020a3dbd4000, 0x0000020a3dbde800, 0x0000020a3dbdd800,
0x0000020a356c1000, 0x0000020a356be800, 0x0000020a3cdbe000, 0x0000020a3cdb8800,
0x0000020a3cdbb000, 0x0000020a3cdc0800, 0x0000020a3cdbf000, 0x0000020a3cdbf800,
0x0000020a3cdbb800, 0x0000020a3cdc4000, 0x0000020a3cdc6800, 0x0000020a3cdc4800,
0x0000020a3cdc5800, 0x0000020a38ea3000, 0x0000020a38ea1000, 0x0000020a38ea1800,
0x0000020a38e9e800, 0x0000020a38ea5000, 0x0000020a38ea4000, 0x0000020a38e9f000,
0x0000020a38ea2800, 0x0000020a38ea5800, 0x0000020a38ea0000, 0x0000020a38ea9800
}

Java Threads: ( => current thread )
  0x0000020a1863b000 JavaThread "main" [_thread_blocked, id=8432, stack(0x000000abfd200000,0x000000abfd300000)]
  0x0000020a32eeb000 JavaThread "Reference Handler" daemon [_thread_blocked, id=8972, stack(0x000000abfd900000,0x000000abfda00000)]
  0x0000020a32ef4000 JavaThread "Finalizer" daemon [_thread_blocked, id=8668, stack(0x000000abfda00000,0x000000abfdb00000)]
  0x0000020a337d9800 JavaThread "Signal Dispatcher" daemon [_thread_blocked, id=8452, stack(0x000000abfdb00000,0x000000abfdc00000)]
  0x0000020a337db000 JavaThread "Attach Listener" daemon [_thread_blocked, id=7596, stack(0x000000abfdc00000,0x000000abfdd00000)]
  0x0000020a337dc000 JavaThread "Service Thread" daemon [_thread_blocked, id=6760, stack(0x000000abfdd00000,0x000000abfde00000)]
=>0x0000020a337e1000 JavaThread "C2 CompilerThread0" daemon [_thread_in_native, id=13248, stack(0x000000abfde00000,0x000000abfdf00000)]
  0x0000020a337e2000 JavaThread "C1 CompilerThread0" daemon [_thread_blocked, id=2084, stack(0x000000abfdf00000,0x000000abfe000000)]
  0x0000020a337ec000 JavaThread "Sweeper thread" daemon [_thread_blocked, id=2080, stack(0x000000abfe000000,0x000000abfe100000)]
  0x0000020a3395c000 JavaThread "Common-Cleaner" daemon [_thread_blocked, id=10272, stack(0x000000abfe100000,0x000000abfe200000)]
  0x0000020a3395e800 JavaThread "Daemon health stats" [_thread_blocked, id=11480, stack(0x000000abfe700000,0x000000abfe800000)]
  0x0000020a3395a800 JavaThread "Incoming local TCP Connector on port 62522" [_thread_in_native, id=12512, stack(0x000000abfea00000,0x000000abfeb00000)]
  0x0000020a33961000 JavaThread "Daemon periodic checks" [_thread_blocked, id=7660, stack(0x000000abfeb00000,0x000000abfec00000)]
  0x0000020a346d0800 JavaThread "Cache worker for file hash cache (D:\GoogleDownload\gradle-6.7.1-all\gradle-6.7.1\caches\6.7.1\fileHashes)" [_thread_blocked, id=10152, stack(0x000000abffa00000,0x000000abffb00000)]
  0x0000020a346d1800 JavaThread "File lock request listener" [_thread_in_native, id=10144, stack(0x000000abffb00000,0x000000abffc00000)]
  0x0000020a346cf000 JavaThread "Cache worker for journal cache (D:\GoogleDownload\gradle-6.7.1-all\gradle-6.7.1\caches\journal-1)" [_thread_blocked, id=3172, stack(0x000000abffe00000,0x000000abfff00000)]
  0x0000020a346d3800 JavaThread "Cache worker for execution history cache (D:\GoogleDownload\gradle-6.7.1-all\gradle-6.7.1\caches\6.7.1\executionHistory)" [_thread_blocked, id=5788, stack(0x000000ab80300000,0x000000ab80400000)]
  0x0000020a346d9800 JavaThread "Cache worker for file content cache (D:\GoogleDownload\gradle-6.7.1-all\gradle-6.7.1\caches\6.7.1\fileContent)" [_thread_blocked, id=5404, stack(0x000000ab80500000,0x000000ab80600000)]
  0x0000020a38ea6800 JavaThread "Memory manager" [_thread_blocked, id=1780, stack(0x000000ab87500000,0x000000ab87600000)]
  0x0000020a3574b000 JavaThread "ForkJoinPool.commonPool-worker-19" daemon [_thread_blocked, id=10024, stack(0x000000ab80700000,0x000000ab80800000)]
  0x0000020a356ca000 JavaThread "Cache worker for Java compile cache (D:\GoogleDownload\gradle-6.7.1-all\gradle-6.7.1\caches\6.7.1\javaCompile)" [_thread_blocked, id=11208, stack(0x000000ab89100000,0x000000ab89200000)]
  0x0000020a3b1d7800 JavaThread "ForkJoinPool.commonPool-worker-15" daemon [_thread_blocked, id=4460, stack(0x000000ab8a800000,0x000000ab8a900000)]
  0x0000020a3dbc2000 JavaThread "ForkJoinPool.commonPool-worker-21" daemon [_thread_blocked, id=12640, stack(0x000000ab8a100000,0x000000ab8a200000)]
  0x0000020a3dbcc800 JavaThread "ForkJoinPool.commonPool-worker-1" daemon [_thread_blocked, id=6360, stack(0x000000ab8a200000,0x000000ab8a300000)]
  0x0000020a3dbca000 JavaThread "ForkJoinPool.commonPool-worker-23" daemon [_thread_blocked, id=4432, stack(0x000000ab8a400000,0x000000ab8a500000)]
  0x0000020a3cdb9000 JavaThread "ForkJoinPool.commonPool-worker-9" daemon [_thread_blocked, id=7244, stack(0x000000ab89f00000,0x000000ab8a000000)]
  0x0000020a3cdc2000 JavaThread "ForkJoinPool.commonPool-worker-13" daemon [_thread_blocked, id=10724, stack(0x000000ab8a500000,0x000000ab8a600000)]
  0x0000020a3cdc1800 JavaThread "ForkJoinPool.commonPool-worker-31" daemon [_thread_blocked, id=10068, stack(0x000000ab8a600000,0x000000ab8a700000)]
  0x0000020a3cdc3000 JavaThread "ForkJoinPool.commonPool-worker-17" daemon [_thread_blocked, id=1584, stack(0x000000ab8a700000,0x000000ab8a800000)]
  0x0000020a3cdbd800 JavaThread "Daemon Thread 5" [_thread_blocked, id=7348, stack(0x000000ab80400000,0x000000ab80500000)]
  0x0000020a3cdbc800 JavaThread "Daemon worker Thread 5" [_thread_blocked, id=5584, stack(0x000000ab80900000,0x000000ab80a00000)]
  0x0000020a3b1db000 JavaThread "jar transforms Thread 389" [_thread_blocked, id=10036, stack(0x000000ab81f00000,0x000000ab82000000)]
  0x0000020a3b1d9000 JavaThread "jar transforms Thread 390" [_thread_blocked, id=3284, stack(0x000000ab82000000,0x000000ab82100000)]
  0x0000020a3b1d8800 JavaThread "jar transforms Thread 391" [_thread_blocked, id=5784, stack(0x000000ab82100000,0x000000ab82200000)]
  0x0000020a3b1da000 JavaThread "jar transforms Thread 392" [_thread_blocked, id=9712, stack(0x000000ab82200000,0x000000ab82300000)]
  0x0000020a3b1d6800 JavaThread "jar transforms Thread 393" [_thread_blocked, id=8804, stack(0x000000ab82300000,0x000000ab82400000)]
  0x0000020a3b1d6000 JavaThread "jar transforms Thread 394" [_thread_blocked, id=2956, stack(0x000000ab82400000,0x000000ab82500000)]
  0x0000020a3b1d5000 JavaThread "jar transforms Thread 395" [_thread_blocked, id=8780, stack(0x000000ab82500000,0x000000ab82600000)]
  0x0000020a3b1de000 JavaThread "jar transforms Thread 396" [_thread_blocked, id=5176, stack(0x000000ab82600000,0x000000ab82700000)]
  0x0000020a3b1db800 JavaThread "jar transforms Thread 397" [_thread_blocked, id=1444, stack(0x000000ab82700000,0x000000ab82800000)]
  0x0000020a3b1dd000 JavaThread "jar transforms Thread 398" [_thread_blocked, id=4060, stack(0x000000ab82800000,0x000000ab82900000)]
  0x0000020a3b1e1800 JavaThread "jar transforms Thread 399" [_thread_blocked, id=13004, stack(0x000000ab82900000,0x000000ab82a00000)]
  0x0000020a3b1df000 JavaThread "jar transforms Thread 400" [_thread_blocked, id=2172, stack(0x000000ab82a00000,0x000000ab82b00000)]
  0x0000020a3b1df800 JavaThread "jar transforms Thread 401" [_thread_blocked, id=12080, stack(0x000000ab82b00000,0x000000ab82c00000)]
  0x0000020a3b1e0800 JavaThread "jar transforms Thread 402" [_thread_blocked, id=4448, stack(0x000000ab82c00000,0x000000ab82d00000)]
  0x0000020a3b1e2000 JavaThread "jar transforms Thread 403" [_thread_blocked, id=11448, stack(0x000000ab82d00000,0x000000ab82e00000)]
  0x0000020a3b1dc800 JavaThread "jar transforms Thread 404" [_thread_blocked, id=8320, stack(0x000000ab82e00000,0x000000ab82f00000)]
  0x0000020a3b1e8800 JavaThread "jar transforms Thread 405" [_thread_blocked, id=3960, stack(0x000000ab82f00000,0x000000ab83000000)]
  0x0000020a3b1e4000 JavaThread "jar transforms Thread 406" [_thread_blocked, id=7276, stack(0x000000ab83000000,0x000000ab83100000)]
  0x0000020a3b1e3000 JavaThread "jar transforms Thread 407" [_thread_blocked, id=1824, stack(0x000000ab83100000,0x000000ab83200000)]
  0x0000020a3b1e4800 JavaThread "jar transforms Thread 408" [_thread_blocked, id=3084, stack(0x000000ab83200000,0x000000ab83300000)]
  0x0000020a3b1e7000 JavaThread "jar transforms Thread 409" [_thread_blocked, id=10536, stack(0x000000ab83300000,0x000000ab83400000)]
  0x0000020a3b1e6000 JavaThread "jar transforms Thread 410" [_thread_blocked, id=9836, stack(0x000000ab83400000,0x000000ab83500000)]
  0x0000020a3b1e8000 JavaThread "jar transforms Thread 411" [_thread_blocked, id=8884, stack(0x000000ab83500000,0x000000ab83600000)]
  0x0000020a3b1e9800 JavaThread "jar transforms Thread 412" [_thread_blocked, id=12548, stack(0x000000ab83600000,0x000000ab83700000)]
  0x0000020a3b1ea800 JavaThread "jar transforms Thread 413" [_thread_blocked, id=772, stack(0x000000ab83700000,0x000000ab83800000)]
  0x0000020a3b1eb000 JavaThread "jar transforms Thread 414" [_thread_blocked, id=8144, stack(0x000000ab83800000,0x000000ab83900000)]
  0x0000020a3b1e5800 JavaThread "jar transforms Thread 415" [_thread_blocked, id=3720, stack(0x000000ab83900000,0x000000ab83a00000)]
  0x0000020a35749000 JavaThread "jar transforms Thread 416" [_thread_blocked, id=4088, stack(0x000000ab83a00000,0x000000ab83b00000)]
  0x0000020a35748800 JavaThread "jar transforms Thread 417" [_thread_blocked, id=5760, stack(0x000000ab83b00000,0x000000ab83c00000)]
  0x0000020a35746800 JavaThread "jar transforms Thread 418" [_thread_blocked, id=9764, stack(0x000000ab83c00000,0x000000ab83d00000)]
  0x0000020a35747800 JavaThread "jar transforms Thread 419" [_thread_blocked, id=3728, stack(0x000000ab83d00000,0x000000ab83e00000)]
  0x0000020a35746000 JavaThread "jar transforms Thread 420" [_thread_blocked, id=2168, stack(0x000000ab83e00000,0x000000ab83f00000)]
  0x0000020a3574f000 JavaThread "jar transforms Thread 421" [_thread_blocked, id=10088, stack(0x000000ab83f00000,0x000000ab84000000)]
  0x0000020a3574b800 JavaThread "jar transforms Thread 422" [_thread_blocked, id=9796, stack(0x000000ab84000000,0x000000ab84100000)]
  0x0000020a3574f800 JavaThread "jar transforms Thread 423" [_thread_blocked, id=6752, stack(0x000000ab84100000,0x000000ab84200000)]
  0x0000020a3574c800 JavaThread "jar transforms Thread 424" [_thread_blocked, id=5756, stack(0x000000ab84200000,0x000000ab84300000)]
  0x0000020a3574d000 JavaThread "jar transforms Thread 425" [_thread_blocked, id=1968, stack(0x000000ab84300000,0x000000ab84400000)]
  0x0000020a3574e000 JavaThread "jar transforms Thread 426" [_thread_blocked, id=11132, stack(0x000000ab84400000,0x000000ab84500000)]
  0x0000020a3574a000 JavaThread "jar transforms Thread 427" [_thread_blocked, id=2540, stack(0x000000ab84500000,0x000000ab84600000)]
  0x0000020a35754000 JavaThread "jar transforms Thread 428" [_thread_blocked, id=10904, stack(0x000000ab84600000,0x000000ab84700000)]
  0x0000020a35750800 JavaThread "jar transforms Thread 429" [_thread_blocked, id=7608, stack(0x000000ab84700000,0x000000ab84800000)]
  0x0000020a35751800 JavaThread "jar transforms Thread 430" [_thread_blocked, id=10872, stack(0x000000ab84800000,0x000000ab84900000)]
  0x0000020a35753000 JavaThread "jar transforms Thread 431" [_thread_blocked, id=11300, stack(0x000000ab84900000,0x000000ab84a00000)]
  0x0000020a35754800 JavaThread "jar transforms Thread 432" [_thread_blocked, id=5944, stack(0x000000ab84a00000,0x000000ab84b00000)]
  0x0000020a35755800 JavaThread "jar transforms Thread 433" [_thread_blocked, id=984, stack(0x000000ab84b00000,0x000000ab84c00000)]
  0x0000020a35756000 JavaThread "jar transforms Thread 434" [_thread_blocked, id=7352, stack(0x000000ab84c00000,0x000000ab84d00000)]
  0x0000020a35752000 JavaThread "jar transforms Thread 435" [_thread_blocked, id=5076, stack(0x000000ab84d00000,0x000000ab84e00000)]
  0x0000020a35757000 JavaThread "jar transforms Thread 436" [_thread_blocked, id=9392, stack(0x000000ab84e00000,0x000000ab84f00000)]
  0x0000020a3575c000 JavaThread "jar transforms Thread 437" [_thread_blocked, id=1408, stack(0x000000ab84f00000,0x000000ab85000000)]
  0x0000020a3575c800 JavaThread "jar transforms Thread 438" [_thread_blocked, id=6496, stack(0x000000ab85000000,0x000000ab85100000)]
  0x0000020a3575d800 JavaThread "jar transforms Thread 439" [_thread_blocked, id=13084, stack(0x000000ab85100000,0x000000ab85200000)]
  0x0000020a35758000 JavaThread "jar transforms Thread 440" [_thread_blocked, id=11432, stack(0x000000ab85200000,0x000000ab85300000)]
  0x0000020a3575b000 JavaThread "jar transforms Thread 441" [_thread_blocked, id=6980, stack(0x000000ab85300000,0x000000ab85400000)]
  0x0000020a3575e800 JavaThread "jar transforms Thread 442" [_thread_blocked, id=7452, stack(0x000000ab85400000,0x000000ab85500000)]
  0x0000020a35758800 JavaThread "jar transforms Thread 443" [_thread_blocked, id=10924, stack(0x000000ab85500000,0x000000ab85600000)]
  0x0000020a3575f000 JavaThread "jar transforms Thread 444" [_thread_blocked, id=13212, stack(0x000000ab85600000,0x000000ab85700000)]
  0x0000020a35759800 JavaThread "jar transforms Thread 445" [_thread_blocked, id=9024, stack(0x000000ab85700000,0x000000ab85800000)]
  0x0000020a3575a800 JavaThread "jar transforms Thread 446" [_thread_blocked, id=5728, stack(0x000000ab85800000,0x000000ab85900000)]
  0x0000020a35760000 JavaThread "jar transforms Thread 447" [_thread_blocked, id=11072, stack(0x000000ab85900000,0x000000ab85a00000)]
  0x0000020a35761000 JavaThread "jar transforms Thread 448" [_thread_blocked, id=6364, stack(0x000000ab85a00000,0x000000ab85b00000)]
  0x0000020a35764000 JavaThread "jar transforms Thread 449" [_thread_blocked, id=8272, stack(0x000000ab85b00000,0x000000ab85c00000)]
  0x0000020a35765000 JavaThread "jar transforms Thread 450" [_thread_blocked, id=10752, stack(0x000000ab85c00000,0x000000ab85d00000)]
  0x0000020a35761800 JavaThread "jar transforms Thread 451" [_thread_blocked, id=976, stack(0x000000ab85d00000,0x000000ab85e00000)]
  0x0000020a35762800 JavaThread "jar transforms Thread 452" [_thread_blocked, id=11444, stack(0x000000ab85e00000,0x000000ab85f00000)]
  0x0000020a35763800 JavaThread "jar transforms Thread 453" [_thread_blocked, id=13308, stack(0x000000ab85f00000,0x000000ab86000000)]
  0x0000020a3dbc1000 JavaThread "jar transforms Thread 454" [_thread_blocked, id=10424, stack(0x000000ab86000000,0x000000ab86100000)]
  0x0000020a3dbc4800 JavaThread "jar transforms Thread 455" [_thread_blocked, id=3736, stack(0x000000ab86100000,0x000000ab86200000)]
  0x0000020a3dbc3000 JavaThread "jar transforms Thread 456" [_thread_blocked, id=5160, stack(0x000000ab86200000,0x000000ab86300000)]
  0x0000020a3dbc3800 JavaThread "jar transforms Thread 457" [_thread_blocked, id=8600, stack(0x000000ab86300000,0x000000ab86400000)]
  0x0000020a3dbc5000 JavaThread "jar transforms Thread 458" [_thread_blocked, id=12664, stack(0x000000ab86400000,0x000000ab86500000)]
  0x0000020a3dbbf800 JavaThread "jar transforms Thread 459" [_thread_blocked, id=12116, stack(0x000000ab86500000,0x000000ab86600000)]
  0x0000020a3dbc6000 JavaThread "jar transforms Thread 460" [_thread_blocked, id=11056, stack(0x000000ab86600000,0x000000ab86700000)]
  0x0000020a3dbc0800 JavaThread "jar transforms Thread 461" [_thread_blocked, id=6220, stack(0x000000ab86700000,0x000000ab86800000)]
  0x0000020a3dbcb800 JavaThread "jar transforms Thread 462" [_thread_blocked, id=10164, stack(0x000000ab86800000,0x000000ab86900000)]
  0x0000020a3dbc8800 JavaThread "jar transforms Thread 463" [_thread_blocked, id=5524, stack(0x000000ab86900000,0x000000ab86a00000)]
  0x0000020a3dbc7000 JavaThread "jar transforms Thread 464" [_thread_blocked, id=9860, stack(0x000000ab86a00000,0x000000ab86b00000)]
  0x0000020a3dbc9800 JavaThread "jar transforms Thread 465" [_thread_blocked, id=7148, stack(0x000000ab86b00000,0x000000ab86c00000)]
  0x0000020a3dbcd800 JavaThread "jar transforms Thread 466" [_thread_blocked, id=6224, stack(0x000000ab86c00000,0x000000ab86d00000)]
  0x0000020a3dbc7800 JavaThread "jar transforms Thread 467" [_thread_blocked, id=5680, stack(0x000000ab86d00000,0x000000ab86e00000)]
  0x0000020a3dbd0800 JavaThread "jar transforms Thread 468" [_thread_blocked, id=12612, stack(0x000000ab86e00000,0x000000ab86f00000)]
  0x0000020a3dbce000 JavaThread "jar transforms Thread 469" [_thread_blocked, id=12604, stack(0x000000ab86f00000,0x000000ab87000000)]
  0x0000020a3dbcf000 JavaThread "jar transforms Thread 470" [_thread_blocked, id=12660, stack(0x000000ab87000000,0x000000ab87100000)]
  0x0000020a3dbd0000 JavaThread "jar transforms Thread 471" [_thread_blocked, id=12476, stack(0x000000ab87100000,0x000000ab87200000)]
  0x0000020a3dbcb000 JavaThread "jar transforms Thread 472" [_thread_blocked, id=9880, stack(0x000000ab87200000,0x000000ab87300000)]
  0x0000020a3dbd2800 JavaThread "jar transforms Thread 473" [_thread_blocked, id=8068, stack(0x000000ab87300000,0x000000ab87400000)]
  0x0000020a3dbd4800 JavaThread "jar transforms Thread 474" [_thread_blocked, id=12980, stack(0x000000ab87400000,0x000000ab87500000)]
  0x0000020a3dbd3000 JavaThread "jar transforms Thread 475" [_thread_blocked, id=6472, stack(0x000000ab87600000,0x000000ab87700000)]
  0x0000020a3dbd5800 JavaThread "jar transforms Thread 476" [_thread_blocked, id=6440, stack(0x000000ab87700000,0x000000ab87800000)]
  0x0000020a3dbd6800 JavaThread "jar transforms Thread 477" [_thread_blocked, id=5528, stack(0x000000ab87800000,0x000000ab87900000)]
  0x0000020a3dbd7000 JavaThread "jar transforms Thread 478" [_thread_blocked, id=1984, stack(0x000000ab87900000,0x000000ab87a00000)]
  0x0000020a3dbd1800 JavaThread "jar transforms Thread 479" [_thread_blocked, id=2876, stack(0x000000ab87a00000,0x000000ab87b00000)]
  0x0000020a3dbd8000 JavaThread "jar transforms Thread 480" [_thread_blocked, id=6092, stack(0x000000ab87b00000,0x000000ab87c00000)]
  0x0000020a3dbd9000 JavaThread "jar transforms Thread 481" [_thread_blocked, id=12000, stack(0x000000ab87c00000,0x000000ab87d00000)]
  0x0000020a3dbd9800 JavaThread "jar transforms Thread 482" [_thread_blocked, id=12852, stack(0x000000ab87d00000,0x000000ab87e00000)]
  0x0000020a3dbd4000 JavaThread "jar transforms Thread 483" [_thread_blocked, id=4420, stack(0x000000ab87e00000,0x000000ab87f00000)]
  0x0000020a3dbde800 JavaThread "jar transforms Thread 484" [_thread_blocked, id=5272, stack(0x000000ab87f00000,0x000000ab88000000)]
  0x0000020a3dbdd800 JavaThread "jar transforms Thread 485" [_thread_blocked, id=8296, stack(0x000000ab88000000,0x000000ab88100000)]
  0x0000020a356c1000 JavaThread "ForkJoinPool.commonPool-worker-3" daemon [_thread_blocked, id=7588, stack(0x000000ab89d00000,0x000000ab89e00000)]
  0x0000020a356be800 JavaThread "ForkJoinPool.commonPool-worker-25" daemon [_thread_blocked, id=12876, stack(0x000000ab89e00000,0x000000ab89f00000)]
  0x0000020a3cdbe000 JavaThread "Handler for socket connection from /127.0.0.1:62522 to /127.0.0.1:63030" [_thread_in_native, id=6368, stack(0x000000ab80600000,0x000000ab80700000)]
  0x0000020a3cdb8800 JavaThread "Cancel handler" [_thread_blocked, id=2992, stack(0x000000ab80800000,0x000000ab80900000)]
  0x0000020a3cdbb000 JavaThread "Asynchronous log dispatcher for DefaultDaemonConnection: socket connection from /127.0.0.1:62522 to /127.0.0.1:63030" [_thread_blocked, id=9584, stack(0x000000ab80a00000,0x000000ab80b00000)]
  0x0000020a3cdc0800 JavaThread "Stdin handler" [_thread_blocked, id=960, stack(0x000000ab80b00000,0x000000ab80c00000)]
  0x0000020a3cdbf000 JavaThread "Thread-834" [_thread_blocked, id=1592, stack(0x000000ab80c00000,0x000000ab80d00000)]
  0x0000020a3cdbf800 JavaThread "Cache worker for file hash cache (D:\Android\AndriodProjects\Demo1\.gradle\6.7.1\fileHashes)" [_thread_blocked, id=5696, stack(0x000000ab80d00000,0x000000ab80e00000)]
  0x0000020a3cdbb800 JavaThread "Cache worker for checksums cache (D:\Android\AndriodProjects\Demo1\.gradle\checksums)" [_thread_blocked, id=13256, stack(0x000000ab80e00000,0x000000ab80f00000)]
  0x0000020a3cdc4000 JavaThread "Cache worker for cache directory md-supplier (D:\GoogleDownload\gradle-6.7.1-all\gradle-6.7.1\caches\6.7.1\md-supplier)" [_thread_blocked, id=6808, stack(0x000000ab80f00000,0x000000ab81000000)]
  0x0000020a3cdc6800 JavaThread "Cache worker for cache directory md-rule (D:\GoogleDownload\gradle-6.7.1-all\gradle-6.7.1\caches\6.7.1\md-rule)" [_thread_blocked, id=2604, stack(0x000000ab81000000,0x000000ab81100000)]
  0x0000020a3cdc4800 JavaThread "Cache worker for Build Output Cleanup Cache (D:\Android\AndriodProjects\Demo1\.gradle\buildOutputCleanup)" [_thread_blocked, id=6252, stack(0x000000ab81100000,0x000000ab81200000)]
  0x0000020a3cdc5800 JavaThread "Build operations" [_thread_blocked, id=9384, stack(0x000000ab81200000,0x000000ab81300000)]
  0x0000020a38ea3000 JavaThread "Build operations Thread 2" [_thread_blocked, id=9092, stack(0x000000ab81300000,0x000000ab81400000)]
  0x0000020a38ea1000 JavaThread "Build operations Thread 3" [_thread_blocked, id=2928, stack(0x000000ab81400000,0x000000ab81500000)]
  0x0000020a38ea1800 JavaThread "Build operations Thread 4" [_thread_blocked, id=12720, stack(0x000000ab81500000,0x000000ab81600000)]
  0x0000020a38e9e800 JavaThread "Build operations Thread 5" [_thread_blocked, id=11792, stack(0x000000ab81600000,0x000000ab81700000)]
  0x0000020a38ea5000 JavaThread "Build operations Thread 6" [_thread_blocked, id=7364, stack(0x000000ab81700000,0x000000ab81800000)]
  0x0000020a38ea4000 JavaThread "Build operations Thread 7" [_thread_blocked, id=10868, stack(0x000000ab81800000,0x000000ab81900000)]
  0x0000020a38e9f000 JavaThread "Build operations Thread 8" [_thread_blocked, id=10380, stack(0x000000ab81900000,0x000000ab81a00000)]
  0x0000020a38ea2800 JavaThread "Build operations Thread 9" [_thread_blocked, id=6964, stack(0x000000ab81a00000,0x000000ab81b00000)]
  0x0000020a38ea5800 JavaThread "Build operations Thread 10" [_thread_blocked, id=3608, stack(0x000000ab81b00000,0x000000ab81c00000)]
  0x0000020a38ea0000 JavaThread "Build operations Thread 11" [_thread_blocked, id=12148, stack(0x000000ab81c00000,0x000000ab81d00000)]
  0x0000020a38ea9800 JavaThread "Build operations Thread 12" [_thread_blocked, id=11364, stack(0x000000ab81d00000,0x000000ab81e00000)]

Other Threads:
  0x0000020a32ee8800 VMThread "VM Thread" [stack: 0x000000abfd800000,0x000000abfd900000] [id=3568] _threads_hazard_ptr=0x0000020a3e17e480
  0x0000020a339b3800 WatcherThread [stack: 0x000000abfe200000,0x000000abfe300000] [id=3148]
  0x0000020a18654800 GCTaskThread "GC Thread#0" [stack: 0x000000abfd300000,0x000000abfd400000] [id=8896]
  0x0000020a3449a000 GCTaskThread "GC Thread#1" [stack: 0x000000abfe500000,0x000000abfe600000] [id=13068]
  0x0000020a3449a800 GCTaskThread "GC Thread#2" [stack: 0x000000abfe600000,0x000000abfe700000] [id=2944]
  0x0000020a343ed000 GCTaskThread "GC Thread#3" [stack: 0x000000abff300000,0x000000abff400000] [id=11548]
  0x0000020a37d30800 GCTaskThread "GC Thread#4" [stack: 0x000000abff400000,0x000000abff500000] [id=1700]
  0x0000020a35faa800 GCTaskThread "GC Thread#5" [stack: 0x000000abff500000,0x000000abff600000] [id=2284]
  0x0000020a360a9000 GCTaskThread "GC Thread#6" [stack: 0x000000abff600000,0x000000abff700000] [id=6668]
  0x0000020a35fb8800 GCTaskThread "GC Thread#7" [stack: 0x000000abff700000,0x000000abff800000] [id=5992]
  0x0000020a35fb9800 GCTaskThread "GC Thread#8" [stack: 0x000000abff800000,0x000000abff900000] [id=2272]
  0x0000020a35ff7800 GCTaskThread "GC Thread#9" [stack: 0x000000abff900000,0x000000abffa00000] [id=7164]
  0x0000020a18688800 ConcurrentGCThread "G1 Main Marker" [stack: 0x000000abfd400000,0x000000abfd500000] [id=10396]
  0x0000020a1868a000 ConcurrentGCThread "G1 Conc#0" [stack: 0x000000abfd500000,0x000000abfd600000] [id=2872]
  0x0000020a360cf800 ConcurrentGCThread "G1 Conc#1" [stack: 0x000000abffc00000,0x000000abffd00000] [id=7956]
  0x0000020a360cf000 ConcurrentGCThread "G1 Conc#2" [stack: 0x000000abffd00000,0x000000abffe00000] [id=5956]
  0x0000020a32d3a800 ConcurrentGCThread "G1 Refine#0" [stack: 0x000000abfd600000,0x000000abfd700000] [id=11268]
  0x0000020a3d96d000 ConcurrentGCThread "G1 Refine#1" [stack: 0x000000ab80000000,0x000000ab80100000] [id=6112]
  0x0000020a3cf4b800 ConcurrentGCThread "G1 Refine#2" [stack: 0x000000ab80100000,0x000000ab80200000] [id=9624]
  0x0000020a348c7800 ConcurrentGCThread "G1 Refine#3" [stack: 0x000000ab80200000,0x000000ab80300000] [id=12316]
  0x0000020a1871d800 ConcurrentGCThread "G1 Young RemSet Sampling" [stack: 0x000000abfd700000,0x000000abfd800000] [id=6976]

Threads with active compile tasks:
C2 CompilerThread01080713 20659   !   4       org.gradle.cache.internal.DefaultCacheAccess::takeOwnership (50 bytes)

VM state:at safepoint (normal execution)

VM Mutex/Monitor currently owned by a thread:  ([mutex/lock_event])
[0x0000020a186367c0] Threads_lock - owner thread: 0x0000020a32ee8800

Heap address: 0x0000000080000000, size: 2048 MB, Compressed Oops mode: 32-bit
Narrow klass base: 0x0000000000000000, Narrow klass shift: 3
Compressed class space size: 1073741824 Address: 0x0000000100000000

Heap:
 garbage-first heap   total 155648K, used 121800K [0x0000000080000000, 0x0000000100000000)
  region size 1024K, 18 young (18432K), 1 survivors (1024K)
 Metaspace       used 111041K, capacity 114034K, committed 114176K, reserved 1148928K
  class space    used 13687K, capacity 14745K, committed 14848K, reserved 1048576K
Heap Regions: E=young(eden), S=young(survivor), O=old, HS=humongous(starts), HC=humongous(continues), CS=collection set, F=free, A=archive, TAMS=top-at-mark-start (previous, next)
|   0|0x0000000080000000, 0x0000000080100000, 0x0000000080100000|100%| O|  |TAMS 0x0000000080100000, 0x0000000080000000| Untracked 
|   1|0x0000000080100000, 0x0000000080200000, 0x0000000080200000|100%| O|  |TAMS 0x0000000080200000, 0x0000000080100000| Untracked 
|   2|0x0000000080200000, 0x0000000080300000, 0x0000000080300000|100%| O|  |TAMS 0x0000000080300000, 0x0000000080200000| Untracked 
|   3|0x0000000080300000, 0x0000000080400000, 0x0000000080400000|100%|HS|  |TAMS 0x0000000080400000, 0x0000000080300000| Complete 
|   4|0x0000000080400000, 0x0000000080500000, 0x0000000080500000|100%|HC|  |TAMS 0x0000000080500000, 0x0000000080400000| Complete 
|   5|0x0000000080500000, 0x0000000080600000, 0x0000000080600000|100%|HC|  |TAMS 0x0000000080600000, 0x0000000080500000| Complete 
|   6|0x0000000080600000, 0x0000000080700000, 0x0000000080700000|100%| O|  |TAMS 0x0000000080700000, 0x0000000080600000| Untracked 
|   7|0x0000000080700000, 0x0000000080800000, 0x0000000080800000|100%| O|  |TAMS 0x0000000080800000, 0x0000000080700000| Untracked 
|   8|0x0000000080800000, 0x0000000080900000, 0x0000000080900000|100%| O|  |TAMS 0x0000000080900000, 0x0000000080800000| Untracked 
|   9|0x0000000080900000, 0x0000000080a00000, 0x0000000080a00000|100%| O|  |TAMS 0x0000000080a00000, 0x0000000080900000| Untracked 
|  10|0x0000000080a00000, 0x0000000080b00000, 0x0000000080b00000|100%| O|  |TAMS 0x0000000080b00000, 0x0000000080a00000| Untracked 
|  11|0x0000000080b00000, 0x0000000080c00000, 0x0000000080c00000|100%| O|  |TAMS 0x0000000080c00000, 0x0000000080b00000| Untracked 
|  12|0x0000000080c00000, 0x0000000080d00000, 0x0000000080d00000|100%| O|  |TAMS 0x0000000080d00000, 0x0000000080c00000| Complete 
|  13|0x0000000080d00000, 0x0000000080e00000, 0x0000000080e00000|100%| O|  |TAMS 0x0000000080e00000, 0x0000000080d00000| Untracked 
|  14|0x0000000080e00000, 0x0000000080f00000, 0x0000000080f00000|100%| O|  |TAMS 0x0000000080f00000, 0x0000000080e00000| Untracked 
|  15|0x0000000080f00000, 0x0000000081000000, 0x0000000081000000|100%| O|  |TAMS 0x0000000081000000, 0x0000000080f00000| Untracked 
|  16|0x0000000081000000, 0x0000000081100000, 0x0000000081100000|100%|HS|  |TAMS 0x0000000081100000, 0x0000000081000000| Complete 
|  17|0x0000000081100000, 0x0000000081200000, 0x0000000081200000|100%| O|  |TAMS 0x0000000081200000, 0x0000000081100000| Untracked 
|  18|0x0000000081200000, 0x0000000081300000, 0x0000000081300000|100%| O|  |TAMS 0x0000000081300000, 0x0000000081200000| Untracked 
|  19|0x0000000081300000, 0x0000000081400000, 0x0000000081400000|100%| O|  |TAMS 0x0000000081400000, 0x0000000081300000| Untracked 
|  20|0x0000000081400000, 0x0000000081500000, 0x0000000081500000|100%| O|  |TAMS 0x0000000081500000, 0x0000000081400000| Untracked 
|  21|0x0000000081500000, 0x0000000081600000, 0x0000000081600000|100%| O|  |TAMS 0x0000000081600000, 0x0000000081500000| Complete 
|  22|0x0000000081600000, 0x0000000081700000, 0x0000000081700000|100%| O|  |TAMS 0x0000000081700000, 0x0000000081600000| Untracked 
|  23|0x0000000081700000, 0x0000000081800000, 0x0000000081800000|100%|HS|  |TAMS 0x0000000081800000, 0x0000000081700000| Complete 
|  24|0x0000000081800000, 0x0000000081900000, 0x0000000081900000|100%|HC|  |TAMS 0x0000000081900000, 0x0000000081800000| Complete 
|  25|0x0000000081900000, 0x0000000081a00000, 0x0000000081a00000|100%| O|  |TAMS 0x0000000081a00000, 0x0000000081900000| Untracked 
|  26|0x0000000081a00000, 0x0000000081b00000, 0x0000000081b00000|100%| O|  |TAMS 0x0000000081b00000, 0x0000000081a00000| Untracked 
|  27|0x0000000081b00000, 0x0000000081c00000, 0x0000000081c00000|100%| O|  |TAMS 0x0000000081c00000, 0x0000000081b00000| Complete 
|  28|0x0000000081c00000, 0x0000000081d00000, 0x0000000081d00000|100%| O|  |TAMS 0x0000000081d00000, 0x0000000081c00000| Untracked 
|  29|0x0000000081d00000, 0x0000000081e00000, 0x0000000081e00000|100%| O|  |TAMS 0x0000000081e00000, 0x0000000081d00000| Untracked 
|  30|0x0000000081e00000, 0x0000000081f00000, 0x0000000081f00000|100%| O|  |TAMS 0x0000000081f00000, 0x0000000081e00000| Untracked 
|  31|0x0000000081f00000, 0x0000000082000000, 0x0000000082000000|100%| O|  |TAMS 0x0000000082000000, 0x0000000081f00000| Untracked 
|  32|0x0000000082000000, 0x0000000082100000, 0x0000000082100000|100%| O|  |TAMS 0x0000000082100000, 0x0000000082000000| Untracked 
|  33|0x0000000082100000, 0x0000000082200000, 0x0000000082200000|100%| O|  |TAMS 0x0000000082200000, 0x0000000082100000| Untracked 
|  34|0x0000000082200000, 0x0000000082300000, 0x0000000082300000|100%| O|  |TAMS 0x0000000082300000, 0x0000000082200000| Untracked 
|  35|0x0000000082300000, 0x0000000082400000, 0x0000000082400000|100%| O|  |TAMS 0x0000000082400000, 0x0000000082300000| Untracked 
|  36|0x0000000082400000, 0x0000000082500000, 0x0000000082500000|100%| O|  |TAMS 0x0000000082500000, 0x0000000082400000| Complete 
|  37|0x0000000082500000, 0x0000000082600000, 0x0000000082600000|100%| O|  |TAMS 0x0000000082600000, 0x0000000082500000| Complete 
|  38|0x0000000082600000, 0x0000000082700000, 0x0000000082700000|100%| O|  |TAMS 0x0000000082700000, 0x0000000082600000| Untracked 
|  39|0x0000000082700000, 0x0000000082800000, 0x0000000082800000|100%| O|  |TAMS 0x0000000082800000, 0x0000000082700000| Untracked 
|  40|0x0000000082800000, 0x0000000082900000, 0x0000000082900000|100%| O|  |TAMS 0x0000000082900000, 0x0000000082800000| Untracked 
|  41|0x0000000082900000, 0x0000000082a00000, 0x0000000082a00000|100%| O|  |TAMS 0x0000000082a00000, 0x0000000082900000| Complete 
|  42|0x0000000082a00000, 0x0000000082b00000, 0x0000000082b00000|100%| O|  |TAMS 0x0000000082b00000, 0x0000000082a00000| Untracked 
|  43|0x0000000082b00000, 0x0000000082c00000, 0x0000000082c00000|100%| O|  |TAMS 0x0000000082c00000, 0x0000000082b00000| Complete 
|  44|0x0000000082c00000, 0x0000000082d00000, 0x0000000082d00000|100%| O|  |TAMS 0x0000000082d00000, 0x0000000082c00000| Untracked 
|  45|0x0000000082d00000, 0x0000000082e00000, 0x0000000082e00000|100%| O|  |TAMS 0x0000000082e00000, 0x0000000082d00000| Untracked 
|  46|0x0000000082e00000, 0x0000000082f00000, 0x0000000082f00000|100%| O|  |TAMS 0x0000000082f00000, 0x0000000082e00000| Complete 
|  47|0x0000000082f00000, 0x0000000083000000, 0x0000000083000000|100%| O|  |TAMS 0x0000000083000000, 0x0000000082f00000| Complete 
|  48|0x0000000083000000, 0x0000000083100000, 0x0000000083100000|100%| O|  |TAMS 0x0000000083100000, 0x0000000083000000| Complete 
|  49|0x0000000083100000, 0x0000000083200000, 0x0000000083200000|100%|HS|  |TAMS 0x0000000083100000, 0x0000000083100000| Complete 
|  50|0x0000000083200000, 0x0000000083300000, 0x0000000083300000|100%| O|  |TAMS 0x0000000083300000, 0x0000000083200000| Complete 
|  51|0x0000000083300000, 0x0000000083400000, 0x0000000083400000|100%| O|  |TAMS 0x0000000083400000, 0x0000000083300000| Complete 
|  52|0x0000000083400000, 0x0000000083500000, 0x0000000083500000|100%| O|  |TAMS 0x0000000083500000, 0x0000000083400000| Complete 
|  53|0x0000000083500000, 0x0000000083600000, 0x0000000083600000|100%| O|  |TAMS 0x0000000083600000, 0x0000000083500000| Complete 
|  54|0x0000000083600000, 0x0000000083700000, 0x0000000083700000|100%| O|  |TAMS 0x0000000083700000, 0x0000000083600000| Complete 
|  55|0x0000000083700000, 0x0000000083800000, 0x0000000083800000|100%| O|  |TAMS 0x0000000083800000, 0x0000000083700000| Complete 
|  56|0x0000000083800000, 0x0000000083900000, 0x0000000083900000|100%| O|  |TAMS 0x0000000083900000, 0x0000000083800000| Complete 
|  57|0x0000000083900000, 0x0000000083a00000, 0x0000000083a00000|100%| O|  |TAMS 0x0000000083a00000, 0x0000000083900000| Complete 
|  58|0x0000000083a00000, 0x0000000083b00000, 0x0000000083b00000|100%| O|  |TAMS 0x0000000083b00000, 0x0000000083a00000| Complete 
|  59|0x0000000083b00000, 0x0000000083c00000, 0x0000000083c00000|100%| O|  |TAMS 0x0000000083c00000, 0x0000000083b00000| Complete 
|  60|0x0000000083c00000, 0x0000000083d00000, 0x0000000083d00000|100%| O|  |TAMS 0x0000000083d00000, 0x0000000083c00000| Complete 
|  61|0x0000000083d00000, 0x0000000083e00000, 0x0000000083e00000|100%| O|  |TAMS 0x0000000083e00000, 0x0000000083d00000| Complete 
|  62|0x0000000083e00000, 0x0000000083f00000, 0x0000000083f00000|100%|HS|  |TAMS 0x0000000083f00000, 0x0000000083e00000| Complete 
|  63|0x0000000083f00000, 0x0000000084000000, 0x0000000084000000|100%|HC|  |TAMS 0x0000000084000000, 0x0000000083f00000| Complete 
|  64|0x0000000084000000, 0x0000000084100000, 0x0000000084100000|100%| O|  |TAMS 0x0000000084100000, 0x0000000084000000| Complete 
|  65|0x0000000084100000, 0x0000000084200000, 0x0000000084200000|100%| O|  |TAMS 0x0000000084200000, 0x0000000084100000| Complete 
|  66|0x0000000084200000, 0x0000000084300000, 0x0000000084300000|100%| O|  |TAMS 0x0000000084300000, 0x0000000084200000| Complete 
|  67|0x0000000084300000, 0x000000008438e000, 0x0000000084400000| 55%| O|  |TAMS 0x000000008438e000, 0x0000000084300000| Untracked 
|  68|0x0000000084400000, 0x0000000084500000, 0x0000000084500000|100%|HS|  |TAMS 0x0000000084400000, 0x0000000084400000| Complete 
|  69|0x0000000084500000, 0x0000000084600000, 0x0000000084600000|100%|HC|  |TAMS 0x0000000084500000, 0x0000000084500000| Complete 
|  70|0x0000000084600000, 0x0000000084700000, 0x0000000084700000|100%| O|  |TAMS 0x0000000084700000, 0x0000000084600000| Untracked 
|  71|0x0000000084700000, 0x0000000084700000, 0x0000000084800000|  0%| F|  |TAMS 0x0000000084700000, 0x0000000084700000| Untracked 
|  72|0x0000000084800000, 0x0000000084800000, 0x0000000084900000|  0%| F|  |TAMS 0x0000000084800000, 0x0000000084800000| Untracked 
|  73|0x0000000084900000, 0x0000000084a00000, 0x0000000084a00000|100%| O|  |TAMS 0x0000000084a00000, 0x0000000084900000| Complete 
|  74|0x0000000084a00000, 0x0000000084b00000, 0x0000000084b00000|100%| O|  |TAMS 0x0000000084b00000, 0x0000000084a00000| Complete 
|  75|0x0000000084b00000, 0x0000000084c00000, 0x0000000084c00000|100%|HS|  |TAMS 0x0000000084b00000, 0x0000000084b00000| Complete 
|  76|0x0000000084c00000, 0x0000000084d00000, 0x0000000084d00000|100%|HC|  |TAMS 0x0000000084c00000, 0x0000000084c00000| Complete 
|  77|0x0000000084d00000, 0x0000000084e00000, 0x0000000084e00000|100%| O|  |TAMS 0x0000000084e00000, 0x0000000084d00000| Untracked 
|  78|0x0000000084e00000, 0x0000000084f00000, 0x0000000084f00000|100%| O|  |TAMS 0x0000000084f00000, 0x0000000084e00000| Untracked 
|  79|0x0000000084f00000, 0x0000000085000000, 0x0000000085000000|100%| O|  |TAMS 0x0000000085000000, 0x0000000084f00000| Untracked 
|  80|0x0000000085000000, 0x0000000085100000, 0x0000000085100000|100%| O|  |TAMS 0x0000000085100000, 0x0000000085000000| Complete 
|  81|0x0000000085100000, 0x0000000085200000, 0x0000000085200000|100%| O|  |TAMS 0x0000000085200000, 0x0000000085100000| Complete 
|  82|0x0000000085200000, 0x0000000085300000, 0x0000000085300000|100%| O|  |TAMS 0x0000000085300000, 0x0000000085200000| Complete 
|  83|0x0000000085300000, 0x0000000085300000, 0x0000000085400000|  0%| F|  |TAMS 0x0000000085300000, 0x0000000085300000| Untracked 
|  84|0x0000000085400000, 0x0000000085500000, 0x0000000085500000|100%| O|  |TAMS 0x0000000085500000, 0x0000000085400000| Complete 
|  85|0x0000000085500000, 0x0000000085600000, 0x0000000085600000|100%| O|  |TAMS 0x0000000085600000, 0x0000000085500000| Complete 
|  86|0x0000000085600000, 0x0000000085700000, 0x0000000085700000|100%| O|  |TAMS 0x0000000085700000, 0x0000000085600000| Complete 
|  87|0x0000000085700000, 0x0000000085800000, 0x0000000085800000|100%| O|  |TAMS 0x0000000085800000, 0x0000000085700000| Untracked 
|  88|0x0000000085800000, 0x0000000085900000, 0x0000000085900000|100%|HS|  |TAMS 0x0000000085800000, 0x0000000085800000| Complete 
|  89|0x0000000085900000, 0x0000000085a00000, 0x0000000085a00000|100%|HC|  |TAMS 0x0000000085900000, 0x0000000085900000| Complete 
|  90|0x0000000085a00000, 0x0000000085b00000, 0x0000000085b00000|100%| O|  |TAMS 0x0000000085b00000, 0x0000000085a00000| Complete 
|  91|0x0000000085b00000, 0x0000000085c00000, 0x0000000085c00000|100%| O|  |TAMS 0x0000000085c00000, 0x0000000085b00000| Complete 
|  92|0x0000000085c00000, 0x0000000085d00000, 0x0000000085d00000|100%| O|  |TAMS 0x0000000085d00000, 0x0000000085c00000| Complete 
|  93|0x0000000085d00000, 0x0000000085d00000, 0x0000000085e00000|  0%| F|  |TAMS 0x0000000085d00000, 0x0000000085d00000| Untracked 
|  94|0x0000000085e00000, 0x0000000085f00000, 0x0000000085f00000|100%| O|  |TAMS 0x0000000085f00000, 0x0000000085e00000| Untracked 
|  95|0x0000000085f00000, 0x0000000086000000, 0x0000000086000000|100%|HS|  |TAMS 0x0000000085f00000, 0x0000000085f00000| Complete 
|  96|0x0000000086000000, 0x0000000086100000, 0x0000000086100000|100%|HC|  |TAMS 0x0000000086000000, 0x0000000086000000| Complete 
|  97|0x0000000086100000, 0x0000000086200000, 0x0000000086200000|100%|HS|  |TAMS 0x0000000086100000, 0x0000000086100000| Complete 
|  98|0x0000000086200000, 0x0000000086300000, 0x0000000086300000|100%|HC|  |TAMS 0x0000000086200000, 0x0000000086200000| Complete 
|  99|0x0000000086300000, 0x0000000086400000, 0x0000000086400000|100%|HS|  |TAMS 0x0000000086300000, 0x0000000086300000| Complete 
| 100|0x0000000086400000, 0x0000000086500000, 0x0000000086500000|100%|HC|  |TAMS 0x0000000086400000, 0x0000000086400000| Complete 
| 101|0x0000000086500000, 0x0000000086600000, 0x0000000086600000|100%|HS|  |TAMS 0x0000000086500000, 0x0000000086500000| Complete 
| 102|0x0000000086600000, 0x0000000086700000, 0x0000000086700000|100%|HC|  |TAMS 0x0000000086600000, 0x0000000086600000| Complete 
| 103|0x0000000086700000, 0x0000000086800000, 0x0000000086800000|100%|HS|  |TAMS 0x0000000086700000, 0x0000000086700000| Complete 
| 104|0x0000000086800000, 0x0000000086900000, 0x0000000086900000|100%|HC|  |TAMS 0x0000000086800000, 0x0000000086800000| Complete 
| 105|0x0000000086900000, 0x0000000086a00000, 0x0000000086a00000|100%|HS|  |TAMS 0x0000000086900000, 0x0000000086900000| Complete 
| 106|0x0000000086a00000, 0x0000000086b00000, 0x0000000086b00000|100%|HC|  |TAMS 0x0000000086a00000, 0x0000000086a00000| Complete 
| 107|0x0000000086b00000, 0x0000000086b00000, 0x0000000086c00000|  0%| F|  |TAMS 0x0000000086b00000, 0x0000000086b00000| Untracked 
| 108|0x0000000086c00000, 0x0000000086c00000, 0x0000000086d00000|  0%| F|  |TAMS 0x0000000086c00000, 0x0000000086c00000| Untracked 
| 109|0x0000000086d00000, 0x0000000086d00000, 0x0000000086e00000|  0%| F|  |TAMS 0x0000000086d00000, 0x0000000086d00000| Untracked 
| 110|0x0000000086e00000, 0x0000000086e00000, 0x0000000086f00000|  0%| F|  |TAMS 0x0000000086e00000, 0x0000000086e00000| Untracked 
| 111|0x0000000086f00000, 0x0000000086f00000, 0x0000000087000000|  0%| F|  |TAMS 0x0000000086f00000, 0x0000000086f00000| Untracked 
| 112|0x0000000087000000, 0x0000000087000000, 0x0000000087100000|  0%| F|  |TAMS 0x0000000087000000, 0x0000000087000000| Untracked 
| 113|0x0000000087100000, 0x0000000087100000, 0x0000000087200000|  0%| F|  |TAMS 0x0000000087100000, 0x0000000087100000| Untracked 
| 114|0x0000000087200000, 0x0000000087200000, 0x0000000087300000|  0%| F|  |TAMS 0x0000000087200000, 0x0000000087200000| Untracked 
| 115|0x0000000087300000, 0x0000000087300000, 0x0000000087400000|  0%| F|  |TAMS 0x0000000087300000, 0x0000000087300000| Untracked 
| 116|0x0000000087400000, 0x0000000087400000, 0x0000000087500000|  0%| F|  |TAMS 0x0000000087400000, 0x0000000087400000| Untracked 
| 117|0x0000000087500000, 0x0000000087500000, 0x0000000087600000|  0%| F|  |TAMS 0x0000000087500000, 0x0000000087500000| Untracked 
| 118|0x0000000087600000, 0x0000000087600000, 0x0000000087700000|  0%| F|  |TAMS 0x0000000087600000, 0x0000000087600000| Untracked 
| 119|0x0000000087700000, 0x0000000087700000, 0x0000000087800000|  0%| F|  |TAMS 0x0000000087700000, 0x0000000087700000| Untracked 
| 120|0x0000000087800000, 0x0000000087800000, 0x0000000087900000|  0%| F|  |TAMS 0x0000000087800000, 0x0000000087800000| Untracked 
| 121|0x0000000087900000, 0x0000000087900000, 0x0000000087a00000|  0%| F|  |TAMS 0x0000000087900000, 0x0000000087900000| Untracked 
| 122|0x0000000087a00000, 0x0000000087a00000, 0x0000000087b00000|  0%| F|  |TAMS 0x0000000087a00000, 0x0000000087a00000| Untracked 
| 123|0x0000000087b00000, 0x0000000087b00000, 0x0000000087c00000|  0%| F|  |TAMS 0x0000000087b00000, 0x0000000087b00000| Untracked 
| 124|0x0000000087c00000, 0x0000000087c00000, 0x0000000087d00000|  0%| F|  |TAMS 0x0000000087c00000, 0x0000000087c00000| Untracked 
| 125|0x0000000087d00000, 0x0000000087d00000, 0x0000000087e00000|  0%| F|  |TAMS 0x0000000087d00000, 0x0000000087d00000| Untracked 
| 126|0x0000000087e00000, 0x0000000087e00000, 0x0000000087f00000|  0%| F|  |TAMS 0x0000000087e00000, 0x0000000087e00000| Untracked 
| 127|0x0000000087f00000, 0x0000000087f00000, 0x0000000088000000|  0%| F|  |TAMS 0x0000000087f00000, 0x0000000087f00000| Untracked 
| 128|0x0000000088000000, 0x0000000088000000, 0x0000000088100000|  0%| F|  |TAMS 0x0000000088000000, 0x0000000088000000| Untracked 
| 129|0x0000000088100000, 0x0000000088100000, 0x0000000088200000|  0%| F|  |TAMS 0x0000000088100000, 0x0000000088100000| Untracked 
| 130|0x0000000088200000, 0x0000000088200000, 0x0000000088300000|  0%| F|  |TAMS 0x0000000088200000, 0x0000000088200000| Untracked 
| 131|0x0000000088300000, 0x0000000088300000, 0x0000000088400000|  0%| F|  |TAMS 0x0000000088300000, 0x0000000088300000| Untracked 
| 132|0x0000000088400000, 0x0000000088400000, 0x0000000088500000|  0%| F|  |TAMS 0x0000000088400000, 0x0000000088400000| Untracked 
| 133|0x0000000088500000, 0x0000000088500000, 0x0000000088600000|  0%| F|  |TAMS 0x0000000088500000, 0x0000000088500000| Untracked 
| 134|0x0000000088600000, 0x00000000886a1608, 0x0000000088700000| 63%| E|  |TAMS 0x0000000088600000, 0x0000000088600000| Complete 
| 135|0x0000000088700000, 0x0000000088800000, 0x0000000088800000|100%| E|CS|TAMS 0x0000000088700000, 0x0000000088700000| Complete 
| 136|0x0000000088800000, 0x0000000088864248, 0x0000000088900000| 39%| S|CS|TAMS 0x0000000088800000, 0x0000000088800000| Complete 
| 137|0x0000000088900000, 0x0000000088a00000, 0x0000000088a00000|100%| E|CS|TAMS 0x0000000088900000, 0x0000000088900000| Complete 
| 138|0x0000000088a00000, 0x0000000088b00000, 0x0000000088b00000|100%| E|CS|TAMS 0x0000000088a00000, 0x0000000088a00000| Complete 
| 139|0x0000000088b00000, 0x0000000088c00000, 0x0000000088c00000|100%| E|CS|TAMS 0x0000000088b00000, 0x0000000088b00000| Complete 
| 140|0x0000000088c00000, 0x0000000088d00000, 0x0000000088d00000|100%| E|CS|TAMS 0x0000000088c00000, 0x0000000088c00000| Complete 
| 141|0x0000000088d00000, 0x0000000088e00000, 0x0000000088e00000|100%| E|CS|TAMS 0x0000000088d00000, 0x0000000088d00000| Complete 
| 142|0x0000000088e00000, 0x0000000088f00000, 0x0000000088f00000|100%| E|CS|TAMS 0x0000000088e00000, 0x0000000088e00000| Complete 
| 143|0x0000000088f00000, 0x0000000089000000, 0x0000000089000000|100%| E|CS|TAMS 0x0000000088f00000, 0x0000000088f00000| Complete 
| 144|0x0000000089000000, 0x0000000089100000, 0x0000000089100000|100%| E|CS|TAMS 0x0000000089000000, 0x0000000089000000| Complete 
| 145|0x0000000089100000, 0x0000000089200000, 0x0000000089200000|100%| E|CS|TAMS 0x0000000089100000, 0x0000000089100000| Complete 
| 146|0x0000000089200000, 0x0000000089300000, 0x0000000089300000|100%| E|CS|TAMS 0x0000000089200000, 0x0000000089200000| Complete 
| 147|0x0000000089300000, 0x0000000089400000, 0x0000000089400000|100%| E|CS|TAMS 0x0000000089300000, 0x0000000089300000| Complete 
| 148|0x0000000089400000, 0x0000000089500000, 0x0000000089500000|100%| E|CS|TAMS 0x0000000089400000, 0x0000000089400000| Complete 
| 149|0x0000000089500000, 0x0000000089600000, 0x0000000089600000|100%| E|CS|TAMS 0x0000000089500000, 0x0000000089500000| Complete 
| 150|0x0000000089600000, 0x0000000089700000, 0x0000000089700000|100%| E|CS|TAMS 0x0000000089600000, 0x0000000089600000| Complete 
| 151|0x0000000089700000, 0x0000000089800000, 0x0000000089800000|100%| E|CS|TAMS 0x0000000089700000, 0x0000000089700000| Complete 

Card table byte_map: [0x0000020a2ba80000,0x0000020a2be80000] _byte_map_base: 0x0000020a2b680000

Marking Bits (Prev, Next): (CMBitMap*) 0x0000020a1867da08, (CMBitMap*) 0x0000020a1867da40
 Prev Bits: [0x0000020a2c280000, 0x0000020a2e280000)
 Next Bits: [0x0000020a2e280000, 0x0000020a30280000)

Polling page: 0x0000020a165f0000

Metaspace:

Usage:
  Non-class:     96.96 MB capacity,    95.07 MB ( 98%) used,     1.55 MB (  2%) free+waste,   349.19 KB ( <1%) overhead. 
      Class:     14.40 MB capacity,    13.37 MB ( 93%) used,   905.40 KB (  6%) free+waste,   152.56 KB (  1%) overhead. 
       Both:    111.36 MB capacity,   108.44 MB ( 97%) used,     2.43 MB (  2%) free+waste,   501.75 KB ( <1%) overhead. 

Virtual space:
  Non-class space:       98.00 MB reserved,      97.00 MB ( 99%) committed 
      Class space:        1.00 GB reserved,      14.50 MB (  1%) committed 
             Both:        1.10 GB reserved,     111.50 MB ( 10%) committed 

Chunk freelists:
   Non-Class:  0 bytes
       Class:  0 bytes
        Both:  0 bytes

MaxMetaspaceSize: 17179869184.00 GB
CompressedClassSpaceSize: 1.00 GB

CodeHeap 'non-profiled nmethods': size=120000Kb used=13185Kb max_used=13185Kb free=106815Kb
 bounds [0x0000020a23c00000, 0x0000020a24900000, 0x0000020a2b130000]
CodeHeap 'profiled nmethods': size=120000Kb used=44291Kb max_used=44876Kb free=75709Kb
 bounds [0x0000020a1c6d0000, 0x0000020a1f300000, 0x0000020a23c00000]
CodeHeap 'non-nmethods': size=5760Kb used=2305Kb max_used=2389Kb free=3454Kb
 bounds [0x0000020a1c130000, 0x0000020a1c3a0000, 0x0000020a1c6d0000]
 total_blobs=20441 nmethods=19531 adapters=820
 compilation: enabled
              stopped_count=0, restarted_count=0
 full_count=0

Compilation events (20 events):
Event: 1080.453 Thread 0x0000020a337e1000 nmethod 20653 0x0000020a23e0ba10 code [0x0000020a23e0bbc0, 0x0000020a23e0c898]
Event: 1080.454 Thread 0x0000020a337e1000 20658       4       org.gradle.api.internal.artifacts.ivyservice.resolveengine.result.DefaultComponentSelectionDescriptor::equals (82 bytes)
Event: 1080.454 Thread 0x0000020a337e1000 nmethod 20658 0x0000020a23e0b690 code [0x0000020a23e0b820, 0x0000020a23e0b8f8]
Event: 1080.454 Thread 0x0000020a337e1000 20654       4       org.gradle.internal.component.external.model.DefaultConfigurationMetadata::<init> (39 bytes)
Event: 1080.460 Thread 0x0000020a337e1000 nmethod 20654 0x0000020a23e0aa90 code [0x0000020a23e0ac20, 0x0000020a23e0b558]
Event: 1080.460 Thread 0x0000020a337e1000 20657       4       org.gradle.internal.resolve.result.DefaultBuildableComponentResolveResult::hasResult (20 bytes)
Event: 1080.460 Thread 0x0000020a337e1000 nmethod 20657 0x0000020a23e0a790 code [0x0000020a23e0a920, 0x0000020a23e0a9b8]
Event: 1080.466 Thread 0x0000020a337e1000 20659   !   4       org.gradle.cache.internal.DefaultCacheAccess::takeOwnership (50 bytes)
Event: 1080.469 Thread 0x0000020a337e2000 20663       3       org.gradle.internal.component.external.model.AbstractMutableModuleComponentResolveMetadata$ImmutableVariantImpl::getArtifacts (71 bytes)
Event: 1080.470 Thread 0x0000020a337e2000 nmethod 20663 0x0000020a1ca60e10 code [0x0000020a1ca61180, 0x0000020a1ca62be8]
Event: 1080.470 Thread 0x0000020a337e2000 20662       3       org.gradle.internal.component.external.model.AbstractVariantBackedConfigurationMetadata::getArtifacts (10 bytes)
Event: 1080.471 Thread 0x0000020a337e2000 nmethod 20662 0x0000020a1c9f6690 code [0x0000020a1c9f6840, 0x0000020a1c9f6a08]
Event: 1080.471 Thread 0x0000020a337e2000 20664       3       org.gradle.internal.component.external.model.MetadataSourcedComponentArtifacts::getArtifactsFor (43 bytes)
Event: 1080.471 Thread 0x0000020a337e2000 nmethod 20664 0x0000020a1c9ff190 code [0x0000020a1c9ff3a0, 0x0000020a1c9ff918]
Event: 1080.471 Thread 0x0000020a337e2000 20667  s    3       org.gradle.internal.work.DefaultWorkerLeaseService::getWorkerLease (27 bytes)
Event: 1080.471 Thread 0x0000020a337e2000 nmethod 20667 0x0000020a1ca05390 code [0x0000020a1ca05560, 0x0000020a1ca05828]
Event: 1080.473 Thread 0x0000020a337e2000 20668       3       org.gradle.api.internal.artifacts.ivyservice.resolveengine.artifact.CompositeResolvedArtifactSet::startVisit (78 bytes)
Event: 1080.473 Thread 0x0000020a337e2000 nmethod 20668 0x0000020a1ca39290 code [0x0000020a1ca39540, 0x0000020a1ca3a398]
Event: 1080.477 Thread 0x0000020a337e2000 20674       3       org.gradle.api.internal.artifacts.ivyservice.resolveengine.artifact.CompositeResolvedArtifactSet$CompositeResult::visit (40 bytes)
Event: 1080.477 Thread 0x0000020a337e2000 nmethod 20674 0x0000020a1ca07890 code [0x0000020a1ca07aa0, 0x0000020a1ca08058]

GC Heap History (20 events):
Event: 987.423 GC heap before
{Heap before GC invocations=69 (full 0):
 garbage-first heap   total 155648K, used 92487K [0x0000000080000000, 0x0000000100000000)
  region size 1024K, 8 young (8192K), 1 survivors (1024K)
 Metaspace       used 110407K, capacity 113277K, committed 113536K, reserved 1148928K
  class space    used 13665K, capacity 14707K, committed 14720K, reserved 1048576K
}
Event: 987.426 GC heap after
{Heap after GC invocations=70 (full 0):
 garbage-first heap   total 155648K, used 86454K [0x0000000080000000, 0x0000000100000000)
  region size 1024K, 1 young (1024K), 1 survivors (1024K)
 Metaspace       used 110407K, capacity 113277K, committed 113536K, reserved 1148928K
  class space    used 13665K, capacity 14707K, committed 14720K, reserved 1048576K
}
Event: 1043.683 GC heap before
{Heap before GC invocations=71 (full 0):
 garbage-first heap   total 155648K, used 138678K [0x0000000080000000, 0x0000000100000000)
  region size 1024K, 35 young (35840K), 1 survivors (1024K)
 Metaspace       used 110555K, capacity 113413K, committed 113536K, reserved 1148928K
  class space    used 13665K, capacity 14708K, committed 14720K, reserved 1048576K
}
Event: 1043.692 GC heap after
{Heap after GC invocations=72 (full 0):
 garbage-first heap   total 155648K, used 88787K [0x0000000080000000, 0x0000000100000000)
  region size 1024K, 4 young (4096K), 4 survivors (4096K)
 Metaspace       used 110555K, capacity 113413K, committed 113536K, reserved 1148928K
  class space    used 13665K, capacity 14708K, committed 14720K, reserved 1048576K
}
Event: 1043.767 GC heap before
{Heap before GC invocations=72 (full 0):
 garbage-first heap   total 155648K, used 91859K [0x0000000080000000, 0x0000000100000000)
  region size 1024K, 7 young (7168K), 4 survivors (4096K)
 Metaspace       used 110555K, capacity 113413K, committed 113536K, reserved 1148928K
  class space    used 13665K, capacity 14708K, committed 14720K, reserved 1048576K
}
Event: 1043.790 GC heap after
{Heap after GC invocations=73 (full 0):
 garbage-first heap   total 155648K, used 80623K [0x0000000080000000, 0x0000000100000000)
  region size 1024K, 1 young (1024K), 1 survivors (1024K)
 Metaspace       used 110555K, capacity 113413K, committed 113536K, reserved 1148928K
  class space    used 13665K, capacity 14708K, committed 14720K, reserved 1048576K
}
Event: 1044.781 GC heap before
{Heap before GC invocations=73 (full 0):
 garbage-first heap   total 155648K, used 113391K [0x0000000080000000, 0x0000000100000000)
  region size 1024K, 35 young (35840K), 1 survivors (1024K)
 Metaspace       used 110630K, capacity 113543K, committed 113792K, reserved 1148928K
  class space    used 13666K, capacity 14708K, committed 14720K, reserved 1048576K
}
Event: 1044.788 GC heap after
{Heap after GC invocations=74 (full 0):
 garbage-first heap   total 155648K, used 82800K [0x0000000080000000, 0x0000000100000000)
  region size 1024K, 3 young (3072K), 3 survivors (3072K)
 Metaspace       used 110630K, capacity 113543K, committed 113792K, reserved 1148928K
  class space    used 13666K, capacity 14708K, committed 14720K, reserved 1048576K
}
Event: 1045.830 GC heap before
{Heap before GC invocations=75 (full 0):
 garbage-first heap   total 155648K, used 122736K [0x0000000080000000, 0x0000000100000000)
  region size 1024K, 41 young (41984K), 3 survivors (3072K)
 Metaspace       used 110663K, capacity 113615K, committed 113792K, reserved 1148928K
  class space    used 13666K, capacity 14708K, committed 14720K, reserved 1048576K
}
Event: 1045.837 GC heap after
{Heap after GC invocations=76 (full 0):
 garbage-first heap   total 155648K, used 93652K [0x0000000080000000, 0x0000000100000000)
  region size 1024K, 6 young (6144K), 6 survivors (6144K)
 Metaspace       used 110663K, capacity 113615K, committed 113792K, reserved 1148928K
  class space    used 13666K, capacity 14708K, committed 14720K, reserved 1048576K
}
Event: 1045.841 GC heap before
{Heap before GC invocations=76 (full 0):
 garbage-first heap   total 155648K, used 94676K [0x0000000080000000, 0x0000000100000000)
  region size 1024K, 7 young (7168K), 6 survivors (6144K)
 Metaspace       used 110664K, capacity 113615K, committed 113792K, reserved 1148928K
  class space    used 13666K, capacity 14708K, committed 14720K, reserved 1048576K
}
Event: 1045.848 GC heap after
{Heap after GC invocations=77 (full 0):
 garbage-first heap   total 155648K, used 88823K [0x0000000080000000, 0x0000000100000000)
  region size 1024K, 1 young (1024K), 1 survivors (1024K)
 Metaspace       used 110664K, capacity 113615K, committed 113792K, reserved 1148928K
  class space    used 13666K, capacity 14708K, committed 14720K, reserved 1048576K
}
Event: 1046.299 GC heap before
{Heap before GC invocations=77 (full 0):
 garbage-first heap   total 155648K, used 121591K [0x0000000080000000, 0x0000000100000000)
  region size 1024K, 34 young (34816K), 1 survivors (1024K)
 Metaspace       used 110695K, capacity 113616K, committed 113792K, reserved 1148928K
  class space    used 13666K, capacity 14708K, committed 14720K, reserved 1048576K
}
Event: 1046.303 GC heap after
{Heap after GC invocations=78 (full 0):
 garbage-first heap   total 155648K, used 89913K [0x0000000080000000, 0x0000000100000000)
  region size 1024K, 2 young (2048K), 2 survivors (2048K)
 Metaspace       used 110695K, capacity 113616K, committed 113792K, reserved 1148928K
  class space    used 13666K, capacity 14708K, committed 14720K, reserved 1048576K
}
Event: 1046.871 GC heap before
{Heap before GC invocations=79 (full 0):
 garbage-first heap   total 155648K, used 123705K [0x0000000080000000, 0x0000000100000000)
  region size 1024K, 36 young (36864K), 2 survivors (2048K)
 Metaspace       used 110856K, capacity 113816K, committed 114048K, reserved 1148928K
  class space    used 13667K, capacity 14709K, committed 14720K, reserved 1048576K
}
Event: 1046.875 GC heap after
{Heap after GC invocations=80 (full 0):
 garbage-first heap   total 155648K, used 90713K [0x0000000080000000, 0x0000000100000000)
  region size 1024K, 3 young (3072K), 3 survivors (3072K)
 Metaspace       used 110856K, capacity 113816K, committed 114048K, reserved 1148928K
  class space    used 13667K, capacity 14709K, committed 14720K, reserved 1048576K
}
Event: 1046.955 GC heap before
{Heap before GC invocations=80 (full 0):
 garbage-first heap   total 155648K, used 94809K [0x0000000080000000, 0x0000000100000000)
  region size 1024K, 7 young (7168K), 3 survivors (3072K)
 Metaspace       used 110917K, capacity 113896K, committed 114048K, reserved 1148928K
  class space    used 13668K, capacity 14711K, committed 14720K, reserved 1048576K
}
Event: 1046.960 GC heap after
{Heap after GC invocations=81 (full 0):
 garbage-first heap   total 155648K, used 87101K [0x0000000080000000, 0x0000000100000000)
  region size 1024K, 1 young (1024K), 1 survivors (1024K)
 Metaspace       used 110917K, capacity 113896K, committed 114048K, reserved 1148928K
  class space    used 13668K, capacity 14711K, committed 14720K, reserved 1048576K
}
Event: 1047.162 GC heap before
{Heap before GC invocations=81 (full 0):
 garbage-first heap   total 155648K, used 100413K [0x0000000080000000, 0x0000000100000000)
  region size 1024K, 15 young (15360K), 1 survivors (1024K)
 Metaspace       used 110918K, capacity 113896K, committed 114048K, reserved 1148928K
  class space    used 13668K, capacity 14711K, committed 14720K, reserved 1048576K
}
Event: 1047.165 GC heap after
{Heap after GC invocations=82 (full 0):
 garbage-first heap   total 155648K, used 86984K [0x0000000080000000, 0x0000000100000000)
  region size 1024K, 1 young (1024K), 1 survivors (1024K)
 Metaspace       used 110918K, capacity 113896K, committed 114048K, reserved 1148928K
  class space    used 13668K, capacity 14711K, committed 14720K, reserved 1048576K
}

Deoptimization events (20 events):
Event: 1046.326 Thread 0x0000020a38e9f000 DEOPT PACKING pc=0x0000020a23c3cce8 sp=0x000000ab81afda80
Event: 1046.326 Thread 0x0000020a38e9f000 DEOPT UNPACKING pc=0x0000020a1c1578af sp=0x000000ab81afd998 mode 2
Event: 1046.446 Thread 0x0000020a346d5800 DEOPT PACKING pc=0x0000020a1d84bc24 sp=0x000000ab893fd5b0
Event: 1046.446 Thread 0x0000020a346d5800 DEOPT UNPACKING pc=0x0000020a1c1576ce sp=0x000000ab893fcb18 mode 0
Event: 1046.528 Thread 0x0000020a38ea5800 Uncommon trap: trap_request=0xffffff4d fr.pc=0x0000020a2422ffac relative=0x000000000000198c
Event: 1046.528 Thread 0x0000020a38ea5800 Uncommon trap: reason=unstable_if action=reinterpret pc=0x0000020a2422ffac method=java.util.concurrent.locks.LockSupport.unpark(Ljava/lang/Thread;)V @ 1 c2
Event: 1046.528 Thread 0x0000020a38ea5800 DEOPT PACKING pc=0x0000020a2422ffac sp=0x000000ab81bfcfb0
Event: 1046.528 Thread 0x0000020a38ea5800 DEOPT UNPACKING pc=0x0000020a1c1578af sp=0x000000ab81bfcd08 mode 2
Event: 1047.327 Thread 0x0000020a3cdbc800 Uncommon trap: trap_request=0xfffffff4 fr.pc=0x0000020a2424ca90 relative=0x0000000000000550
Event: 1047.327 Thread 0x0000020a3cdbc800 Uncommon trap: reason=null_check action=make_not_entrant pc=0x0000020a2424ca90 method=java.lang.ThreadLocal$ThreadLocalMap.expungeStaleEntry(I)I @ 51 c2
Event: 1047.329 Thread 0x0000020a3cdbc800 DEOPT PACKING pc=0x0000020a2424ca90 sp=0x000000ab809fba10
Event: 1047.329 Thread 0x0000020a3cdbc800 DEOPT UNPACKING pc=0x0000020a1c1578af sp=0x000000ab809fb9b0 mode 2
Event: 1047.365 Thread 0x0000020a3cdbc800 Uncommon trap: trap_request=0xffffff45 fr.pc=0x0000020a245096f8 relative=0x0000000000005b98
Event: 1047.365 Thread 0x0000020a3cdbc800 Uncommon trap: reason=unstable_fused_if action=reinterpret pc=0x0000020a245096f8 method=java.text.SimpleDateFormat.zeroPaddingNumber(IIILjava/lang/StringBuffer;)V @ 36 c2
Event: 1047.365 Thread 0x0000020a3cdbc800 DEOPT PACKING pc=0x0000020a245096f8 sp=0x000000ab809fdb10
Event: 1047.365 Thread 0x0000020a3cdbc800 DEOPT UNPACKING pc=0x0000020a1c1578af sp=0x000000ab809fda68 mode 2
Event: 1047.381 Thread 0x0000020a3cdbd800 Uncommon trap: trap_request=0xffffff45 fr.pc=0x0000020a247b6e4c relative=0x0000000000002aec
Event: 1047.381 Thread 0x0000020a3cdbd800 Uncommon trap: reason=unstable_fused_if action=reinterpret pc=0x0000020a247b6e4c method=java.text.SimpleDateFormat.zeroPaddingNumber(IIILjava/lang/StringBuffer;)V @ 36 c2
Event: 1047.381 Thread 0x0000020a3cdbd800 DEOPT PACKING pc=0x0000020a247b6e4c sp=0x000000ab804fdec0
Event: 1047.381 Thread 0x0000020a3cdbd800 DEOPT UNPACKING pc=0x0000020a1c1578af sp=0x000000ab804fded0 mode 2

Classes redefined (0 events):
No events

Internal exceptions (20 events):
Event: 1046.013 Thread 0x0000020a38ea9800 Exception <a 'sun/nio/fs/WindowsException'{0x00000000886f62a8}> (0x00000000886f62a8) thrown at [./src/hotspot/share/prims/jni.cpp, line 615]
Event: 1046.013 Thread 0x0000020a38ea9800 Exception <a 'sun/nio/fs/WindowsException'{0x00000000886fc288}> (0x00000000886fc288) thrown at [./src/hotspot/share/prims/jni.cpp, line 615]
Event: 1046.013 Thread 0x0000020a38ea9800 Exception <a 'sun/nio/fs/WindowsException'{0x0000000088500110}> (0x0000000088500110) thrown at [./src/hotspot/share/prims/jni.cpp, line 615]
Event: 1046.014 Thread 0x0000020a38ea9800 Exception <a 'sun/nio/fs/WindowsException'{0x0000000088502f38}> (0x0000000088502f38) thrown at [./src/hotspot/share/prims/jni.cpp, line 615]
Event: 1046.014 Thread 0x0000020a38ea9800 Exception <a 'sun/nio/fs/WindowsException'{0x0000000088512fa8}> (0x0000000088512fa8) thrown at [./src/hotspot/share/prims/jni.cpp, line 615]
Event: 1046.017 Thread 0x0000020a38ea9800 Exception <a 'sun/nio/fs/WindowsException'{0x000000008859b290}> (0x000000008859b290) thrown at [./src/hotspot/share/prims/jni.cpp, line 615]
Event: 1046.018 Thread 0x0000020a38ea9800 Exception <a 'sun/nio/fs/WindowsException'{0x00000000885a1250}> (0x00000000885a1250) thrown at [./src/hotspot/share/prims/jni.cpp, line 615]
Event: 1046.018 Thread 0x0000020a38ea9800 Exception <a 'sun/nio/fs/WindowsException'{0x00000000885a71f8}> (0x00000000885a71f8) thrown at [./src/hotspot/share/prims/jni.cpp, line 615]
Event: 1046.018 Thread 0x0000020a38ea9800 Exception <a 'sun/nio/fs/WindowsException'{0x00000000885aaeb8}> (0x00000000885aaeb8) thrown at [./src/hotspot/share/prims/jni.cpp, line 615]
Event: 1046.019 Thread 0x0000020a38ea9800 Exception <a 'sun/nio/fs/WindowsException'{0x00000000885ada58}> (0x00000000885ada58) thrown at [./src/hotspot/share/prims/jni.cpp, line 615]
Event: 1046.019 Thread 0x0000020a38ea9800 Exception <a 'sun/nio/fs/WindowsException'{0x00000000885b5d50}> (0x00000000885b5d50) thrown at [./src/hotspot/share/prims/jni.cpp, line 615]
Event: 1046.021 Thread 0x0000020a38ea9800 Exception <a 'sun/nio/fs/WindowsException'{0x0000000088475478}> (0x0000000088475478) thrown at [./src/hotspot/share/prims/jni.cpp, line 615]
Event: 1046.022 Thread 0x0000020a38ea9800 Exception <a 'sun/nio/fs/WindowsException'{0x0000000088481da8}> (0x0000000088481da8) thrown at [./src/hotspot/share/prims/jni.cpp, line 615]
Event: 1046.276 Thread 0x0000020a38ea9800 Exception <a 'sun/nio/fs/WindowsException'{0x0000000087a7eca8}> (0x0000000087a7eca8) thrown at [./src/hotspot/share/prims/jni.cpp, line 615]
Event: 1046.276 Thread 0x0000020a38ea9800 Exception <a 'sun/nio/fs/WindowsException'{0x0000000087a7f900}> (0x0000000087a7f900) thrown at [./src/hotspot/share/prims/jni.cpp, line 615]
Event: 1046.446 Thread 0x0000020a346d8000 Exception <a 'sun/nio/fs/WindowsException'{0x00000000888e1f60}> (0x00000000888e1f60) thrown at [./src/hotspot/share/prims/jni.cpp, line 615]
Event: 1046.499 Thread 0x0000020a346d8000 Exception <a 'sun/nio/fs/WindowsException'{0x0000000087d53168}> (0x0000000087d53168) thrown at [./src/hotspot/share/prims/jni.cpp, line 615]
Event: 1046.865 Thread 0x0000020a3cdbf000 Exception <a 'sun/nio/fs/WindowsException'{0x000000008770c9b0}> (0x000000008770c9b0) thrown at [./src/hotspot/share/prims/jni.cpp, line 615]
Event: 1046.890 Thread 0x0000020a3cdbf000 Exception <a 'sun/nio/fs/WindowsException'{0x00000000896bb9e8}> (0x00000000896bb9e8) thrown at [./src/hotspot/share/prims/jni.cpp, line 615]
Event: 1047.327 Thread 0x0000020a3cdbc800 Implicit null exception at 0x0000020a2424c5f4 to 0x0000020a2424ca70

Events (20 events):
Event: 1080.142 Thread 0x0000020a3cdbb800 Thread added: 0x0000020a3cdbb800
Event: 1080.144 Thread 0x0000020a3cdc4000 Thread added: 0x0000020a3cdc4000
Event: 1080.147 Thread 0x0000020a3cdc6800 Thread added: 0x0000020a3cdc6800
Event: 1080.184 Thread 0x0000020a3cdc4800 Thread added: 0x0000020a3cdc4800
Event: 1080.471 Thread 0x0000020a3cdc5800 Thread added: 0x0000020a3cdc5800
Event: 1080.471 Thread 0x0000020a38ea3000 Thread added: 0x0000020a38ea3000
Event: 1080.471 Thread 0x0000020a38ea1000 Thread added: 0x0000020a38ea1000
Event: 1080.471 Executing VM operation: RevokeBias
Event: 1080.471 Executing VM operation: RevokeBias done
Event: 1080.471 Executing VM operation: RevokeBias
Event: 1080.471 Thread 0x0000020a38ea1800 Thread added: 0x0000020a38ea1800
Event: 1080.472 Executing VM operation: RevokeBias done
Event: 1080.472 Thread 0x0000020a38e9e800 Thread added: 0x0000020a38e9e800
Event: 1080.472 Thread 0x0000020a38ea5000 Thread added: 0x0000020a38ea5000
Event: 1080.472 Thread 0x0000020a38ea4000 Thread added: 0x0000020a38ea4000
Event: 1080.472 Thread 0x0000020a38e9f000 Thread added: 0x0000020a38e9f000
Event: 1080.472 Thread 0x0000020a38ea2800 Thread added: 0x0000020a38ea2800
Event: 1080.472 Thread 0x0000020a38ea5800 Thread added: 0x0000020a38ea5800
Event: 1080.472 Thread 0x0000020a38ea0000 Thread added: 0x0000020a38ea0000
Event: 1080.472 Thread 0x0000020a38ea9800 Thread added: 0x0000020a38ea9800


Dynamic libraries:
0x00007ff755be0000 - 0x00007ff755bea000 	D:\Android\Android Studio\jre\bin\java.exe
0x00007ffdbda00000 - 0x00007ffdbdc07000 	C:\WINDOWS\SYSTEM32\ntdll.dll
0x00007ffdbc450000 - 0x00007ffdbc50d000 	C:\WINDOWS\System32\KERNEL32.DLL
0x00007ffdbaee0000 - 0x00007ffdbb254000 	C:\WINDOWS\System32\KERNELBASE.dll
0x00007ffdbb2d0000 - 0x00007ffdbb3e1000 	C:\WINDOWS\System32\ucrtbase.dll
0x00007ffdb7490000 - 0x00007ffdb74a9000 	D:\Android\Android Studio\jre\bin\jli.dll
0x00007ffdb74b0000 - 0x00007ffdb74c7000 	D:\Android\Android Studio\jre\bin\VCRUNTIME140.dll
0x00007ffdbd2c0000 - 0x00007ffdbd46c000 	C:\WINDOWS\System32\USER32.dll
0x00007ffdbb6f0000 - 0x00007ffdbb716000 	C:\WINDOWS\System32\win32u.dll
0x00007ffda9b90000 - 0x00007ffda9e35000 	C:\WINDOWS\WinSxS\amd64_microsoft.windows.common-controls_6595b64144ccf1df_6.0.22000.120_none_9d947278b86cc467\COMCTL32.dll
0x00007ffdbd1a0000 - 0x00007ffdbd1c9000 	C:\WINDOWS\System32\GDI32.dll
0x00007ffdbd0f0000 - 0x00007ffdbd193000 	C:\WINDOWS\System32\msvcrt.dll
0x00007ffdbb5d0000 - 0x00007ffdbb6e2000 	C:\WINDOWS\System32\gdi32full.dll
0x00007ffdbb470000 - 0x00007ffdbb50d000 	C:\WINDOWS\System32\msvcp_win.dll
0x00007ffdbbb70000 - 0x00007ffdbbba1000 	C:\WINDOWS\System32\IMM32.DLL
0x00007ffdb73f0000 - 0x00007ffdb748d000 	D:\Android\Android Studio\jre\bin\msvcp140.dll
0x00007ffd68a70000 - 0x00007ffd6953f000 	D:\Android\Android Studio\jre\bin\server\jvm.dll
0x00007ffdbbc10000 - 0x00007ffdbbcbc000 	C:\WINDOWS\System32\ADVAPI32.dll
0x00007ffdbd630000 - 0x00007ffdbd6cd000 	C:\WINDOWS\System32\sechost.dll
0x00007ffdbbce0000 - 0x00007ffdbbe01000 	C:\WINDOWS\System32\RPCRT4.dll
0x00007ffdbc3a0000 - 0x00007ffdbc3a8000 	C:\WINDOWS\System32\PSAPI.DLL
0x00007ffda7620000 - 0x00007ffda7629000 	C:\WINDOWS\SYSTEM32\WSOCK32.dll
0x00007ffdb5480000 - 0x00007ffdb54b3000 	C:\WINDOWS\SYSTEM32\WINMM.dll
0x00007ffdb3620000 - 0x00007ffdb362a000 	C:\WINDOWS\SYSTEM32\VERSION.dll
0x00007ffdbbb00000 - 0x00007ffdbbb6f000 	C:\WINDOWS\System32\WS2_32.dll
0x00007ffdba010000 - 0x00007ffdba028000 	C:\WINDOWS\SYSTEM32\kernel.appcore.dll
0x00007ffdb5460000 - 0x00007ffdb5471000 	D:\Android\Android Studio\jre\bin\verify.dll
0x00007ffdb8660000 - 0x00007ffdb8881000 	C:\WINDOWS\SYSTEM32\DBGHELP.DLL
0x00007ffda6840000 - 0x00007ffda6871000 	C:\WINDOWS\SYSTEM32\dbgcore.DLL
0x00007ffdbb3f0000 - 0x00007ffdbb470000 	C:\WINDOWS\System32\bcryptPrimitives.dll
0x00007ffd8add0000 - 0x00007ffd8adf9000 	D:\Android\Android Studio\jre\bin\java.dll
0x00007ffd9b340000 - 0x00007ffd9b34b000 	D:\Android\Android Studio\jre\bin\jimage.dll
0x00007ffd98d90000 - 0x00007ffd98da8000 	D:\Android\Android Studio\jre\bin\zip.dll
0x00007ffdbc890000 - 0x00007ffdbd039000 	C:\WINDOWS\System32\SHELL32.dll
0x00007ffdb9090000 - 0x00007ffdb98f2000 	C:\WINDOWS\SYSTEM32\windows.storage.dll
0x00007ffdbc510000 - 0x00007ffdbc888000 	C:\WINDOWS\System32\combase.dll
0x00007ffdb8f20000 - 0x00007ffdb9086000 	C:\WINDOWS\SYSTEM32\wintypes.dll
0x00007ffdbd1d0000 - 0x00007ffdbd2ba000 	C:\WINDOWS\System32\SHCORE.dll
0x00007ffdbd5c0000 - 0x00007ffdbd61d000 	C:\WINDOWS\System32\shlwapi.dll
0x00007ffdbae10000 - 0x00007ffdbae31000 	C:\WINDOWS\SYSTEM32\profapi.dll
0x00007ffd8adb0000 - 0x00007ffd8adca000 	D:\Android\Android Studio\jre\bin\net.dll
0x00007ffdb5060000 - 0x00007ffdb516c000 	C:\WINDOWS\SYSTEM32\WINHTTP.dll
0x00007ffdba420000 - 0x00007ffdba487000 	C:\WINDOWS\system32\mswsock.dll
0x00007ffd8a5b0000 - 0x00007ffd8a5c4000 	D:\Android\Android Studio\jre\bin\nio.dll
0x00007ffd66740000 - 0x00007ffd66767000 	D:\GoogleDownload\gradle-6.7.1-all\gradle-6.7.1\native\fdc75f09e3144964f2cf3f50f0aa648679c211496f362492102eb8c894070792\windows-amd64\native-platform.dll
0x00007ffd55650000 - 0x00007ffd557e6000 	D:\GoogleDownload\gradle-6.7.1-all\gradle-6.7.1\native\12488b8bf47d2d4c9fbf2f6322a914ad602e24e48041cd04a747c6da556b65c4\windows-amd64\native-platform-file-events.dll
0x00007ffd9a380000 - 0x00007ffd9a38a000 	D:\Android\Android Studio\jre\bin\management.dll
0x00007ffd98bc0000 - 0x00007ffd98bcc000 	D:\Android\Android Studio\jre\bin\management_ext.dll
0x00007ffdba670000 - 0x00007ffdba688000 	C:\WINDOWS\SYSTEM32\CRYPTSP.dll
0x00007ffdb9f70000 - 0x00007ffdb9fa5000 	C:\WINDOWS\system32\rsaenh.dll
0x00007ffdba510000 - 0x00007ffdba539000 	C:\WINDOWS\SYSTEM32\USERENV.dll
0x00007ffdba850000 - 0x00007ffdba877000 	C:\WINDOWS\SYSTEM32\bcrypt.dll
0x00007ffdba660000 - 0x00007ffdba66c000 	C:\WINDOWS\SYSTEM32\CRYPTBASE.dll
0x00007ffdb9b50000 - 0x00007ffdb9b7d000 	C:\WINDOWS\SYSTEM32\IPHLPAPI.DLL
0x00007ffdbc440000 - 0x00007ffdbc449000 	C:\WINDOWS\System32\NSI.dll
0x00007ffdb5320000 - 0x00007ffdb5339000 	C:\WINDOWS\SYSTEM32\dhcpcsvc6.DLL
0x00007ffdb5440000 - 0x00007ffdb545e000 	C:\WINDOWS\SYSTEM32\dhcpcsvc.DLL
0x00007ffdb9bc0000 - 0x00007ffdb9ca7000 	C:\WINDOWS\SYSTEM32\DNSAPI.dll
0x00007ffdb5310000 - 0x00007ffdb531c000 	C:\WINDOWS\SYSTEM32\WINNSI.DLL
0x00007ffd8e570000 - 0x00007ffd8e597000 	D:\Android\Android Studio\jre\bin\sunec.dll

dbghelp: loaded successfully - version: 4.0.5 - missing functions: none
symbol engine: initialized successfully - sym options: 0x614 - pdb path: .;D:\Android\Android Studio\jre\bin;C:\WINDOWS\SYSTEM32;C:\WINDOWS\WinSxS\amd64_microsoft.windows.common-controls_6595b64144ccf1df_6.0.22000.120_none_9d947278b86cc467;D:\Android\Android Studio\jre\bin\server;D:\GoogleDownload\gradle-6.7.1-all\gradle-6.7.1\native\fdc75f09e3144964f2cf3f50f0aa648679c211496f362492102eb8c894070792\windows-amd64;D:\GoogleDownload\gradle-6.7.1-all\gradle-6.7.1\native\12488b8bf47d2d4c9fbf2f6322a914ad602e24e48041cd04a747c6da556b65c4\windows-amd64

VM Arguments:
jvm_args: --add-opens=java.base/java.util=ALL-UNNAMED --add-opens=java.base/java.lang=ALL-UNNAMED --add-opens=java.base/java.lang.invoke=ALL-UNNAMED --add-opens=java.prefs/java.util.prefs=ALL-UNNAMED -Xmx2048m -Dfile.encoding=UTF-8 -Duser.country=CN -Duser.language=zh -Duser.variant 
java_command: org.gradle.launcher.daemon.bootstrap.GradleDaemon 6.7.1
java_class_path (initial): D:\GoogleDownload\gradle-6.7.1-all\gradle-6.7.1\wrapper\dists\gradle-6.7.1-bin\bwlcbys1h7rz3272sye1xwiv6\gradle-6.7.1\lib\gradle-launcher-6.7.1.jar
Launcher Type: SUN_STANDARD

[Global flags]
     intx CICompilerCount                          = 4                                         {product} {ergonomic}
     uint ConcGCThreads                            = 3                                         {product} {ergonomic}
     uint G1ConcRefinementThreads                  = 10                                        {product} {ergonomic}
   size_t G1HeapRegionSize                         = 1048576                                   {product} {ergonomic}
    uintx GCDrainStackTargetSize                   = 64                                        {product} {ergonomic}
   size_t InitialHeapSize                          = 132120576                                 {product} {ergonomic}
   size_t MarkStackSize                            = 4194304                                   {product} {ergonomic}
   size_t MaxHeapSize                              = 2147483648                                {product} {command line}
   size_t MaxNewSize                               = 1287651328                                {product} {ergonomic}
   size_t MinHeapDeltaBytes                        = 1048576                                   {product} {ergonomic}
    uintx NonNMethodCodeHeapSize                   = 5836300                                {pd product} {ergonomic}
    uintx NonProfiledCodeHeapSize                  = 122910970                              {pd product} {ergonomic}
    uintx ProfiledCodeHeapSize                     = 122910970                              {pd product} {ergonomic}
    uintx ReservedCodeCacheSize                    = 251658240                              {pd product} {ergonomic}
     bool SegmentedCodeCache                       = true                                      {product} {ergonomic}
     bool UseCompressedClassPointers               = true                                 {lp64_product} {ergonomic}
     bool UseCompressedOops                        = true                                 {lp64_product} {ergonomic}
     bool UseG1GC                                  = true                                      {product} {ergonomic}
     bool UseLargePagesIndividualAllocation        = false                                  {pd product} {ergonomic}

Logging:
Log output configuration:
 #0: stdout all=warning uptime,level,tags
 #1: stderr all=off uptime,level,tags

Environment Variables:
JAVA_HOME=C:\Program Files\Java\jdk-17
PATH=D:\Anaconda3;D:\Anaconda3\Library\mingw-w64\bin;D:\Anaconda3\Library\usr\bin;D:\Anaconda3\Library\bin;D:\Anaconda3\Scripts;C:\Program Files\Common Files\Oracle\Java\javapath;C:\WINDOWS\system32;C:\WINDOWS;C:\WINDOWS\System32\Wbem;C:\WINDOWS\System32\WindowsPowerShell\v1.0\;C:\WINDOWS\System32\OpenSSH\;C:\Users\Fuyiyu\AppData\Local\Microsoft\WindowsApps;D:\Bandizip\;D:\AndroidSdk\platform-tools;D:\AndroidSdk\tools;D:\AndroidSdk\ndk\23.0.7599858;C:\Program Files\Java\jdk-17\bin;D:\GoogleDownload\gradle-6.7.1-all\gradle-6.7.1\bin;
USERNAME=Fuyiyu
OS=Windows_NT
PROCESSOR_IDENTIFIER=Intel64 Family 6 Model 165 Stepping 3, GenuineIntel



---------------  S Y S T E M  ---------------

OS: Windows 10 , 64 bit Build 22000 (10.0.22000.120)
OS uptime: 0 days 1:24 hours

CPU:total 12 (initial active 12) (6 cores per cpu, 2 threads per core) family 6 model 165 stepping 3 microcode 0xe0, cmov, cx8, fxsr, mmx, sse, sse2, sse3, ssse3, sse4.1, sse4.2, popcnt, avx, avx2, aes, clmul, erms, 3dnowpref, lzcnt, ht, tsc, tscinvbit, bmi1, bmi2, adx, fma

Memory: 4k page, system-wide physical 7973M (301M free)
TotalPageFile size 12069M (AvailPageFile size 2M)
current process WorkingSet (physical memory assigned to process): 286M, peak: 487M
current process commit charge ("private bytes"): 508M, peak: 548M

vm_info: OpenJDK 64-Bit Server VM (11.0.10+0-b96-7249189) for windows-amd64 JRE (11.0.10+0-b96-7249189), built on Mar 31 2021 21:44:00 by "builder" with MS VC++ 14.0 (VS2015)

END.
