#
# There is insufficient memory for the Java Runtime Environment to continue.
# Native memory allocation (mmap) failed to map 81788928 bytes for Failed to commit area from 0x0000000088000000 to 0x000000008ce00000 of length 81788928.
# Possible reasons:
#   The system is out of physical RAM or swap space
#   The process is running with CompressedOops enabled, and the Java Heap may be blocking the growth of the native heap
# Possible solutions:
#   Reduce memory load on the system
#   Increase physical memory or swap space
#   Check if swap backing store is full
#   Decrease Java heap size (-Xmx/-Xms)
#   Decrease number of Java threads
#   Decrease Java thread stack sizes (-Xss)
#   Set larger code cache with -XX:ReservedCodeCacheSize=
#   JVM is running with Unscaled Compressed Oops mode in which the Java heap is
#     placed in the first 4GB address space. The Java Heap base address is the
#     maximum limit for the native heap growth. Please use -XX:HeapBaseMinAddress
#     to set the Java Heap base and to place the Java Heap above 4GB virtual address.
# This output file may be truncated or incomplete.
#
#  Out of Memory Error (./src/hotspot/os/windows/os_windows.cpp:3301), pid=10176, tid=6960
#
# JRE version: OpenJDK Runtime Environment (11.0.10) (build 11.0.10+0-b96-7249189)
# Java VM: OpenJDK 64-Bit Server VM (11.0.10+0-b96-7249189, mixed mode, tiered, compressed oops, g1 gc, windows-amd64)
# No core dump will be written. Minidumps are not enabled by default on client versions of Windows
#

---------------  S U M M A R Y ------------

Command Line: --add-opens=java.base/java.util=ALL-UNNAMED --add-opens=java.base/java.lang=ALL-UNNAMED --add-opens=java.base/java.lang.invoke=ALL-UNNAMED --add-opens=java.prefs/java.util.prefs=ALL-UNNAMED -Xmx2048m -Dfile.encoding=UTF-8 -Duser.country=CN -Duser.language=zh -Duser.variant org.gradle.launcher.daemon.bootstrap.GradleDaemon 6.7.1

Host: Intel(R) Core(TM) i5-10500 CPU @ 3.10GHz, 12 cores, 7G,  Windows 10 , 64 bit Build 22000 (10.0.22000.120)
Time: Fri Nov 12 11:20:36 2021 中国标准时间 elapsed time: 838.439463 seconds (0d 0h 13m 58s)

---------------  T H R E A D  ---------------

Current thread (0x0000018f78f60800):  VMThread "VM Thread" [stack: 0x0000002b90500000,0x0000002b90600000] [id=6960]

Stack: [0x0000002b90500000,0x0000002b90600000]
[error occurred during error reporting (printing stack bounds), id 0xc0000005, EXCEPTION_ACCESS_VIOLATION (0xc0000005) at pc=0x0000018f619e0f2d]

Native frames: (J=compiled Java code, j=interpreted, Vv=VM code, C=native code)
V  [jvm.dll+0x5ecfaa]
V  [jvm.dll+0x722bd5]
V  [jvm.dll+0x72412d]
V  [jvm.dll+0x724745]
V  [jvm.dll+0x7246fb]
V  [jvm.dll+0x5ec348]
V  [jvm.dll+0x5ecad8]
C  [ntdll.dll+0xa826f]
C  [ntdll.dll+0x359ca]
C  [ntdll.dll+0xa727e]
C  0x0000018f619e0f2d

VM_Operation (0x0000002b935fc160): G1CollectForAllocation, mode: safepoint, requested by thread 0x0000018f02239000


---------------  P R O C E S S  ---------------

Threads class SMR info:
_java_thread_list=0x0000018f0060a9b0, length=167, elements={
0x0000018f5c6ef800, 0x0000018f78f63800, 0x0000018f78f6d800, 0x0000018f78f8e800,
0x0000018f79848800, 0x0000018f7984b800, 0x0000018f7984f800, 0x0000018f79859000,
0x0000018f7985a800, 0x0000018f799c3000, 0x0000018f7b67e800, 0x0000018f7ac4e000,
0x0000018f7ac4e800, 0x0000018f7b831800, 0x0000018f7b835800, 0x0000018f7b834800,
0x0000018f7b833000, 0x0000018f7b883800, 0x0000018f7e2de800, 0x0000018f018ba000,
0x0000018f7e595000, 0x0000018f7e599000, 0x0000018f02227000, 0x0000018f02228000,
0x0000018f02224800, 0x0000018f02224000, 0x0000018f02229000, 0x0000018f02223000,
0x0000018f0222d800, 0x0000018f02226800, 0x0000018f02229800, 0x0000018f0222a800,
0x0000018f02225800, 0x0000018f0222e800, 0x0000018f0222f800, 0x0000018f0222c000,
0x0000018f02230000, 0x0000018f0222d000, 0x0000018f02231000, 0x0000018f0222b800,
0x0000018f02237800, 0x0000018f02235000, 0x0000018f02234000, 0x0000018f02236000,
0x0000018f02232000, 0x0000018f02236800, 0x0000018f02232800, 0x0000018f02238800,
0x0000018f02239000, 0x0000018f02233800, 0x0000018f0223e000, 0x0000018f0223c800,
0x0000018f0223b000, 0x0000018f0223a000, 0x0000018f0223f000, 0x0000018f0223f800,
0x0000018f02240800, 0x0000018f0223d000, 0x0000018f06ea7800, 0x0000018f02241800,
0x0000018f0223b800, 0x0000018f02242000, 0x0000018f00de7800, 0x0000018f00de9800,
0x0000018f00de5800, 0x0000018f00de4000, 0x0000018f00de8000, 0x0000018f00de9000,
0x0000018f00de6800, 0x0000018f00dea800, 0x0000018f00de5000, 0x0000018f00dee800,
0x0000018f00df1000, 0x0000018f00df2000, 0x0000018f00df0000, 0x0000018f00def800,
0x0000018f00dee000, 0x0000018f00ded000, 0x0000018f00dec000, 0x0000018f00df2800,
0x0000018f7e2da800, 0x0000018f7e2d5800, 0x0000018f7e2d6800, 0x0000018f7e2db800,
0x0000018f7e2d8000, 0x0000018f7e2d9800, 0x0000018f7e2d9000, 0x0000018f7e2dc000,
0x0000018f7e2d7800, 0x0000018f7e2df800, 0x0000018f7e2e1000, 0x0000018f7e2e0800,
0x0000018f7e2dd000, 0x0000018f7e2de000, 0x0000018f7e2e4800, 0x0000018f7e2e2000,
0x0000018f7e2e2800, 0x0000018f7e2e3800, 0x0000018f7e58b000, 0x0000018f7e58a800,
0x0000018f7e58d800, 0x0000018f7e58c000, 0x0000018f7e58e800, 0x0000018f7e592800,
0x0000018f7e58f000, 0x0000018f7e58c800, 0x0000018f7e593800, 0x0000018f7e594000,
0x0000018f7e595800, 0x0000018f7e591000, 0x0000018f7e590000, 0x0000018f7e596800,
0x0000018f7e597800, 0x0000018f7e591800, 0x0000018f7e598000, 0x0000018f7b884000,
0x0000018f7b87f000, 0x0000018f7b881000, 0x0000018f7b885800, 0x0000018f7b886800,
0x0000018f7b882800, 0x0000018f7b887800, 0x0000018f7b881800, 0x0000018f7b88b800,
0x0000018f7b88a000, 0x0000018f7b88c800, 0x0000018f7b889000, 0x0000018f7b88d000,
0x0000018f7b88e000, 0x0000018f7b888000, 0x0000018f7b88a800, 0x0000018f018b6000,
0x0000018f018b7000, 0x0000018f018b4800, 0x0000018f018b1000, 0x0000018f018b5000,
0x0000018f018b7800, 0x0000018f018b2000, 0x0000018f018b8800, 0x0000018f018b2800,
0x0000018f018b9800, 0x0000018f018b3800, 0x0000018f018bb800, 0x0000018f018be000,
0x0000018f018bd800, 0x0000018f018bf000, 0x0000018f018bc800, 0x0000018f7b830800,
0x0000018f7b832000, 0x0000018f7b834000, 0x0000018f7b836800, 0x0000018f7b837000,
0x0000018f005c1000, 0x0000018f005c3800, 0x0000018f005c4000, 0x0000018f005c5800,
0x0000018f005c5000, 0x0000018f005c0000, 0x0000018f005c6800, 0x0000018f005c7800,
0x0000018f005c2800, 0x0000018f005c1800, 0x0000018f005cc000, 0x0000018f005cb800,
0x0000018f005ca000, 0x0000018f041bf800, 0x0000018f005c9000
}

Java Threads: ( => current thread )
  0x0000018f5c6ef800 JavaThread "main" [_thread_blocked, id=2404, stack(0x0000002b8ff00000,0x0000002b90000000)]
  0x0000018f78f63800 JavaThread "Reference Handler" daemon [_thread_blocked, id=12500, stack(0x0000002b90600000,0x0000002b90700000)]
  0x0000018f78f6d800 JavaThread "Finalizer" daemon [_thread_blocked, id=5464, stack(0x0000002b90700000,0x0000002b90800000)]
  0x0000018f78f8e800 JavaThread "Signal Dispatcher" daemon [_thread_blocked, id=11976, stack(0x0000002b90800000,0x0000002b90900000)]
  0x0000018f79848800 JavaThread "Attach Listener" daemon [_thread_blocked, id=820, stack(0x0000002b90900000,0x0000002b90a00000)]
  0x0000018f7984b800 JavaThread "Service Thread" daemon [_thread_blocked, id=1692, stack(0x0000002b90a00000,0x0000002b90b00000)]
  0x0000018f7984f800 JavaThread "C2 CompilerThread0" daemon [_thread_blocked, id=2420, stack(0x0000002b90b00000,0x0000002b90c00000)]
  0x0000018f79859000 JavaThread "C1 CompilerThread0" daemon [_thread_blocked, id=7092, stack(0x0000002b90c00000,0x0000002b90d00000)]
  0x0000018f7985a800 JavaThread "Sweeper thread" daemon [_thread_blocked, id=10956, stack(0x0000002b90d00000,0x0000002b90e00000)]
  0x0000018f799c3000 JavaThread "Common-Cleaner" daemon [_thread_blocked, id=12112, stack(0x0000002b90e00000,0x0000002b90f00000)]
  0x0000018f7b67e800 JavaThread "Daemon health stats" [_thread_blocked, id=7492, stack(0x0000002b91200000,0x0000002b91300000)]
  0x0000018f7ac4e000 JavaThread "Incoming local TCP Connector on port 62252" [_thread_in_native, id=9816, stack(0x0000002b91500000,0x0000002b91600000)]
  0x0000018f7ac4e800 JavaThread "Daemon periodic checks" [_thread_blocked, id=11828, stack(0x0000002b91600000,0x0000002b91700000)]
  0x0000018f7b831800 JavaThread "Cache worker for file hash cache (D:\GoogleDownload\gradle-6.7.1-all\gradle-6.7.1\caches\6.7.1\fileHashes)" [_thread_blocked, id=6356, stack(0x0000002b92500000,0x0000002b92600000)]
  0x0000018f7b835800 JavaThread "File lock request listener" [_thread_in_native, id=4268, stack(0x0000002b92600000,0x0000002b92700000)]
  0x0000018f7b834800 JavaThread "Cache worker for journal cache (D:\GoogleDownload\gradle-6.7.1-all\gradle-6.7.1\caches\journal-1)" [_thread_blocked, id=6016, stack(0x0000002b92900000,0x0000002b92a00000)]
  0x0000018f7b833000 JavaThread "Cache worker for execution history cache (D:\GoogleDownload\gradle-6.7.1-all\gradle-6.7.1\caches\6.7.1\executionHistory)" [_thread_blocked, id=8020, stack(0x0000002b92e00000,0x0000002b92f00000)]
  0x0000018f7b883800 JavaThread "Cache worker for file content cache (D:\GoogleDownload\gradle-6.7.1-all\gradle-6.7.1\caches\6.7.1\fileContent)" [_thread_blocked, id=2800, stack(0x0000002b93100000,0x0000002b93200000)]
  0x0000018f7e2de800 JavaThread "Memory manager" [_thread_blocked, id=11432, stack(0x0000002b99e00000,0x0000002b99f00000)]
  0x0000018f018ba000 JavaThread "Cache worker for Java compile cache (D:\GoogleDownload\gradle-6.7.1-all\gradle-6.7.1\caches\6.7.1\javaCompile)" [_thread_blocked, id=6580, stack(0x0000002b8fc00000,0x0000002b8fd00000)]
  0x0000018f7e595000 JavaThread "ForkJoinPool.commonPool-worker-5" daemon [_thread_blocked, id=10952, stack(0x0000002b9bb00000,0x0000002b9bc00000)]
  0x0000018f7e599000 JavaThread "ForkJoinPool.commonPool-worker-17" daemon [_thread_blocked, id=12488, stack(0x0000002b9c100000,0x0000002b9c200000)]
  0x0000018f02227000 JavaThread "ForkJoinPool.commonPool-worker-25" daemon [_thread_blocked, id=6264, stack(0x0000002b9ba00000,0x0000002b9bb00000)]
  0x0000018f02228000 JavaThread "ForkJoinPool.commonPool-worker-11" daemon [_thread_blocked, id=9260, stack(0x0000002b9bc00000,0x0000002b9bd00000)]
  0x0000018f02224800 JavaThread "ForkJoinPool.commonPool-worker-29" daemon [_thread_blocked, id=3920, stack(0x0000002b9bd00000,0x0000002b9be00000)]
  0x0000018f02224000 JavaThread "ForkJoinPool.commonPool-worker-15" daemon [_thread_blocked, id=3788, stack(0x0000002b9be00000,0x0000002b9bf00000)]
  0x0000018f02229000 JavaThread "ForkJoinPool.commonPool-worker-1" daemon [_thread_blocked, id=9676, stack(0x0000002b9bf00000,0x0000002b9c000000)]
  0x0000018f02223000 JavaThread "ForkJoinPool.commonPool-worker-19" daemon [_thread_blocked, id=5552, stack(0x0000002b9c000000,0x0000002b9c100000)]
  0x0000018f0222d800 JavaThread "ForkJoinPool.commonPool-worker-9" daemon [_thread_blocked, id=5316, stack(0x0000002b9c400000,0x0000002b9c500000)]
  0x0000018f02226800 JavaThread "Daemon Thread 3" [_thread_blocked, id=2072, stack(0x0000002b8fd00000,0x0000002b8fe00000)]
  0x0000018f02229800 JavaThread "Handler for socket connection from /127.0.0.1:62252 to /127.0.0.1:62507" [_thread_in_native, id=9192, stack(0x0000002b91300000,0x0000002b91400000)]
  0x0000018f0222a800 JavaThread "Cancel handler" [_thread_blocked, id=6364, stack(0x0000002b91400000,0x0000002b91500000)]
  0x0000018f02225800 JavaThread "Daemon worker Thread 3" [_thread_blocked, id=8760, stack(0x0000002b91700000,0x0000002b91800000)]
  0x0000018f0222e800 JavaThread "Asynchronous log dispatcher for DefaultDaemonConnection: socket connection from /127.0.0.1:62252 to /127.0.0.1:62507" [_thread_blocked, id=4592, stack(0x0000002b91800000,0x0000002b91900000)]
  0x0000018f0222f800 JavaThread "Stdin handler" [_thread_blocked, id=8992, stack(0x0000002b91900000,0x0000002b91a00000)]
  0x0000018f0222c000 JavaThread "Thread-310" [_thread_blocked, id=12016, stack(0x0000002b91a00000,0x0000002b91b00000)]
  0x0000018f02230000 JavaThread "Cache worker for file hash cache (D:\Android\AndriodProjects\Demo1\.gradle\6.7.1\fileHashes)" [_thread_blocked, id=1644, stack(0x0000002b91b00000,0x0000002b91c00000)]
  0x0000018f0222d000 JavaThread "Cache worker for checksums cache (D:\Android\AndriodProjects\Demo1\.gradle\checksums)" [_thread_blocked, id=6928, stack(0x0000002b91c00000,0x0000002b91d00000)]
  0x0000018f02231000 JavaThread "Cache worker for cache directory md-supplier (D:\GoogleDownload\gradle-6.7.1-all\gradle-6.7.1\caches\6.7.1\md-supplier)" [_thread_blocked, id=11108, stack(0x0000002b91d00000,0x0000002b91e00000)]
  0x0000018f0222b800 JavaThread "Cache worker for cache directory md-rule (D:\GoogleDownload\gradle-6.7.1-all\gradle-6.7.1\caches\6.7.1\md-rule)" [_thread_blocked, id=852, stack(0x0000002b92a00000,0x0000002b92b00000)]
  0x0000018f02237800 JavaThread "Cache worker for Build Output Cleanup Cache (D:\Android\AndriodProjects\Demo1\.gradle\buildOutputCleanup)" [_thread_blocked, id=8604, stack(0x0000002b92b00000,0x0000002b92c00000)]
  0x0000018f02235000 JavaThread "Build operations" [_thread_blocked, id=13260, stack(0x0000002b92c00000,0x0000002b92d00000)]
  0x0000018f02234000 JavaThread "Build operations Thread 2" [_thread_blocked, id=6208, stack(0x0000002b92d00000,0x0000002b92e00000)]
  0x0000018f02236000 JavaThread "Build operations Thread 3" [_thread_blocked, id=1976, stack(0x0000002b92f00000,0x0000002b93000000)]
  0x0000018f02232000 JavaThread "Build operations Thread 4" [_thread_blocked, id=7668, stack(0x0000002b93000000,0x0000002b93100000)]
  0x0000018f02236800 JavaThread "Build operations Thread 5" [_thread_blocked, id=12312, stack(0x0000002b93200000,0x0000002b93300000)]
  0x0000018f02232800 JavaThread "Build operations Thread 6" [_thread_blocked, id=4272, stack(0x0000002b93300000,0x0000002b93400000)]
  0x0000018f02238800 JavaThread "Build operations Thread 7" [_thread_blocked, id=3360, stack(0x0000002b93400000,0x0000002b93500000)]
  0x0000018f02239000 JavaThread "Build operations Thread 8" [_thread_blocked, id=13224, stack(0x0000002b93500000,0x0000002b93600000)]
  0x0000018f02233800 JavaThread "Build operations Thread 9" [_thread_blocked, id=1040, stack(0x0000002b93600000,0x0000002b93700000)]
  0x0000018f0223e000 JavaThread "Build operations Thread 10" [_thread_blocked, id=10824, stack(0x0000002b93700000,0x0000002b93800000)]
  0x0000018f0223c800 JavaThread "Build operations Thread 11" [_thread_blocked, id=824, stack(0x0000002b93800000,0x0000002b93900000)]
  0x0000018f0223b000 JavaThread "Build operations Thread 12" [_thread_blocked, id=12616, stack(0x0000002b93900000,0x0000002b93a00000)]
  0x0000018f0223a000 JavaThread "jar transforms Thread 195" [_thread_blocked, id=12968, stack(0x0000002b93a00000,0x0000002b93b00000)]
  0x0000018f0223f000 JavaThread "jar transforms Thread 196" [_thread_blocked, id=2556, stack(0x0000002b93b00000,0x0000002b93c00000)]
  0x0000018f0223f800 JavaThread "jar transforms Thread 197" [_thread_blocked, id=12296, stack(0x0000002b93c00000,0x0000002b93d00000)]
  0x0000018f02240800 JavaThread "jar transforms Thread 198" [_thread_blocked, id=2296, stack(0x0000002b93d00000,0x0000002b93e00000)]
  0x0000018f0223d000 JavaThread "jar transforms Thread 199" [_thread_blocked, id=2736, stack(0x0000002b93e00000,0x0000002b93f00000)]
  0x0000018f06ea7800 JavaThread "C2 CompilerThread1" daemon [_thread_blocked, id=10056, stack(0x0000002b93f00000,0x0000002b94000000)]
  0x0000018f02241800 JavaThread "jar transforms Thread 200" [_thread_blocked, id=11344, stack(0x0000002b94000000,0x0000002b94100000)]
  0x0000018f0223b800 JavaThread "jar transforms Thread 201" [_thread_blocked, id=11884, stack(0x0000002b94100000,0x0000002b94200000)]
  0x0000018f02242000 JavaThread "jar transforms Thread 202" [_thread_blocked, id=11680, stack(0x0000002b94200000,0x0000002b94300000)]
  0x0000018f00de7800 JavaThread "jar transforms Thread 203" [_thread_blocked, id=7724, stack(0x0000002b94300000,0x0000002b94400000)]
  0x0000018f00de9800 JavaThread "jar transforms Thread 204" [_thread_blocked, id=7160, stack(0x0000002b94400000,0x0000002b94500000)]
  0x0000018f00de5800 JavaThread "jar transforms Thread 205" [_thread_blocked, id=10760, stack(0x0000002b94500000,0x0000002b94600000)]
  0x0000018f00de4000 JavaThread "jar transforms Thread 206" [_thread_blocked, id=1336, stack(0x0000002b94600000,0x0000002b94700000)]
  0x0000018f00de8000 JavaThread "jar transforms Thread 207" [_thread_blocked, id=3068, stack(0x0000002b94700000,0x0000002b94800000)]
  0x0000018f00de9000 JavaThread "jar transforms Thread 208" [_thread_blocked, id=6012, stack(0x0000002b94800000,0x0000002b94900000)]
  0x0000018f00de6800 JavaThread "jar transforms Thread 209" [_thread_blocked, id=10312, stack(0x0000002b94900000,0x0000002b94a00000)]
  0x0000018f00dea800 JavaThread "jar transforms Thread 210" [_thread_blocked, id=12284, stack(0x0000002b94a00000,0x0000002b94b00000)]
  0x0000018f00de5000 JavaThread "jar transforms Thread 211" [_thread_blocked, id=2664, stack(0x0000002b94b00000,0x0000002b94c00000)]
  0x0000018f00dee800 JavaThread "jar transforms Thread 212" [_thread_blocked, id=2636, stack(0x0000002b94c00000,0x0000002b94d00000)]
  0x0000018f00df1000 JavaThread "jar transforms Thread 213" [_thread_blocked, id=3308, stack(0x0000002b94d00000,0x0000002b94e00000)]
  0x0000018f00df2000 JavaThread "jar transforms Thread 214" [_thread_blocked, id=9576, stack(0x0000002b94e00000,0x0000002b94f00000)]
  0x0000018f00df0000 JavaThread "jar transforms Thread 215" [_thread_blocked, id=3164, stack(0x0000002b94f00000,0x0000002b95000000)]
  0x0000018f00def800 JavaThread "jar transforms Thread 216" [_thread_blocked, id=11328, stack(0x0000002b95000000,0x0000002b95100000)]
  0x0000018f00dee000 JavaThread "jar transforms Thread 217" [_thread_blocked, id=11332, stack(0x0000002b95100000,0x0000002b95200000)]
  0x0000018f00ded000 JavaThread "jar transforms Thread 218" [_thread_blocked, id=5504, stack(0x0000002b95200000,0x0000002b95300000)]
  0x0000018f00dec000 JavaThread "jar transforms Thread 219" [_thread_blocked, id=6156, stack(0x0000002b95300000,0x0000002b95400000)]
  0x0000018f00df2800 JavaThread "jar transforms Thread 220" [_thread_blocked, id=9696, stack(0x0000002b95400000,0x0000002b95500000)]
  0x0000018f7e2da800 JavaThread "jar transforms Thread 221" [_thread_blocked, id=12804, stack(0x0000002b95500000,0x0000002b95600000)]
  0x0000018f7e2d5800 JavaThread "jar transforms Thread 222" [_thread_blocked, id=11376, stack(0x0000002b95600000,0x0000002b95700000)]
  0x0000018f7e2d6800 JavaThread "jar transforms Thread 223" [_thread_blocked, id=11380, stack(0x0000002b95700000,0x0000002b95800000)]
  0x0000018f7e2db800 JavaThread "jar transforms Thread 224" [_thread_blocked, id=10332, stack(0x0000002b95800000,0x0000002b95900000)]
  0x0000018f7e2d8000 JavaThread "jar transforms Thread 225" [_thread_blocked, id=2060, stack(0x0000002b95900000,0x0000002b95a00000)]
  0x0000018f7e2d9800 JavaThread "jar transforms Thread 226" [_thread_blocked, id=12300, stack(0x0000002b95a00000,0x0000002b95b00000)]
  0x0000018f7e2d9000 JavaThread "jar transforms Thread 227" [_thread_blocked, id=3952, stack(0x0000002b95b00000,0x0000002b95c00000)]
  0x0000018f7e2dc000 JavaThread "jar transforms Thread 228" [_thread_blocked, id=11384, stack(0x0000002b95c00000,0x0000002b95d00000)]
  0x0000018f7e2d7800 JavaThread "jar transforms Thread 229" [_thread_blocked, id=7304, stack(0x0000002b95d00000,0x0000002b95e00000)]
  0x0000018f7e2df800 JavaThread "jar transforms Thread 230" [_thread_blocked, id=2028, stack(0x0000002b95e00000,0x0000002b95f00000)]
  0x0000018f7e2e1000 JavaThread "jar transforms Thread 231" [_thread_blocked, id=10284, stack(0x0000002b95f00000,0x0000002b96000000)]
  0x0000018f7e2e0800 JavaThread "jar transforms Thread 232" [_thread_blocked, id=3368, stack(0x0000002b96000000,0x0000002b96100000)]
  0x0000018f7e2dd000 JavaThread "jar transforms Thread 233" [_thread_blocked, id=11856, stack(0x0000002b96100000,0x0000002b96200000)]
  0x0000018f7e2de000 JavaThread "jar transforms Thread 234" [_thread_blocked, id=11388, stack(0x0000002b96200000,0x0000002b96300000)]
  0x0000018f7e2e4800 JavaThread "jar transforms Thread 235" [_thread_blocked, id=12320, stack(0x0000002b96300000,0x0000002b96400000)]
  0x0000018f7e2e2000 JavaThread "jar transforms Thread 236" [_thread_blocked, id=12076, stack(0x0000002b96400000,0x0000002b96500000)]
  0x0000018f7e2e2800 JavaThread "jar transforms Thread 237" [_thread_blocked, id=11656, stack(0x0000002b96500000,0x0000002b96600000)]
  0x0000018f7e2e3800 JavaThread "jar transforms Thread 238" [_thread_blocked, id=2852, stack(0x0000002b96600000,0x0000002b96700000)]
  0x0000018f7e58b000 JavaThread "jar transforms Thread 239" [_thread_blocked, id=10852, stack(0x0000002b96700000,0x0000002b96800000)]
  0x0000018f7e58a800 JavaThread "jar transforms Thread 240" [_thread_blocked, id=3760, stack(0x0000002b96800000,0x0000002b96900000)]
  0x0000018f7e58d800 JavaThread "jar transforms Thread 241" [_thread_blocked, id=8900, stack(0x0000002b96900000,0x0000002b96a00000)]
  0x0000018f7e58c000 JavaThread "jar transforms Thread 242" [_thread_blocked, id=7136, stack(0x0000002b96a00000,0x0000002b96b00000)]
  0x0000018f7e58e800 JavaThread "jar transforms Thread 243" [_thread_blocked, id=3764, stack(0x0000002b96b00000,0x0000002b96c00000)]
  0x0000018f7e592800 JavaThread "jar transforms Thread 244" [_thread_blocked, id=3724, stack(0x0000002b96c00000,0x0000002b96d00000)]
  0x0000018f7e58f000 JavaThread "jar transforms Thread 245" [_thread_blocked, id=6608, stack(0x0000002b96d00000,0x0000002b96e00000)]
  0x0000018f7e58c800 JavaThread "jar transforms Thread 246" [_thread_blocked, id=3052, stack(0x0000002b96e00000,0x0000002b96f00000)]
  0x0000018f7e593800 JavaThread "jar transforms Thread 247" [_thread_blocked, id=12588, stack(0x0000002b96f00000,0x0000002b97000000)]
  0x0000018f7e594000 JavaThread "jar transforms Thread 248" [_thread_blocked, id=10780, stack(0x0000002b97000000,0x0000002b97100000)]
  0x0000018f7e595800 JavaThread "jar transforms Thread 249" [_thread_blocked, id=6464, stack(0x0000002b97100000,0x0000002b97200000)]
  0x0000018f7e591000 JavaThread "jar transforms Thread 250" [_thread_blocked, id=3564, stack(0x0000002b97200000,0x0000002b97300000)]
  0x0000018f7e590000 JavaThread "jar transforms Thread 251" [_thread_blocked, id=11220, stack(0x0000002b97300000,0x0000002b97400000)]
  0x0000018f7e596800 JavaThread "jar transforms Thread 252" [_thread_blocked, id=3556, stack(0x0000002b97400000,0x0000002b97500000)]
  0x0000018f7e597800 JavaThread "jar transforms Thread 253" [_thread_blocked, id=12856, stack(0x0000002b97500000,0x0000002b97600000)]
  0x0000018f7e591800 JavaThread "jar transforms Thread 254" [_thread_blocked, id=1704, stack(0x0000002b97600000,0x0000002b97700000)]
  0x0000018f7e598000 JavaThread "jar transforms Thread 255" [_thread_blocked, id=11252, stack(0x0000002b97700000,0x0000002b97800000)]
  0x0000018f7b884000 JavaThread "jar transforms Thread 256" [_thread_blocked, id=3980, stack(0x0000002b97800000,0x0000002b97900000)]
  0x0000018f7b87f000 JavaThread "jar transforms Thread 257" [_thread_blocked, id=12792, stack(0x0000002b97900000,0x0000002b97a00000)]
  0x0000018f7b881000 JavaThread "jar transforms Thread 258" [_thread_blocked, id=1152, stack(0x0000002b97a00000,0x0000002b97b00000)]
  0x0000018f7b885800 JavaThread "jar transforms Thread 259" [_thread_blocked, id=6060, stack(0x0000002b97b00000,0x0000002b97c00000)]
  0x0000018f7b886800 JavaThread "jar transforms Thread 260" [_thread_blocked, id=10728, stack(0x0000002b97c00000,0x0000002b97d00000)]
  0x0000018f7b882800 JavaThread "jar transforms Thread 261" [_thread_blocked, id=8140, stack(0x0000002b97d00000,0x0000002b97e00000)]
  0x0000018f7b887800 JavaThread "jar transforms Thread 262" [_thread_blocked, id=3056, stack(0x0000002b97e00000,0x0000002b97f00000)]
  0x0000018f7b881800 JavaThread "jar transforms Thread 263" [_thread_blocked, id=12452, stack(0x0000002b97f00000,0x0000002b98000000)]
  0x0000018f7b88b800 JavaThread "jar transforms Thread 264" [_thread_blocked, id=12456, stack(0x0000002b98000000,0x0000002b98100000)]
  0x0000018f7b88a000 JavaThread "jar transforms Thread 265" [_thread_blocked, id=9252, stack(0x0000002b98100000,0x0000002b98200000)]
  0x0000018f7b88c800 JavaThread "jar transforms Thread 266" [_thread_blocked, id=7348, stack(0x0000002b98200000,0x0000002b98300000)]
  0x0000018f7b889000 JavaThread "jar transforms Thread 267" [_thread_blocked, id=4500, stack(0x0000002b98300000,0x0000002b98400000)]
  0x0000018f7b88d000 JavaThread "jar transforms Thread 268" [_thread_blocked, id=9888, stack(0x0000002b98400000,0x0000002b98500000)]
  0x0000018f7b88e000 JavaThread "jar transforms Thread 269" [_thread_blocked, id=5036, stack(0x0000002b98500000,0x0000002b98600000)]
  0x0000018f7b888000 JavaThread "jar transforms Thread 270" [_thread_blocked, id=3120, stack(0x0000002b98600000,0x0000002b98700000)]
  0x0000018f7b88a800 JavaThread "jar transforms Thread 271" [_thread_blocked, id=2372, stack(0x0000002b98700000,0x0000002b98800000)]
  0x0000018f018b6000 JavaThread "jar transforms Thread 272" [_thread_blocked, id=12172, stack(0x0000002b98800000,0x0000002b98900000)]
  0x0000018f018b7000 JavaThread "jar transforms Thread 273" [_thread_blocked, id=8772, stack(0x0000002b98900000,0x0000002b98a00000)]
  0x0000018f018b4800 JavaThread "jar transforms Thread 274" [_thread_blocked, id=1828, stack(0x0000002b98a00000,0x0000002b98b00000)]
  0x0000018f018b1000 JavaThread "jar transforms Thread 275" [_thread_blocked, id=2288, stack(0x0000002b98b00000,0x0000002b98c00000)]
  0x0000018f018b5000 JavaThread "jar transforms Thread 276" [_thread_blocked, id=7984, stack(0x0000002b98c00000,0x0000002b98d00000)]
  0x0000018f018b7800 JavaThread "jar transforms Thread 277" [_thread_blocked, id=6980, stack(0x0000002b98d00000,0x0000002b98e00000)]
  0x0000018f018b2000 JavaThread "jar transforms Thread 278" [_thread_blocked, id=3948, stack(0x0000002b98e00000,0x0000002b98f00000)]
  0x0000018f018b8800 JavaThread "jar transforms Thread 279" [_thread_blocked, id=8164, stack(0x0000002b98f00000,0x0000002b99000000)]
  0x0000018f018b2800 JavaThread "jar transforms Thread 280" [_thread_blocked, id=3208, stack(0x0000002b99000000,0x0000002b99100000)]
  0x0000018f018b9800 JavaThread "jar transforms Thread 281" [_thread_blocked, id=10756, stack(0x0000002b99100000,0x0000002b99200000)]
  0x0000018f018b3800 JavaThread "jar transforms Thread 282" [_thread_blocked, id=364, stack(0x0000002b99200000,0x0000002b99300000)]
  0x0000018f018bb800 JavaThread "jar transforms Thread 283" [_thread_blocked, id=9984, stack(0x0000002b99300000,0x0000002b99400000)]
  0x0000018f018be000 JavaThread "jar transforms Thread 284" [_thread_blocked, id=11476, stack(0x0000002b99400000,0x0000002b99500000)]
  0x0000018f018bd800 JavaThread "jar transforms Thread 285" [_thread_blocked, id=5764, stack(0x0000002b99500000,0x0000002b99600000)]
  0x0000018f018bf000 JavaThread "jar transforms Thread 286" [_thread_blocked, id=5280, stack(0x0000002b99600000,0x0000002b99700000)]
  0x0000018f018bc800 JavaThread "jar transforms Thread 287" [_thread_blocked, id=12264, stack(0x0000002b99700000,0x0000002b99800000)]
  0x0000018f7b830800 JavaThread "jar transforms Thread 288" [_thread_blocked, id=10140, stack(0x0000002b99800000,0x0000002b99900000)]
  0x0000018f7b832000 JavaThread "jar transforms Thread 289" [_thread_blocked, id=5284, stack(0x0000002b99900000,0x0000002b99a00000)]
  0x0000018f7b834000 JavaThread "jar transforms Thread 290" [_thread_blocked, id=5532, stack(0x0000002b99a00000,0x0000002b99b00000)]
  0x0000018f7b836800 JavaThread "jar transforms Thread 291" [_thread_blocked, id=12756, stack(0x0000002b99b00000,0x0000002b99c00000)]
  0x0000018f7b837000 JavaThread "build event listener" [_thread_blocked, id=11600, stack(0x0000002b99c00000,0x0000002b99d00000)]
  0x0000018f005c1000 JavaThread "build event listener" [_thread_blocked, id=5456, stack(0x0000002b99d00000,0x0000002b99e00000)]
  0x0000018f005c3800 JavaThread "Execution worker for ':'" [_thread_blocked, id=7736, stack(0x0000002b9a000000,0x0000002b9a100000)]
  0x0000018f005c4000 JavaThread "Execution worker for ':' Thread 2" [_thread_blocked, id=13196, stack(0x0000002b9a100000,0x0000002b9a200000)]
  0x0000018f005c5800 JavaThread "Execution worker for ':' Thread 3" [_thread_blocked, id=4900, stack(0x0000002b9a200000,0x0000002b9a300000)]
  0x0000018f005c5000 JavaThread "Execution worker for ':' Thread 4" [_thread_blocked, id=9976, stack(0x0000002b9a300000,0x0000002b9a400000)]
  0x0000018f005c0000 JavaThread "Execution worker for ':' Thread 5" [_thread_blocked, id=9944, stack(0x0000002b9a400000,0x0000002b9a500000)]
  0x0000018f005c6800 JavaThread "Execution worker for ':' Thread 6" [_thread_blocked, id=8080, stack(0x0000002b9a500000,0x0000002b9a600000)]
  0x0000018f005c7800 JavaThread "Execution worker for ':' Thread 7" [_thread_blocked, id=3532, stack(0x0000002b9a600000,0x0000002b9a700000)]
  0x0000018f005c2800 JavaThread "Execution worker for ':' Thread 8" [_thread_blocked, id=13164, stack(0x0000002b9a700000,0x0000002b9a800000)]
  0x0000018f005c1800 JavaThread "Execution worker for ':' Thread 9" [_thread_blocked, id=10192, stack(0x0000002b9a800000,0x0000002b9a900000)]
  0x0000018f005cc000 JavaThread "Execution worker for ':' Thread 10" [_thread_blocked, id=7324, stack(0x0000002b9a900000,0x0000002b9aa00000)]
  0x0000018f005cb800 JavaThread "Execution worker for ':' Thread 11" [_thread_blocked, id=2900, stack(0x0000002b9aa00000,0x0000002b9ab00000)]
  0x0000018f005ca000 JavaThread "Cache worker for execution history cache (D:\Android\AndriodProjects\Demo1\.gradle\6.7.1\executionHistory)" [_thread_blocked, id=4228, stack(0x0000002b9ab00000,0x0000002b9ac00000)]
  0x0000018f041bf800 JavaThread "C2 CompilerThread2" daemon [_thread_blocked, id=9256, stack(0x0000002b9ac00000,0x0000002b9ad00000)]
  0x0000018f005c9000 JavaThread "Cache worker for Java compile cache (D:\Android\AndriodProjects\Demo1\.gradle\6.7.1\javaCompile)" [_thread_blocked, id=9848, stack(0x0000002b9ad00000,0x0000002b9ae00000)]

Other Threads:
=>0x0000018f78f60800 VMThread "VM Thread" [stack: 0x0000002b90500000,0x0000002b90600000] [id=6960]
  0x0000018f799f2800 WatcherThread [stack: 0x0000002b90f00000,0x0000002b91000000] [id=5452]
  0x0000018f5c70a000 GCTaskThread "GC Thread#0" [stack: 0x0000002b90000000,0x0000002b90100000] [id=12052]
  0x0000018f7a492800 GCTaskThread "GC Thread#1" [stack: 0x0000002b91000000,0x0000002b91100000] [id=4916]
  0x0000018f7a3d1000 GCTaskThread "GC Thread#2" [stack: 0x0000002b91100000,0x0000002b91200000] [id=3204]
  0x0000018f7b820000 GCTaskThread "GC Thread#3" [stack: 0x0000002b91e00000,0x0000002b91f00000] [id=1460]
  0x0000018f7adda000 GCTaskThread "GC Thread#4" [stack: 0x0000002b91f00000,0x0000002b92000000] [id=6152]
  0x0000018f7b1d5000 GCTaskThread "GC Thread#5" [stack: 0x0000002b92000000,0x0000002b92100000] [id=4656]
  0x0000018f7b1ca800 GCTaskThread "GC Thread#6" [stack: 0x0000002b92100000,0x0000002b92200000] [id=5296]
  0x0000018f7b82f800 GCTaskThread "GC Thread#7" [stack: 0x0000002b92200000,0x0000002b92300000] [id=8988]
  0x0000018f7ae01800 GCTaskThread "GC Thread#8" [stack: 0x0000002b92300000,0x0000002b92400000] [id=840]
  0x0000018f7b61f800 GCTaskThread "GC Thread#9" [stack: 0x0000002b92400000,0x0000002b92500000] [id=11948]
  0x0000018f5c73d000 ConcurrentGCThread "G1 Main Marker" [stack: 0x0000002b90100000,0x0000002b90200000] [id=4460]
  0x0000018f5c73e800 ConcurrentGCThread "G1 Conc#0" [stack: 0x0000002b90200000,0x0000002b90300000] [id=1268]
  0x0000018f7acc4800 ConcurrentGCThread "G1 Conc#1" [stack: 0x0000002b92700000,0x0000002b92800000] [id=10356]
  0x0000018f7acc5800 ConcurrentGCThread "G1 Conc#2" [stack: 0x0000002b92800000,0x0000002b92900000] [id=12108]
  0x0000018f78db2800 ConcurrentGCThread "G1 Refine#0" [stack: 0x0000002b90300000,0x0000002b90400000] [id=12676]
  0x0000018f00086000 ConcurrentGCThread "G1 Refine#1" [stack: 0x0000002b99f00000,0x0000002b9a000000] [id=6272]
  0x0000018f0710a800 ConcurrentGCThread "G1 Refine#2" [stack: 0x0000002b8fe00000,0x0000002b8ff00000] [id=2740]
  0x0000018f5c7c7000 ConcurrentGCThread "G1 Young RemSet Sampling" [stack: 0x0000002b90400000,0x0000002b90500000] [id=12128]

Threads with active compile tasks:
C2 CompilerThread0 838521 17088   !   4       java.io.ObjectOutputStream::writeSerialData (221 bytes)
C2 CompilerThread1 838521 17101       4       org.gradle.internal.logging.console.BuildLogLevelFilterRenderer::onOutput (53 bytes)
C2 CompilerThread2 838521 17102       4       org.gradle.internal.logging.sink.ProgressLogEventGenerator::onOutput (72 bytes)

VM state:at safepoint (normal execution)

VM Mutex/Monitor currently owned by a thread:  ([mutex/lock_event])
[0x0000018f5c6ece40] Threads_lock - owner thread: 0x0000018f78f60800
[0x0000018f5c6edb30] Heap_lock - owner thread: 0x0000018f02239000

Heap address: 0x0000000080000000, size: 2048 MB, Compressed Oops mode: 32-bit
Narrow klass base: 0x0000000000000000, Narrow klass shift: 3
Compressed class space size: 1073741824 Address: 0x0000000100000000

Heap:
 garbage-first heap   total 210944K, used 89329K [0x0000000080000000, 0x0000000100000000)
  region size 1024K, 2 young (2048K), 2 survivors (2048K)
 Metaspace       used 108113K, capacity 110816K, committed 110848K, reserved 1144832K
  class space    used 13585K, capacity 14590K, committed 14592K, reserved 1048576K
Heap Regions: E=young(eden), S=young(survivor), O=old, HS=humongous(starts), HC=humongous(continues), CS=collection set, F=free, A=archive, TAMS=top-at-mark-start (previous, next)
|   0|0x0000000080000000, 0x0000000080100000, 0x0000000080100000|100%| O|  |TAMS 0x0000000080100000, 0x0000000080000000| Untracked 
|   1|0x0000000080100000, 0x0000000080200000, 0x0000000080200000|100%| O|  |TAMS 0x0000000080200000, 0x0000000080100000| Untracked 
|   2|0x0000000080200000, 0x0000000080300000, 0x0000000080300000|100%| O|  |TAMS 0x0000000080300000, 0x0000000080200000| Untracked 
|   3|0x0000000080300000, 0x0000000080400000, 0x0000000080400000|100%|HS|  |TAMS 0x0000000080400000, 0x0000000080300000| Complete 
|   4|0x0000000080400000, 0x0000000080500000, 0x0000000080500000|100%|HC|  |TAMS 0x0000000080500000, 0x0000000080400000| Complete 
|   5|0x0000000080500000, 0x0000000080600000, 0x0000000080600000|100%|HC|  |TAMS 0x0000000080600000, 0x0000000080500000| Complete 
|   6|0x0000000080600000, 0x0000000080700000, 0x0000000080700000|100%| O|  |TAMS 0x0000000080700000, 0x0000000080600000| Untracked 
|   7|0x0000000080700000, 0x0000000080800000, 0x0000000080800000|100%| O|  |TAMS 0x0000000080800000, 0x0000000080700000| Untracked 
|   8|0x0000000080800000, 0x0000000080900000, 0x0000000080900000|100%| O|  |TAMS 0x0000000080900000, 0x0000000080800000| Untracked 
|   9|0x0000000080900000, 0x0000000080a00000, 0x0000000080a00000|100%| O|  |TAMS 0x0000000080a00000, 0x0000000080900000| Untracked 
|  10|0x0000000080a00000, 0x0000000080b00000, 0x0000000080b00000|100%| O|  |TAMS 0x0000000080b00000, 0x0000000080a00000| Untracked 
|  11|0x0000000080b00000, 0x0000000080c00000, 0x0000000080c00000|100%| O|  |TAMS 0x0000000080c00000, 0x0000000080b00000| Untracked 
|  12|0x0000000080c00000, 0x0000000080d00000, 0x0000000080d00000|100%| O|  |TAMS 0x0000000080d00000, 0x0000000080c00000| Untracked 
|  13|0x0000000080d00000, 0x0000000080e00000, 0x0000000080e00000|100%| O|  |TAMS 0x0000000080e00000, 0x0000000080d00000| Untracked 
|  14|0x0000000080e00000, 0x0000000080f00000, 0x0000000080f00000|100%| O|  |TAMS 0x0000000080f00000, 0x0000000080e00000| Untracked 
|  15|0x0000000080f00000, 0x0000000081000000, 0x0000000081000000|100%| O|  |TAMS 0x0000000081000000, 0x0000000080f00000| Untracked 
|  16|0x0000000081000000, 0x0000000081100000, 0x0000000081100000|100%| O|  |TAMS 0x0000000081100000, 0x0000000081000000| Untracked 
|  17|0x0000000081100000, 0x0000000081200000, 0x0000000081200000|100%| O|  |TAMS 0x0000000081200000, 0x0000000081100000| Untracked 
|  18|0x0000000081200000, 0x0000000081300000, 0x0000000081300000|100%| O|  |TAMS 0x0000000081300000, 0x0000000081200000| Untracked 
|  19|0x0000000081300000, 0x0000000081400000, 0x0000000081400000|100%| O|  |TAMS 0x0000000081400000, 0x0000000081300000| Untracked 
|  20|0x0000000081400000, 0x0000000081500000, 0x0000000081500000|100%| O|  |TAMS 0x0000000081500000, 0x0000000081400000| Untracked 
|  21|0x0000000081500000, 0x0000000081600000, 0x0000000081600000|100%| O|  |TAMS 0x0000000081600000, 0x0000000081500000| Untracked 
|  22|0x0000000081600000, 0x0000000081700000, 0x0000000081700000|100%|HS|  |TAMS 0x0000000081700000, 0x0000000081600000| Complete 
|  23|0x0000000081700000, 0x0000000081800000, 0x0000000081800000|100%|HS|  |TAMS 0x0000000081800000, 0x0000000081700000| Complete 
|  24|0x0000000081800000, 0x0000000081900000, 0x0000000081900000|100%|HC|  |TAMS 0x0000000081900000, 0x0000000081800000| Complete 
|  25|0x0000000081900000, 0x0000000081a00000, 0x0000000081a00000|100%| O|  |TAMS 0x0000000081a00000, 0x0000000081900000| Untracked 
|  26|0x0000000081a00000, 0x0000000081a00000, 0x0000000081b00000|  0%| F|  |TAMS 0x0000000081a00000, 0x0000000081a00000| Untracked 
|  27|0x0000000081b00000, 0x0000000081c00000, 0x0000000081c00000|100%| O|  |TAMS 0x0000000081b00000, 0x0000000081b00000| Untracked 
|  28|0x0000000081c00000, 0x0000000081d00000, 0x0000000081d00000|100%| O|  |TAMS 0x0000000081d00000, 0x0000000081c00000| Untracked 
|  29|0x0000000081d00000, 0x0000000081e00000, 0x0000000081e00000|100%| O|  |TAMS 0x0000000081e00000, 0x0000000081d00000| Untracked 
|  30|0x0000000081e00000, 0x0000000081f00000, 0x0000000081f00000|100%| O|  |TAMS 0x0000000081e00000, 0x0000000081e00000| Untracked 
|  31|0x0000000081f00000, 0x0000000082000000, 0x0000000082000000|100%| O|  |TAMS 0x0000000082000000, 0x0000000081f00000| Untracked 
|  32|0x0000000082000000, 0x0000000082100000, 0x0000000082100000|100%| O|  |TAMS 0x0000000082100000, 0x0000000082000000| Untracked 
|  33|0x0000000082100000, 0x0000000082200000, 0x0000000082200000|100%| O|  |TAMS 0x0000000082200000, 0x0000000082100000| Untracked 
|  34|0x0000000082200000, 0x0000000082300000, 0x0000000082300000|100%| O|  |TAMS 0x0000000082300000, 0x0000000082200000| Untracked 
|  35|0x0000000082300000, 0x0000000082400000, 0x0000000082400000|100%| O|  |TAMS 0x0000000082400000, 0x0000000082300000| Untracked 
|  36|0x0000000082400000, 0x0000000082500000, 0x0000000082500000|100%| O|  |TAMS 0x0000000082500000, 0x0000000082400000| Untracked 
|  37|0x0000000082500000, 0x0000000082600000, 0x0000000082600000|100%| O|  |TAMS 0x0000000082600000, 0x0000000082500000| Untracked 
|  38|0x0000000082600000, 0x0000000082700000, 0x0000000082700000|100%| O|  |TAMS 0x0000000082700000, 0x0000000082600000| Untracked 
|  39|0x0000000082700000, 0x0000000082800000, 0x0000000082800000|100%| O|  |TAMS 0x0000000082800000, 0x0000000082700000| Untracked 
|  40|0x0000000082800000, 0x0000000082900000, 0x0000000082900000|100%| O|  |TAMS 0x0000000082900000, 0x0000000082800000| Untracked 
|  41|0x0000000082900000, 0x00000000829e9000, 0x0000000082a00000| 91%| O|  |TAMS 0x0000000082900000, 0x0000000082900000| Untracked 
|  42|0x0000000082a00000, 0x0000000082b00000, 0x0000000082b00000|100%| O|  |TAMS 0x0000000082b00000, 0x0000000082a00000| Untracked 
|  43|0x0000000082b00000, 0x0000000082c00000, 0x0000000082c00000|100%| O|  |TAMS 0x0000000082c00000, 0x0000000082b00000| Untracked 
|  44|0x0000000082c00000, 0x0000000082d00000, 0x0000000082d00000|100%| O|  |TAMS 0x0000000082d00000, 0x0000000082c00000| Untracked 
|  45|0x0000000082d00000, 0x0000000082e00000, 0x0000000082e00000|100%| O|  |TAMS 0x0000000082e00000, 0x0000000082d00000| Untracked 
|  46|0x0000000082e00000, 0x0000000082f00000, 0x0000000082f00000|100%| O|  |TAMS 0x0000000082f00000, 0x0000000082e00000| Untracked 
|  47|0x0000000082f00000, 0x0000000083000000, 0x0000000083000000|100%| O|  |TAMS 0x0000000082f00000, 0x0000000082f00000| Untracked 
|  48|0x0000000083000000, 0x0000000083100000, 0x0000000083100000|100%| O|  |TAMS 0x0000000083100000, 0x0000000083000000| Untracked 
|  49|0x0000000083100000, 0x0000000083100000, 0x0000000083200000|  0%| F|  |TAMS 0x0000000083100000, 0x0000000083100000| Untracked 
|  50|0x0000000083200000, 0x0000000083200000, 0x0000000083300000|  0%| F|  |TAMS 0x0000000083200000, 0x0000000083200000| Untracked 
|  51|0x0000000083300000, 0x0000000083400000, 0x0000000083400000|100%| O|  |TAMS 0x0000000083400000, 0x0000000083300000| Untracked 
|  52|0x0000000083400000, 0x0000000083500000, 0x0000000083500000|100%| O|  |TAMS 0x0000000083500000, 0x0000000083400000| Untracked 
|  53|0x0000000083500000, 0x0000000083500000, 0x0000000083600000|  0%| F|  |TAMS 0x0000000083500000, 0x0000000083500000| Untracked 
|  54|0x0000000083600000, 0x0000000083700000, 0x0000000083700000|100%| O|  |TAMS 0x0000000083700000, 0x0000000083600000| Untracked 
|  55|0x0000000083700000, 0x0000000083800000, 0x0000000083800000|100%| O|  |TAMS 0x0000000083800000, 0x0000000083700000| Untracked 
|  56|0x0000000083800000, 0x0000000083900000, 0x0000000083900000|100%| O|  |TAMS 0x0000000083900000, 0x0000000083800000| Untracked 
|  57|0x0000000083900000, 0x0000000083a00000, 0x0000000083a00000|100%| O|  |TAMS 0x0000000083a00000, 0x0000000083900000| Untracked 
|  58|0x0000000083a00000, 0x0000000083a00000, 0x0000000083b00000|  0%| F|  |TAMS 0x0000000083a00000, 0x0000000083a00000| Untracked 
|  59|0x0000000083b00000, 0x0000000083c00000, 0x0000000083c00000|100%| O|  |TAMS 0x0000000083c00000, 0x0000000083b00000| Untracked 
|  60|0x0000000083c00000, 0x0000000083d00000, 0x0000000083d00000|100%| O|  |TAMS 0x0000000083d00000, 0x0000000083c00000| Untracked 
|  61|0x0000000083d00000, 0x0000000083e00000, 0x0000000083e00000|100%| O|  |TAMS 0x0000000083e00000, 0x0000000083d00000| Untracked 
|  62|0x0000000083e00000, 0x0000000083e00000, 0x0000000083f00000|  0%| F|  |TAMS 0x0000000083e00000, 0x0000000083e00000| Untracked 
|  63|0x0000000083f00000, 0x0000000083f00000, 0x0000000084000000|  0%| F|  |TAMS 0x0000000083f00000, 0x0000000083f00000| Untracked 
|  64|0x0000000084000000, 0x0000000084000000, 0x0000000084100000|  0%| F|  |TAMS 0x0000000084000000, 0x0000000084000000| Untracked 
|  65|0x0000000084100000, 0x0000000084100000, 0x0000000084200000|  0%| F|  |TAMS 0x0000000084100000, 0x0000000084100000| Untracked 
|  66|0x0000000084200000, 0x0000000084300000, 0x0000000084300000|100%| O|  |TAMS 0x0000000084300000, 0x0000000084200000| Untracked 
|  67|0x0000000084300000, 0x0000000084300000, 0x0000000084400000|  0%| F|  |TAMS 0x0000000084300000, 0x0000000084300000| Untracked 
|  68|0x0000000084400000, 0x0000000084500000, 0x0000000084500000|100%| O|  |TAMS 0x0000000084500000, 0x0000000084400000| Untracked 
|  69|0x0000000084500000, 0x0000000084600000, 0x0000000084600000|100%| O|  |TAMS 0x0000000084600000, 0x0000000084500000| Untracked 
|  70|0x0000000084600000, 0x0000000084600000, 0x0000000084700000|  0%| F|  |TAMS 0x0000000084600000, 0x0000000084600000| Untracked 
|  71|0x0000000084700000, 0x0000000084800000, 0x0000000084800000|100%| O|  |TAMS 0x0000000084700000, 0x0000000084700000| Untracked 
|  72|0x0000000084800000, 0x0000000084800000, 0x0000000084900000|  0%| F|  |TAMS 0x0000000084800000, 0x0000000084800000| Untracked 
|  73|0x0000000084900000, 0x0000000084a00000, 0x0000000084a00000|100%| O|  |TAMS 0x0000000084a00000, 0x0000000084900000| Untracked 
|  74|0x0000000084a00000, 0x0000000084b00000, 0x0000000084b00000|100%| O|  |TAMS 0x0000000084b00000, 0x0000000084a00000| Untracked 
|  75|0x0000000084b00000, 0x0000000084b00000, 0x0000000084c00000|  0%| F|  |TAMS 0x0000000084b00000, 0x0000000084b00000| Untracked 
|  76|0x0000000084c00000, 0x0000000084d00000, 0x0000000084d00000|100%| O|  |TAMS 0x0000000084d00000, 0x0000000084c00000| Untracked 
|  77|0x0000000084d00000, 0x0000000084e00000, 0x0000000084e00000|100%| O|  |TAMS 0x0000000084e00000, 0x0000000084d00000| Untracked 
|  78|0x0000000084e00000, 0x0000000084f00000, 0x0000000084f00000|100%| O|  |TAMS 0x0000000084e00000, 0x0000000084e00000| Untracked 
|  79|0x0000000084f00000, 0x0000000085000000, 0x0000000085000000|100%| O|  |TAMS 0x0000000084f00000, 0x0000000084f00000| Untracked 
|  80|0x0000000085000000, 0x0000000085000000, 0x0000000085100000|  0%| F|  |TAMS 0x0000000085000000, 0x0000000085000000| Untracked 
|  81|0x0000000085100000, 0x0000000085100000, 0x0000000085200000|  0%| F|  |TAMS 0x0000000085100000, 0x0000000085100000| Untracked 
|  82|0x0000000085200000, 0x0000000085200000, 0x0000000085300000|  0%| F|  |TAMS 0x0000000085200000, 0x0000000085200000| Untracked 
|  83|0x0000000085300000, 0x0000000085300000, 0x0000000085400000|  0%| F|  |TAMS 0x0000000085300000, 0x0000000085300000| Untracked 
|  84|0x0000000085400000, 0x0000000085400000, 0x0000000085500000|  0%| F|  |TAMS 0x0000000085400000, 0x0000000085400000| Untracked 
|  85|0x0000000085500000, 0x0000000085500000, 0x0000000085600000|  0%| F|  |TAMS 0x0000000085500000, 0x0000000085500000| Untracked 
|  86|0x0000000085600000, 0x0000000085600000, 0x0000000085700000|  0%| F|  |TAMS 0x0000000085600000, 0x0000000085600000| Untracked 
|  87|0x0000000085700000, 0x0000000085700000, 0x0000000085800000|  0%| F|  |TAMS 0x0000000085700000, 0x0000000085700000| Untracked 
|  88|0x0000000085800000, 0x0000000085800000, 0x0000000085900000|  0%| F|  |TAMS 0x0000000085800000, 0x0000000085800000| Untracked 
|  89|0x0000000085900000, 0x0000000085a00000, 0x0000000085a00000|100%| O|  |TAMS 0x0000000085a00000, 0x0000000085900000| Untracked 
|  90|0x0000000085a00000, 0x0000000085b00000, 0x0000000085b00000|100%| O|  |TAMS 0x0000000085b00000, 0x0000000085a00000| Untracked 
|  91|0x0000000085b00000, 0x0000000085c00000, 0x0000000085c00000|100%| O|  |TAMS 0x0000000085c00000, 0x0000000085b00000| Untracked 
|  92|0x0000000085c00000, 0x0000000085d00000, 0x0000000085d00000|100%| O|  |TAMS 0x0000000085d00000, 0x0000000085c00000| Untracked 
|  93|0x0000000085d00000, 0x0000000085e00000, 0x0000000085e00000|100%|HS|  |TAMS 0x0000000085e00000, 0x0000000085d00000| Complete 
|  94|0x0000000085e00000, 0x0000000085f00000, 0x0000000085f00000|100%|HC|  |TAMS 0x0000000085f00000, 0x0000000085e00000| Complete 
|  95|0x0000000085f00000, 0x0000000086000000, 0x0000000086000000|100%| O|  |TAMS 0x0000000086000000, 0x0000000085f00000| Untracked 
|  96|0x0000000086000000, 0x0000000086100000, 0x0000000086100000|100%| O|  |TAMS 0x0000000086100000, 0x0000000086000000| Untracked 
|  97|0x0000000086100000, 0x0000000086200000, 0x0000000086200000|100%| O|  |TAMS 0x0000000086200000, 0x0000000086100000| Untracked 
|  98|0x0000000086200000, 0x0000000086300000, 0x0000000086300000|100%| O|  |TAMS 0x0000000086300000, 0x0000000086200000| Untracked 
|  99|0x0000000086300000, 0x0000000086400000, 0x0000000086400000|100%| O|  |TAMS 0x0000000086400000, 0x0000000086300000| Untracked 
| 100|0x0000000086400000, 0x0000000086500000, 0x0000000086500000|100%| O|  |TAMS 0x0000000086500000, 0x0000000086400000| Untracked 
| 101|0x0000000086500000, 0x0000000086600000, 0x0000000086600000|100%| O|  |TAMS 0x00000000865cb600, 0x0000000086500000| Untracked 
| 102|0x0000000086600000, 0x0000000086700000, 0x0000000086700000|100%| O|  |TAMS 0x0000000086600000, 0x0000000086600000| Untracked 
| 103|0x0000000086700000, 0x0000000086800000, 0x0000000086800000|100%| O|  |TAMS 0x0000000086700000, 0x0000000086700000| Untracked 
| 104|0x0000000086800000, 0x0000000086900000, 0x0000000086900000|100%| O|  |TAMS 0x0000000086800000, 0x0000000086800000| Untracked 
| 105|0x0000000086900000, 0x0000000086a00000, 0x0000000086a00000|100%| O|  |TAMS 0x0000000086900000, 0x0000000086900000| Untracked 
| 106|0x0000000086a00000, 0x0000000086b00000, 0x0000000086b00000|100%| O|  |TAMS 0x0000000086a00000, 0x0000000086a00000| Untracked 
| 107|0x0000000086b00000, 0x0000000086c00000, 0x0000000086c00000|100%| O|  |TAMS 0x0000000086b00000, 0x0000000086b00000| Untracked 
| 108|0x0000000086c00000, 0x0000000086c00000, 0x0000000086d00000|  0%| F|  |TAMS 0x0000000086c00000, 0x0000000086c00000| Untracked 
| 109|0x0000000086d00000, 0x0000000086d00000, 0x0000000086e00000|  0%| F|  |TAMS 0x0000000086d00000, 0x0000000086d00000| Untracked 
| 110|0x0000000086e00000, 0x0000000086e53660, 0x0000000086f00000| 32%| S|CS|TAMS 0x0000000086e00000, 0x0000000086e00000| Complete 
| 111|0x0000000086f00000, 0x0000000087000000, 0x0000000087000000|100%| S|CS|TAMS 0x0000000086f00000, 0x0000000086f00000| Complete 
| 112|0x0000000087000000, 0x0000000087000000, 0x0000000087100000|  0%| F|  |TAMS 0x0000000087000000, 0x0000000087000000| Untracked 
| 113|0x0000000087100000, 0x0000000087100000, 0x0000000087200000|  0%| F|  |TAMS 0x0000000087100000, 0x0000000087100000| Untracked 
| 114|0x0000000087200000, 0x0000000087200000, 0x0000000087300000|  0%| F|  |TAMS 0x0000000087200000, 0x0000000087200000| Untracked 
| 115|0x0000000087300000, 0x0000000087300000, 0x0000000087400000|  0%| F|  |TAMS 0x0000000087300000, 0x0000000087300000| Untracked 
| 116|0x0000000087400000, 0x0000000087400000, 0x0000000087500000|  0%| F|  |TAMS 0x0000000087400000, 0x0000000087400000| Untracked 
| 117|0x0000000087500000, 0x0000000087500000, 0x0000000087600000|  0%| F|  |TAMS 0x0000000087500000, 0x0000000087500000| Untracked 
| 118|0x0000000087600000, 0x0000000087600000, 0x0000000087700000|  0%| F|  |TAMS 0x0000000087600000, 0x0000000087600000| Untracked 
| 119|0x0000000087700000, 0x0000000087700000, 0x0000000087800000|  0%| F|  |TAMS 0x0000000087700000, 0x0000000087700000| Untracked 
| 120|0x0000000087800000, 0x0000000087800000, 0x0000000087900000|  0%| F|  |TAMS 0x0000000087800000, 0x0000000087800000| Untracked 
| 121|0x0000000087900000, 0x0000000087900000, 0x0000000087a00000|  0%| F|  |TAMS 0x0000000087900000, 0x0000000087900000| Untracked 
| 122|0x0000000087a00000, 0x0000000087a00000, 0x0000000087b00000|  0%| F|  |TAMS 0x0000000087a00000, 0x0000000087a00000| Untracked 
| 123|0x0000000087b00000, 0x0000000087b00000, 0x0000000087c00000|  0%| F|  |TAMS 0x0000000087b00000, 0x0000000087b00000| Untracked 
| 124|0x0000000087c00000, 0x0000000087c00000, 0x0000000087d00000|  0%| F|  |TAMS 0x0000000087c00000, 0x0000000087c00000| Untracked 
| 125|0x0000000087d00000, 0x0000000087d00000, 0x0000000087e00000|  0%| F|  |TAMS 0x0000000087d00000, 0x0000000087d00000| Untracked 
| 126|0x0000000087e00000, 0x0000000087e00000, 0x0000000087f00000|  0%| F|  |TAMS 0x0000000087e00000, 0x0000000087e00000| Untracked 
| 127|0x0000000087f00000, 0x0000000087f00000, 0x0000000088000000|  0%| F|  |TAMS 0x0000000087f00000, 0x0000000087f00000| Untracked 

Card table byte_map: [0x0000018f71a60000,0x0000018f71e60000] _byte_map_base: 0x0000018f71660000

Marking Bits (Prev, Next): (CMBitMap*) 0x0000018f5c734250, (CMBitMap*) 0x0000018f5c734218
 Prev Bits: [0x0000018f74260000, 0x0000018f76260000)
 Next Bits: [0x0000018f72260000, 0x0000018f74260000)

Polling page: 0x0000018f5c7d0000

Metaspace:

Usage:
  Non-class:     93.97 MB capacity,    92.31 MB ( 98%) used,     1.35 MB (  1%) free+waste,   316.56 KB ( <1%) overhead. 
      Class:     14.25 MB capacity,    13.27 MB ( 93%) used,   863.66 KB (  6%) free+waste,   140.94 KB ( <1%) overhead. 
       Both:    108.22 MB capacity,   105.58 MB ( 98%) used,     2.19 MB (  2%) free+waste,   457.50 KB ( <1%) overhead. 

Virtual space:
  Non-class space:       94.00 MB reserved,      94.00 MB (100%) committed 
      Class space:        1.00 GB reserved,      14.25 MB (  1%) committed 
             Both:        1.09 GB reserved,     108.25 MB ( 10%) committed 

Chunk freelists:
   Non-Class:  0 bytes
       Class:  0 bytes
        Both:  0 bytes

MaxMetaspaceSize: 17179869184.00 GB
CompressedClassSpaceSize: 1.00 GB

CodeHeap 'non-profiled nmethods': size=120000Kb used=11352Kb max_used=11352Kb free=108647Kb
 bounds [0x0000018f694b0000, 0x0000018f69fd0000, 0x0000018f709e0000]
CodeHeap 'profiled nmethods': size=120000Kb used=39769Kb max_used=39769Kb free=80230Kb
 bounds [0x0000018f61f80000, 0x0000018f64660000, 0x0000018f694b0000]
CodeHeap 'non-nmethods': size=5760Kb used=2304Kb max_used=2387Kb free=3456Kb
 bounds [0x0000018f619e0000, 0x0000018f61c50000, 0x0000018f61f80000]
 total_blobs=17908 nmethods=16998 adapters=820
 compilation: enabled
              stopped_count=0, restarted_count=0
 full_count=0

Compilation events (20 events):
Event: 838.344 Thread 0x0000018f041bf800 17102       4       org.gradle.internal.logging.sink.ProgressLogEventGenerator::onOutput (72 bytes)
Event: 838.348 Thread 0x0000018f79859000 nmethod 17099 0x0000018f6464be90 code [0x0000018f6464c680, 0x0000018f64651138]
Event: 838.348 Thread 0x0000018f79859000 17104       3       org.gradle.tooling.internal.provider.runner.TaskOriginTracker::progress (1 bytes)
Event: 838.348 Thread 0x0000018f79859000 nmethod 17104 0x0000018f64653090 code [0x0000018f64653240, 0x0000018f64653338]
Event: 838.348 Thread 0x0000018f79859000 17105       3       org.gradle.api.internal.tasks.compile.tooling.JavaCompileTaskSuccessResultPostProcessor::progress (1 bytes)
Event: 838.348 Thread 0x0000018f79859000 nmethod 17105 0x0000018f64653410 code [0x0000018f646535c0, 0x0000018f646536b8]
Event: 838.348 Thread 0x0000018f79859000 17106       3       org.gradle.tooling.internal.provider.runner.SubtreeFilteringBuildOperationListener::progress (1 bytes)
Event: 838.348 Thread 0x0000018f79859000 nmethod 17106 0x0000018f64653790 code [0x0000018f64653940, 0x0000018f64653a38]
Event: 838.348 Thread 0x0000018f79859000 17103       3       org.gradle.api.internal.tasks.PropertyFileCollection::visitChildren (11 bytes)
Event: 838.348 Thread 0x0000018f79859000 nmethod 17103 0x0000018f64653b10 code [0x0000018f64653cc0, 0x0000018f64653e88]
Event: 838.349 Thread 0x0000018f79859000 17108       3       java.lang.invoke.DirectMethodHandle$Holder::invokeStatic (26 bytes)
Event: 838.349 Thread 0x0000018f79859000 nmethod 17108 0x0000018f64653f90 code [0x0000018f64654160, 0x0000018f646546d8]
Event: 838.378 Thread 0x0000018f79859000 17112       3       org.gradle.api.internal.artifacts.transform.ConsumerVariantMatchResult$ConsumerVariant::<init> (20 bytes)
Event: 838.378 Thread 0x0000018f79859000 nmethod 17112 0x0000018f64654810 code [0x0000018f646549c0, 0x0000018f64654bd8]
Event: 838.378 Thread 0x0000018f79859000 17113       3       org.gradle.api.internal.artifacts.transform.MutableConsumerVariantMatchResult::asImmutable (65 bytes)
Event: 838.379 Thread 0x0000018f79859000 nmethod 17113 0x0000018f64654c90 code [0x0000018f64654f00, 0x0000018f646558f8]
Event: 838.379 Thread 0x0000018f79859000 17114       3       org.gradle.api.internal.artifacts.transform.SingleMatchConsumerVariantMatchResult::of (9 bytes)
Event: 838.379 Thread 0x0000018f79859000 nmethod 17114 0x0000018f64655c10 code [0x0000018f64655e00, 0x0000018f646562d8]
Event: 838.379 Thread 0x0000018f79859000 17115       1       org.gradle.api.internal.artifacts.transform.NoMatchConsumerVariantMatchResult::hasMatches (2 bytes)
Event: 838.379 Thread 0x0000018f79859000 nmethod 17115 0x0000018f69fc5f90 code [0x0000018f69fc6140, 0x0000018f69fc61f8]

GC Heap History (20 events):
Event: 837.831 GC heap after
{Heap after GC invocations=53 (full 0):
 garbage-first heap   total 131072K, used 100963K [0x0000000080000000, 0x0000000100000000)
  region size 1024K, 3 young (3072K), 3 survivors (3072K)
 Metaspace       used 107871K, capacity 110629K, committed 110848K, reserved 1144832K
  class space    used 13576K, capacity 14573K, committed 14592K, reserved 1048576K
}
Event: 837.891 GC heap before
{Heap before GC invocations=53 (full 0):
 garbage-first heap   total 131072K, used 112227K [0x0000000080000000, 0x0000000100000000)
  region size 1024K, 14 young (14336K), 3 survivors (3072K)
 Metaspace       used 107875K, capacity 110629K, committed 110848K, reserved 1144832K
  class space    used 13576K, capacity 14573K, committed 14592K, reserved 1048576K
}
Event: 837.894 GC heap after
{Heap after GC invocations=54 (full 0):
 garbage-first heap   total 131072K, used 103696K [0x0000000080000000, 0x0000000100000000)
  region size 1024K, 2 young (2048K), 2 survivors (2048K)
 Metaspace       used 107875K, capacity 110629K, committed 110848K, reserved 1144832K
  class space    used 13576K, capacity 14573K, committed 14592K, reserved 1048576K
}
Event: 837.911 GC heap before
{Heap before GC invocations=54 (full 0):
 garbage-first heap   total 131072K, used 111888K [0x0000000080000000, 0x0000000100000000)
  region size 1024K, 10 young (10240K), 2 survivors (2048K)
 Metaspace       used 107879K, capacity 110630K, committed 110848K, reserved 1144832K
  class space    used 13576K, capacity 14573K, committed 14592K, reserved 1048576K
}
Event: 837.915 GC heap after
{Heap after GC invocations=55 (full 0):
 garbage-first heap   total 131072K, used 106285K [0x0000000080000000, 0x0000000100000000)
  region size 1024K, 2 young (2048K), 2 survivors (2048K)
 Metaspace       used 107879K, capacity 110630K, committed 110848K, reserved 1144832K
  class space    used 13576K, capacity 14573K, committed 14592K, reserved 1048576K
}
Event: 837.942 GC heap before
{Heap before GC invocations=55 (full 0):
 garbage-first heap   total 131072K, used 112429K [0x0000000080000000, 0x0000000100000000)
  region size 1024K, 8 young (8192K), 2 survivors (2048K)
 Metaspace       used 107890K, capacity 110631K, committed 110848K, reserved 1144832K
  class space    used 13576K, capacity 14573K, committed 14592K, reserved 1048576K
}
Event: 837.945 GC heap after
{Heap after GC invocations=56 (full 0):
 garbage-first heap   total 131072K, used 108240K [0x0000000080000000, 0x0000000100000000)
  region size 1024K, 1 young (1024K), 1 survivors (1024K)
 Metaspace       used 107890K, capacity 110631K, committed 110848K, reserved 1144832K
  class space    used 13576K, capacity 14573K, committed 14592K, reserved 1048576K
}
Event: 837.971 GC heap before
{Heap before GC invocations=56 (full 0):
 garbage-first heap   total 131072K, used 113360K [0x0000000080000000, 0x0000000100000000)
  region size 1024K, 6 young (6144K), 1 survivors (1024K)
 Metaspace       used 107911K, capacity 110633K, committed 110848K, reserved 1144832K
  class space    used 13576K, capacity 14573K, committed 14592K, reserved 1048576K
}
Event: 837.973 GC heap after
{Heap after GC invocations=57 (full 0):
 garbage-first heap   total 131072K, used 109399K [0x0000000080000000, 0x0000000100000000)
  region size 1024K, 1 young (1024K), 1 survivors (1024K)
 Metaspace       used 107911K, capacity 110633K, committed 110848K, reserved 1144832K
  class space    used 13576K, capacity 14573K, committed 14592K, reserved 1048576K
}
Event: 838.014 GC heap before
{Heap before GC invocations=58 (full 0):
 garbage-first heap   total 131072K, used 114519K [0x0000000080000000, 0x0000000100000000)
  region size 1024K, 6 young (6144K), 1 survivors (1024K)
 Metaspace       used 107949K, capacity 110698K, committed 110848K, reserved 1144832K
  class space    used 13576K, capacity 14573K, committed 14592K, reserved 1048576K
}
Event: 838.015 GC heap after
{Heap after GC invocations=59 (full 0):
 garbage-first heap   total 131072K, used 109786K [0x0000000080000000, 0x0000000100000000)
  region size 1024K, 1 young (1024K), 1 survivors (1024K)
 Metaspace       used 107949K, capacity 110698K, committed 110848K, reserved 1144832K
  class space    used 13576K, capacity 14573K, committed 14592K, reserved 1048576K
}
Event: 838.052 GC heap before
{Heap before GC invocations=59 (full 0):
 garbage-first heap   total 131072K, used 114906K [0x0000000080000000, 0x0000000100000000)
  region size 1024K, 6 young (6144K), 1 survivors (1024K)
 Metaspace       used 107984K, capacity 110698K, committed 110848K, reserved 1144832K
  class space    used 13576K, capacity 14573K, committed 14592K, reserved 1048576K
}
Event: 838.054 GC heap after
{Heap after GC invocations=60 (full 0):
 garbage-first heap   total 131072K, used 97123K [0x0000000080000000, 0x0000000100000000)
  region size 1024K, 1 young (1024K), 1 survivors (1024K)
 Metaspace       used 107984K, capacity 110698K, committed 110848K, reserved 1144832K
  class space    used 13576K, capacity 14573K, committed 14592K, reserved 1048576K
}
Event: 838.088 GC heap before
{Heap before GC invocations=60 (full 0):
 garbage-first heap   total 131072K, used 102243K [0x0000000080000000, 0x0000000100000000)
  region size 1024K, 6 young (6144K), 1 survivors (1024K)
 Metaspace       used 108003K, capacity 110698K, committed 110848K, reserved 1144832K
  class space    used 13576K, capacity 14573K, committed 14592K, reserved 1048576K
}
Event: 838.093 GC heap after
{Heap after GC invocations=61 (full 0):
 garbage-first heap   total 131072K, used 87721K [0x0000000080000000, 0x0000000100000000)
  region size 1024K, 1 young (1024K), 1 survivors (1024K)
 Metaspace       used 108003K, capacity 110698K, committed 110848K, reserved 1144832K
  class space    used 13576K, capacity 14573K, committed 14592K, reserved 1048576K
}
Event: 838.127 GC heap before
{Heap before GC invocations=61 (full 0):
 garbage-first heap   total 131072K, used 92841K [0x0000000080000000, 0x0000000100000000)
  region size 1024K, 6 young (6144K), 1 survivors (1024K)
 Metaspace       used 108009K, capacity 110762K, committed 110848K, reserved 1144832K
  class space    used 13576K, capacity 14573K, committed 14592K, reserved 1048576K
}
Event: 838.130 GC heap after
{Heap after GC invocations=62 (full 0):
 garbage-first heap   total 131072K, used 88059K [0x0000000080000000, 0x0000000100000000)
  region size 1024K, 1 young (1024K), 1 survivors (1024K)
 Metaspace       used 108009K, capacity 110762K, committed 110848K, reserved 1144832K
  class space    used 13576K, capacity 14573K, committed 14592K, reserved 1048576K
}
Event: 838.341 GC heap before
{Heap before GC invocations=62 (full 0):
 garbage-first heap   total 131072K, used 100347K [0x0000000080000000, 0x0000000100000000)
  region size 1024K, 14 young (14336K), 1 survivors (1024K)
 Metaspace       used 108091K, capacity 110789K, committed 110848K, reserved 1144832K
  class space    used 13580K, capacity 14581K, committed 14592K, reserved 1048576K
}
Event: 838.343 GC heap after
{Heap after GC invocations=63 (full 0):
 garbage-first heap   total 131072K, used 88947K [0x0000000080000000, 0x0000000100000000)
  region size 1024K, 2 young (2048K), 2 survivors (2048K)
 Metaspace       used 108091K, capacity 110789K, committed 110848K, reserved 1144832K
  class space    used 13580K, capacity 14581K, committed 14592K, reserved 1048576K
}
Event: 838.380 GC heap before
{Heap before GC invocations=63 (full 0):
 garbage-first heap   total 131072K, used 102259K [0x0000000080000000, 0x0000000100000000)
  region size 1024K, 16 young (16384K), 2 survivors (2048K)
 Metaspace       used 108113K, capacity 110816K, committed 110848K, reserved 1144832K
  class space    used 13585K, capacity 14590K, committed 14592K, reserved 1048576K
}

Deoptimization events (20 events):
Event: 837.400 Thread 0x0000018f02225800 Uncommon trap: trap_request=0xffffffbe fr.pc=0x0000018f69a957ec relative=0x0000000000000bcc
Event: 837.400 Thread 0x0000018f02225800 Uncommon trap: reason=profile_predicate action=maybe_recompile pc=0x0000018f69a957ec method=com.google.common.collect.ImmutableSet.construct(I[Ljava/lang/Object;)Lcom/google/common/collect/ImmutableSet; @ 68 c2
Event: 837.400 Thread 0x0000018f02225800 DEOPT PACKING pc=0x0000018f69a957ec sp=0x0000002b917f9bd0
Event: 837.400 Thread 0x0000018f02225800 DEOPT UNPACKING pc=0x0000018f61a078af sp=0x0000002b917f9b60 mode 2
Event: 837.441 Thread 0x0000018f02225800 DEOPT PACKING pc=0x0000018f63e18330 sp=0x0000002b917f9d70
Event: 837.441 Thread 0x0000018f02225800 DEOPT UNPACKING pc=0x0000018f61a076ce sp=0x0000002b917f92b0 mode 0
Event: 837.442 Thread 0x0000018f02225800 DEOPT PACKING pc=0x0000018f63bac629 sp=0x0000002b917f9e80
Event: 837.442 Thread 0x0000018f02225800 DEOPT UNPACKING pc=0x0000018f61a076ce sp=0x0000002b917f9338 mode 0
Event: 837.442 Thread 0x0000018f02225800 DEOPT PACKING pc=0x0000018f63e18330 sp=0x0000002b917f9ca0
Event: 837.442 Thread 0x0000018f02225800 DEOPT UNPACKING pc=0x0000018f61a076ce sp=0x0000002b917f91e0 mode 0
Event: 837.442 Thread 0x0000018f02225800 DEOPT PACKING pc=0x0000018f63bac629 sp=0x0000002b917f9e80
Event: 837.442 Thread 0x0000018f02225800 DEOPT UNPACKING pc=0x0000018f61a076ce sp=0x0000002b917f9338 mode 0
Event: 837.605 Thread 0x0000018f02236800 DEOPT PACKING pc=0x0000018f69f1eff0 sp=0x0000002b932fbfb0
Event: 837.605 Thread 0x0000018f02236800 DEOPT UNPACKING pc=0x0000018f61a076ce sp=0x0000002b932fb370 mode 0
Event: 837.665 Thread 0x0000018f0223b000 Uncommon trap: trap_request=0xffffff4d fr.pc=0x0000018f69d140e8 relative=0x00000000000003a8
Event: 837.665 Thread 0x0000018f0223b000 Uncommon trap: reason=unstable_if action=reinterpret pc=0x0000018f69d140e8 method=java.util.concurrent.ConcurrentLinkedQueue.offer(Ljava/lang/Object;)Z @ 77 c2
Event: 837.665 Thread 0x0000018f0223b000 DEOPT PACKING pc=0x0000018f69d140e8 sp=0x0000002b939fdb90
Event: 837.665 Thread 0x0000018f0223b000 DEOPT UNPACKING pc=0x0000018f61a078af sp=0x0000002b939fdb28 mode 2
Event: 838.183 Thread 0x0000018f005c6800 DEOPT PACKING pc=0x0000018f62619f71 sp=0x0000002b9a5f9e10
Event: 838.183 Thread 0x0000018f005c6800 DEOPT UNPACKING pc=0x0000018f61a076ce sp=0x0000002b9a5f9308 mode 0

Classes redefined (0 events):
No events

Internal exceptions (20 events):
Event: 838.186 Thread 0x0000018f005c6800 Exception <a 'sun/nio/fs/WindowsException'{0x0000000087945fc0}> (0x0000000087945fc0) thrown at [./src/hotspot/share/prims/jni.cpp, line 615]
Event: 838.187 Thread 0x0000018f005c6800 Exception <a 'sun/nio/fs/WindowsException'{0x000000008794c120}> (0x000000008794c120) thrown at [./src/hotspot/share/prims/jni.cpp, line 615]
Event: 838.187 Thread 0x0000018f005c6800 Exception <a 'sun/nio/fs/WindowsException'{0x000000008794fd98}> (0x000000008794fd98) thrown at [./src/hotspot/share/prims/jni.cpp, line 615]
Event: 838.188 Thread 0x0000018f005c6800 Exception <a 'sun/nio/fs/WindowsException'{0x0000000087952980}> (0x0000000087952980) thrown at [./src/hotspot/share/prims/jni.cpp, line 615]
Event: 838.188 Thread 0x0000018f005c6800 Exception <a 'sun/nio/fs/WindowsException'{0x000000008795a380}> (0x000000008795a380) thrown at [./src/hotspot/share/prims/jni.cpp, line 615]
Event: 838.193 Thread 0x0000018f005c6800 Exception <a 'sun/nio/fs/WindowsException'{0x0000000087807980}> (0x0000000087807980) thrown at [./src/hotspot/share/prims/jni.cpp, line 615]
Event: 838.194 Thread 0x0000018f005c6800 Exception <a 'sun/nio/fs/WindowsException'{0x000000008780daa8}> (0x000000008780daa8) thrown at [./src/hotspot/share/prims/jni.cpp, line 615]
Event: 838.195 Thread 0x0000018f005c6800 Exception <a 'sun/nio/fs/WindowsException'{0x0000000087811660}> (0x0000000087811660) thrown at [./src/hotspot/share/prims/jni.cpp, line 615]
Event: 838.195 Thread 0x0000018f005c6800 Exception <a 'sun/nio/fs/WindowsException'{0x0000000087814238}> (0x0000000087814238) thrown at [./src/hotspot/share/prims/jni.cpp, line 615]
Event: 838.196 Thread 0x0000018f005c6800 Exception <a 'sun/nio/fs/WindowsException'{0x0000000087824318}> (0x0000000087824318) thrown at [./src/hotspot/share/prims/jni.cpp, line 615]
Event: 838.200 Thread 0x0000018f005c6800 Exception <a 'sun/nio/fs/WindowsException'{0x00000000878af580}> (0x00000000878af580) thrown at [./src/hotspot/share/prims/jni.cpp, line 615]
Event: 838.201 Thread 0x0000018f005c6800 Exception <a 'sun/nio/fs/WindowsException'{0x00000000878b5688}> (0x00000000878b5688) thrown at [./src/hotspot/share/prims/jni.cpp, line 615]
Event: 838.202 Thread 0x0000018f005c6800 Exception <a 'sun/nio/fs/WindowsException'{0x00000000878bb6a0}> (0x00000000878bb6a0) thrown at [./src/hotspot/share/prims/jni.cpp, line 615]
Event: 838.203 Thread 0x0000018f005c6800 Exception <a 'sun/nio/fs/WindowsException'{0x00000000878bf450}> (0x00000000878bf450) thrown at [./src/hotspot/share/prims/jni.cpp, line 615]
Event: 838.204 Thread 0x0000018f005c6800 Exception <a 'sun/nio/fs/WindowsException'{0x00000000878c2268}> (0x00000000878c2268) thrown at [./src/hotspot/share/prims/jni.cpp, line 615]
Event: 838.204 Thread 0x0000018f005c6800 Exception <a 'sun/nio/fs/WindowsException'{0x00000000878ca560}> (0x00000000878ca560) thrown at [./src/hotspot/share/prims/jni.cpp, line 615]
Event: 838.207 Thread 0x0000018f005c6800 Exception <a 'sun/nio/fs/WindowsException'{0x000000008778a4a8}> (0x000000008778a4a8) thrown at [./src/hotspot/share/prims/jni.cpp, line 615]
Event: 838.209 Thread 0x0000018f005c6800 Exception <a 'sun/nio/fs/WindowsException'{0x0000000087796f60}> (0x0000000087796f60) thrown at [./src/hotspot/share/prims/jni.cpp, line 615]
Event: 838.363 Thread 0x0000018f005c5800 Exception <a 'sun/nio/fs/WindowsException'{0x0000000087a3e468}> (0x0000000087a3e468) thrown at [./src/hotspot/share/prims/jni.cpp, line 615]
Event: 838.363 Thread 0x0000018f005c5800 Exception <a 'sun/nio/fs/WindowsException'{0x0000000087a3f570}> (0x0000000087a3f570) thrown at [./src/hotspot/share/prims/jni.cpp, line 615]

Events (20 events):
Event: 837.915 Executing VM operation: G1CollectForAllocation done
Event: 837.942 Executing VM operation: G1CollectForAllocation
Event: 837.945 Executing VM operation: G1CollectForAllocation done
Event: 837.971 Executing VM operation: G1CollectForAllocation
Event: 837.973 Executing VM operation: G1CollectForAllocation done
Event: 837.974 Executing VM operation: CGC_Operation
Event: 837.982 Executing VM operation: CGC_Operation done
Event: 838.007 Executing VM operation: CGC_Operation
Event: 838.008 Executing VM operation: CGC_Operation done
Event: 838.014 Executing VM operation: G1CollectForAllocation
Event: 838.015 Executing VM operation: G1CollectForAllocation done
Event: 838.052 Executing VM operation: G1CollectForAllocation
Event: 838.054 Executing VM operation: G1CollectForAllocation done
Event: 838.087 Executing VM operation: G1CollectForAllocation
Event: 838.093 Executing VM operation: G1CollectForAllocation done
Event: 838.127 Executing VM operation: G1CollectForAllocation
Event: 838.130 Executing VM operation: G1CollectForAllocation done
Event: 838.340 Executing VM operation: G1CollectForAllocation
Event: 838.343 Executing VM operation: G1CollectForAllocation done
Event: 838.380 Executing VM operation: G1CollectForAllocation


Dynamic libraries:
0x00007ff755be0000 - 0x00007ff755bea000 	D:\Android\Android Studio\jre\bin\java.exe
0x00007ffdbda00000 - 0x00007ffdbdc07000 	C:\WINDOWS\SYSTEM32\ntdll.dll
0x00007ffdbc450000 - 0x00007ffdbc50d000 	C:\WINDOWS\System32\KERNEL32.DLL
0x00007ffdbaee0000 - 0x00007ffdbb254000 	C:\WINDOWS\System32\KERNELBASE.dll
0x00007ffdbb2d0000 - 0x00007ffdbb3e1000 	C:\WINDOWS\System32\ucrtbase.dll
0x00007ffdb7490000 - 0x00007ffdb74a7000 	D:\Android\Android Studio\jre\bin\VCRUNTIME140.dll
0x00007ffdb74b0000 - 0x00007ffdb74c9000 	D:\Android\Android Studio\jre\bin\jli.dll
0x00007ffdbd2c0000 - 0x00007ffdbd46c000 	C:\WINDOWS\System32\USER32.dll
0x00007ffdbb6f0000 - 0x00007ffdbb716000 	C:\WINDOWS\System32\win32u.dll
0x00007ffdbd1a0000 - 0x00007ffdbd1c9000 	C:\WINDOWS\System32\GDI32.dll
0x00007ffdbb5d0000 - 0x00007ffdbb6e2000 	C:\WINDOWS\System32\gdi32full.dll
0x00007ffdbb470000 - 0x00007ffdbb50d000 	C:\WINDOWS\System32\msvcp_win.dll
0x00007ffda9b90000 - 0x00007ffda9e35000 	C:\WINDOWS\WinSxS\amd64_microsoft.windows.common-controls_6595b64144ccf1df_6.0.22000.120_none_9d947278b86cc467\COMCTL32.dll
0x00007ffdbd0f0000 - 0x00007ffdbd193000 	C:\WINDOWS\System32\msvcrt.dll
0x00007ffdbbb70000 - 0x00007ffdbbba1000 	C:\WINDOWS\System32\IMM32.DLL
0x00007ffdb73f0000 - 0x00007ffdb748d000 	D:\Android\Android Studio\jre\bin\msvcp140.dll
0x00007ffd68a70000 - 0x00007ffd6953f000 	D:\Android\Android Studio\jre\bin\server\jvm.dll
0x00007ffdbbc10000 - 0x00007ffdbbcbc000 	C:\WINDOWS\System32\ADVAPI32.dll
0x00007ffdbd630000 - 0x00007ffdbd6cd000 	C:\WINDOWS\System32\sechost.dll
0x00007ffdbbce0000 - 0x00007ffdbbe01000 	C:\WINDOWS\System32\RPCRT4.dll
0x00007ffdbc3a0000 - 0x00007ffdbc3a8000 	C:\WINDOWS\System32\PSAPI.DLL
0x00007ffdb5480000 - 0x00007ffdb54b3000 	C:\WINDOWS\SYSTEM32\WINMM.dll
0x00007ffdb3620000 - 0x00007ffdb362a000 	C:\WINDOWS\SYSTEM32\VERSION.dll
0x00007ffda7620000 - 0x00007ffda7629000 	C:\WINDOWS\SYSTEM32\WSOCK32.dll
0x00007ffdbbb00000 - 0x00007ffdbbb6f000 	C:\WINDOWS\System32\WS2_32.dll
0x00007ffdba010000 - 0x00007ffdba028000 	C:\WINDOWS\SYSTEM32\kernel.appcore.dll
0x00007ffdb5460000 - 0x00007ffdb5471000 	D:\Android\Android Studio\jre\bin\verify.dll
0x00007ffdb8660000 - 0x00007ffdb8881000 	C:\WINDOWS\SYSTEM32\DBGHELP.DLL
0x00007ffda6840000 - 0x00007ffda6871000 	C:\WINDOWS\SYSTEM32\dbgcore.DLL
0x00007ffdbb3f0000 - 0x00007ffdbb470000 	C:\WINDOWS\System32\bcryptPrimitives.dll
0x00007ffd8add0000 - 0x00007ffd8adf9000 	D:\Android\Android Studio\jre\bin\java.dll
0x00007ffd9b340000 - 0x00007ffd9b34b000 	D:\Android\Android Studio\jre\bin\jimage.dll
0x00007ffd98d90000 - 0x00007ffd98da8000 	D:\Android\Android Studio\jre\bin\zip.dll
0x00007ffdbc890000 - 0x00007ffdbd039000 	C:\WINDOWS\System32\SHELL32.dll
0x00007ffdb9090000 - 0x00007ffdb98f2000 	C:\WINDOWS\SYSTEM32\windows.storage.dll
0x00007ffdbc510000 - 0x00007ffdbc888000 	C:\WINDOWS\System32\combase.dll
0x00007ffdb8f20000 - 0x00007ffdb9086000 	C:\WINDOWS\SYSTEM32\wintypes.dll
0x00007ffdbd1d0000 - 0x00007ffdbd2ba000 	C:\WINDOWS\System32\SHCORE.dll
0x00007ffdbd5c0000 - 0x00007ffdbd61d000 	C:\WINDOWS\System32\shlwapi.dll
0x00007ffdbae10000 - 0x00007ffdbae31000 	C:\WINDOWS\SYSTEM32\profapi.dll
0x00007ffd8adb0000 - 0x00007ffd8adca000 	D:\Android\Android Studio\jre\bin\net.dll
0x00007ffdb5060000 - 0x00007ffdb516c000 	C:\WINDOWS\SYSTEM32\WINHTTP.dll
0x00007ffdba420000 - 0x00007ffdba487000 	C:\WINDOWS\system32\mswsock.dll
0x00007ffd8a5b0000 - 0x00007ffd8a5c4000 	D:\Android\Android Studio\jre\bin\nio.dll
0x00007ffd66740000 - 0x00007ffd66767000 	D:\GoogleDownload\gradle-6.7.1-all\gradle-6.7.1\native\fdc75f09e3144964f2cf3f50f0aa648679c211496f362492102eb8c894070792\windows-amd64\native-platform.dll
0x00007ffd55650000 - 0x00007ffd557e6000 	D:\GoogleDownload\gradle-6.7.1-all\gradle-6.7.1\native\12488b8bf47d2d4c9fbf2f6322a914ad602e24e48041cd04a747c6da556b65c4\windows-amd64\native-platform-file-events.dll
0x00007ffd9a380000 - 0x00007ffd9a38a000 	D:\Android\Android Studio\jre\bin\management.dll
0x00007ffd98bc0000 - 0x00007ffd98bcc000 	D:\Android\Android Studio\jre\bin\management_ext.dll
0x00007ffdba670000 - 0x00007ffdba688000 	C:\WINDOWS\SYSTEM32\CRYPTSP.dll
0x00007ffdb9f70000 - 0x00007ffdb9fa5000 	C:\WINDOWS\system32\rsaenh.dll
0x00007ffdba510000 - 0x00007ffdba539000 	C:\WINDOWS\SYSTEM32\USERENV.dll
0x00007ffdba850000 - 0x00007ffdba877000 	C:\WINDOWS\SYSTEM32\bcrypt.dll
0x00007ffdba660000 - 0x00007ffdba66c000 	C:\WINDOWS\SYSTEM32\CRYPTBASE.dll
0x00007ffdb9b50000 - 0x00007ffdb9b7d000 	C:\WINDOWS\SYSTEM32\IPHLPAPI.DLL
0x00007ffdbc440000 - 0x00007ffdbc449000 	C:\WINDOWS\System32\NSI.dll
0x00007ffdb5320000 - 0x00007ffdb5339000 	C:\WINDOWS\SYSTEM32\dhcpcsvc6.DLL
0x00007ffdb5440000 - 0x00007ffdb545e000 	C:\WINDOWS\SYSTEM32\dhcpcsvc.DLL
0x00007ffdb9bc0000 - 0x00007ffdb9ca7000 	C:\WINDOWS\SYSTEM32\DNSAPI.dll
0x00007ffdb5310000 - 0x00007ffdb531c000 	C:\WINDOWS\SYSTEM32\WINNSI.DLL
0x00007ffd8e570000 - 0x00007ffd8e597000 	D:\Android\Android Studio\jre\bin\sunec.dll

dbghelp: loaded successfully - version: 4.0.5 - missing functions: none
symbol engine: initialized successfully - sym options: 0x614 - pdb path: .;D:\Android\Android Studio\jre\bin;C:\WINDOWS\SYSTEM32;C:\WINDOWS\WinSxS\amd64_microsoft.windows.common-controls_6595b64144ccf1df_6.0.22000.120_none_9d947278b86cc467;D:\Android\Android Studio\jre\bin\server;D:\GoogleDownload\gradle-6.7.1-all\gradle-6.7.1\native\fdc75f09e3144964f2cf3f50f0aa648679c211496f362492102eb8c894070792\windows-amd64;D:\GoogleDownload\gradle-6.7.1-all\gradle-6.7.1\native\12488b8bf47d2d4c9fbf2f6322a914ad602e24e48041cd04a747c6da556b65c4\windows-amd64

VM Arguments:
jvm_args: --add-opens=java.base/java.util=ALL-UNNAMED --add-opens=java.base/java.lang=ALL-UNNAMED --add-opens=java.base/java.lang.invoke=ALL-UNNAMED --add-opens=java.prefs/java.util.prefs=ALL-UNNAMED -Xmx2048m -Dfile.encoding=UTF-8 -Duser.country=CN -Duser.language=zh -Duser.variant 
java_command: org.gradle.launcher.daemon.bootstrap.GradleDaemon 6.7.1
java_class_path (initial): D:\GoogleDownload\gradle-6.7.1-all\gradle-6.7.1\wrapper\dists\gradle-6.7.1-bin\bwlcbys1h7rz3272sye1xwiv6\gradle-6.7.1\lib\gradle-launcher-6.7.1.jar
Launcher Type: SUN_STANDARD

[Global flags]
     intx CICompilerCount                          = 4                                         {product} {ergonomic}
     uint ConcGCThreads                            = 3                                         {product} {ergonomic}
     uint G1ConcRefinementThreads                  = 10                                        {product} {ergonomic}
   size_t G1HeapRegionSize                         = 1048576                                   {product} {ergonomic}
    uintx GCDrainStackTargetSize                   = 64                                        {product} {ergonomic}
   size_t InitialHeapSize                          = 132120576                                 {product} {ergonomic}
   size_t MarkStackSize                            = 4194304                                   {product} {ergonomic}
   size_t MaxHeapSize                              = 2147483648                                {product} {command line}
   size_t MaxNewSize                               = 1287651328                                {product} {ergonomic}
   size_t MinHeapDeltaBytes                        = 1048576                                   {product} {ergonomic}
    uintx NonNMethodCodeHeapSize                   = 5836300                                {pd product} {ergonomic}
    uintx NonProfiledCodeHeapSize                  = 122910970                              {pd product} {ergonomic}
    uintx ProfiledCodeHeapSize                     = 122910970                              {pd product} {ergonomic}
    uintx ReservedCodeCacheSize                    = 251658240                              {pd product} {ergonomic}
     bool SegmentedCodeCache                       = true                                      {product} {ergonomic}
     bool UseCompressedClassPointers               = true                                 {lp64_product} {ergonomic}
     bool UseCompressedOops                        = true                                 {lp64_product} {ergonomic}
     bool UseG1GC                                  = true                                      {product} {ergonomic}
     bool UseLargePagesIndividualAllocation        = false                                  {pd product} {ergonomic}

Logging:
Log output configuration:
 #0: stdout all=warning uptime,level,tags
 #1: stderr all=off uptime,level,tags

Environment Variables:
JAVA_HOME=C:\Program Files\Java\jdk-17
PATH=D:\Anaconda3;D:\Anaconda3\Library\mingw-w64\bin;D:\Anaconda3\Library\usr\bin;D:\Anaconda3\Library\bin;D:\Anaconda3\Scripts;C:\Program Files\Common Files\Oracle\Java\javapath;C:\WINDOWS\system32;C:\WINDOWS;C:\WINDOWS\System32\Wbem;C:\WINDOWS\System32\WindowsPowerShell\v1.0\;C:\WINDOWS\System32\OpenSSH\;C:\Users\Fuyiyu\AppData\Local\Microsoft\WindowsApps;D:\Bandizip\;D:\AndroidSdk\platform-tools;D:\AndroidSdk\tools;D:\AndroidSdk\ndk\23.0.7599858;C:\Program Files\Java\jdk-17\bin;D:\GoogleDownload\gradle-6.7.1-all\gradle-6.7.1\bin;
USERNAME=Fuyiyu
OS=Windows_NT
PROCESSOR_IDENTIFIER=Intel64 Family 6 Model 165 Stepping 3, GenuineIntel



---------------  S Y S T E M  ---------------

OS: Windows 10 , 64 bit Build 22000 (10.0.22000.120)
OS uptime: 0 days 1:05 hours

CPU:total 12 (initial active 12) (6 cores per cpu, 2 threads per core) family 6 model 165 stepping 3 microcode 0xe0, cmov, cx8, fxsr, mmx, sse, sse2, sse3, ssse3, sse4.1, sse4.2, popcnt, avx, avx2, aes, clmul, erms, 3dnowpref, lzcnt, ht, tsc, tscinvbit, bmi1, bmi2, adx, fma

Memory: 4k page, system-wide physical 7973M (1364M free)
TotalPageFile size 12069M (AvailPageFile size 38M)
current process WorkingSet (physical memory assigned to process): 376M, peak: 379M
current process commit charge ("private bytes"): 498M, peak: 576M

vm_info: OpenJDK 64-Bit Server VM (11.0.10+0-b96-7249189) for windows-amd64 JRE (11.0.10+0-b96-7249189), built on Mar 31 2021 21:44:00 by "builder" with MS VC++ 14.0 (VS2015)

END.
